****** Imports completed *******
args index = 4   -   tauE = 2.5
Load route from /afs/inf.ed.ac.uk/user/s15/s1556895/MSc/CX_Path_Integration/notebooks/data/route.npz
/afs/inf.ed.ac.uk/user/s15/s1556895/MSc/CX_Path_Integration/notebooks/data/route.npz exists - not overwriting it
TL2_neuron_params {'EL': [-52. * mvolt], 'Vm': [-52. * mvolt], 'EE': [0. * volt], 'EI': [-80. * mvolt], 'gL': [1. * usiemens], 'gE': '(randn() * 1.5 + 4) * 10.*nS', 'gI': '(randn() * 12 + 20) * 10.*nS', 'tauE': [0.5 * msecond], 'tauI': [2. * msecond]}
CL1_neuron_params {'EL': [-52. * mvolt], 'Vm': [-52. * mvolt], 'EE': [0. * volt], 'EI': [-80. * mvolt], 'gL': [1. * usiemens], 'gE': '(randn() * 1.5 + 4) * 10.*nS', 'gI': '(randn() * 12 + 20) * 10.*nS', 'tauE': [1.5 * msecond], 'tauI': [2. * msecond]}
TB1_neuron_params {'EL': [-52. * mvolt], 'Vm': [-52. * mvolt], 'EE': [0. * volt], 'EI': [-80. * mvolt], 'gL': [1. * usiemens], 'gE': '(randn() * 1.5 + 4) * 10.*nS', 'gI': '(randn() * 12 + 20) * 10.*nS', 'tauE': [0.5 * msecond], 'tauI': [0.5 * msecond]}
TN2_neuron_params {'EL': [-52. * mvolt], 'Vm': [-52. * mvolt], 'EE': [0. * volt], 'EI': [-80. * mvolt], 'gL': [1. * usiemens], 'gE': '(randn() * 1.5 + 4) * 10.*nS', 'gI': '(randn() * 12 + 20) * 10.*nS', 'tauE': [3.5 * msecond], 'tauI': [2. * msecond]}
H_TL2_synapses_params {'wE': [0.9 * usiemens], 'wI': [200. * nsiemens]}
TL2_CL1_synapses_params {'wE': [0.45 * usiemens], 'wI': [200. * nsiemens]}
CL1_TB1_synapses_params {'wE': [0.55 * usiemens], 'wI': [200. * nsiemens]}
TB1_TB1_synapses_params {'wE': [0.7 * usiemens], 'wI': [0.55 * usiemens]}
F_TN2_synapses_params {'wE': [250. * nsiemens], 'wI': [200. * nsiemens]}
taueE: 2.5 - tauI 0.5
wE: 300 - wI 400
Gamma factor: 1.5078528780757634 - 23.162480844533874
taueE: 2.5 - tauI 0.5
wE: 300 - wI 500
Gamma factor: 1.4961087998894764 - 20.970100064955382
taueE: 2.5 - tauI 0.5
wE: 300 - wI 600
Gamma factor: 1.4983484090532144 - 17.555895406025375
taueE: 2.5 - tauI 0.5
wE: 300 - wI 700
Gamma factor: 1.4565115684893974 - 13.59943905353257
taueE: 2.5 - tauI 0.5
wE: 300 - wI 800
Gamma factor: 1.499190631013589 - 9.017666460865609
taueE: 2.5 - tauI 0.5
wE: 300 - wI 900
Gamma factor: 1.3996335706923588 - 5.653978890825364
taueE: 2.5 - tauI 1
wE: 300 - wI 400
Gamma factor: 1.4879604245271163 - 11.379003142862015
taueE: 2.5 - tauI 1
wE: 300 - wI 500
Gamma factor: 1.4873078555233845 - 6.443697287062975
taueE: 2.5 - tauI 1
wE: 300 - wI 600
Gamma factor: 1.5302241336497162 - 5.459484357180745
taueE: 2.5 - tauI 1
wE: 300 - wI 700
Gamma factor: 1.4476320589052842 - 4.997463545206985
taueE: 2.5 - tauI 1
wE: 300 - wI 800
Gamma factor: 1.406798780098421 - 5.055304662427142
taueE: 2.5 - tauI 1
wE: 300 - wI 900
Gamma factor: 1.4935420386547673 - 5.2656274724547565
taueE: 2.5 - tauI 1.5
wE: 300 - wI 400
Gamma factor: 1.4258242611617882 - 5.994976724842543
taueE: 2.5 - tauI 1.5
wE: 300 - wI 500
Gamma factor: 1.4795601104152567 - 5.212964256460523
taueE: 2.5 - tauI 1.5
wE: 300 - wI 600
Gamma factor: 1.4974892973357739 - 5.150205204002306
taueE: 2.5 - tauI 1.5
wE: 300 - wI 700
Gamma factor: 1.4819043436699466 - 4.958276246864035
taueE: 2.5 - tauI 1.5
wE: 300 - wI 800
Gamma factor: 1.485271717202294 - 5.183278889519418
taueE: 2.5 - tauI 1.5
wE: 300 - wI 900
Gamma factor: 1.3676361979605824 - 4.693397210302576
taueE: 2.5 - tauI 2
wE: 300 - wI 400
Gamma factor: 1.4295990505934544 - 5.414686409601826
taueE: 2.5 - tauI 2
wE: 300 - wI 500
Gamma factor: 1.4848234299054242 - 4.931088819333262
taueE: 2.5 - tauI 2
wE: 300 - wI 600
Gamma factor: 1.4842258875051713 - 4.919937275979928
taueE: 2.5 - tauI 2
wE: 300 - wI 700
Gamma factor: 1.4379275488382248 - 5.107470312692202
taueE: 2.5 - tauI 2
wE: 300 - wI 800
Gamma factor: 1.4612998482174477 - 5.1536122262548485
taueE: 2.5 - tauI 2
wE: 300 - wI 900
Gamma factor: 1.4349069602501947 - 5.051466138298905
taueE: 2.5 - tauI 2.5
wE: 300 - wI 400
Gamma factor: 1.4729785797554857 - 5.420453588842761
taueE: 2.5 - tauI 2.5
wE: 300 - wI 500
Gamma factor: 1.4412447891400242 - 5.439620992196826
taueE: 2.5 - tauI 2.5
wE: 300 - wI 600
Gamma factor: 1.501662930498253 - 5.242505344212144
taueE: 2.5 - tauI 2.5
wE: 300 - wI 700
Gamma factor: 1.4112437304388017 - 5.1579610282895665
taueE: 2.5 - tauI 2.5
wE: 300 - wI 800
Gamma factor: 1.3789497564326765 - 5.159514234019882
taueE: 2.5 - tauI 2.5
wE: 300 - wI 900
Gamma factor: 1.4394046004020882 - 5.232885759287788
taueE: 2.5 - tauI 0.5
wE: 400 - wI 400
Gamma factor: 3.1091841296954748 - 55.00159584172636
taueE: 2.5 - tauI 0.5
wE: 400 - wI 500
Gamma factor: 2.981250123017732 - 49.236676150376596
taueE: 2.5 - tauI 0.5
wE: 400 - wI 600
Gamma factor: 3.1332173942334 - 44.647591340866065
taueE: 2.5 - tauI 0.5
wE: 400 - wI 700
Gamma factor: 2.8445311154845028 - 36.51038853027032
taueE: 2.5 - tauI 0.5
wE: 400 - wI 800
Gamma factor: 2.99682077502508 - 28.25356066640733
taueE: 2.5 - tauI 0.5
wE: 400 - wI 900
Gamma factor: 3.0815815656214633 - 20.984464539687465
taueE: 2.5 - tauI 1
wE: 400 - wI 400
Gamma factor: 2.749997888159519 - 32.914467223328415
taueE: 2.5 - tauI 1
wE: 400 - wI 500
Gamma factor: 2.969561102202308 - 20.71837503565387
taueE: 2.5 - tauI 1
wE: 400 - wI 600
Gamma factor: 2.9934673987019695 - 14.843491023621453
taueE: 2.5 - tauI 1
wE: 400 - wI 700
Gamma factor: 2.990839408828199 - 12.190872774954853
taueE: 2.5 - tauI 1
wE: 400 - wI 800
Gamma factor: 2.951754665578071 - 11.962631042659392
taueE: 2.5 - tauI 1
wE: 400 - wI 900
Gamma factor: 2.8715427286055064 - 11.555221218722028
taueE: 2.5 - tauI 1.5
wE: 400 - wI 400
Gamma factor: 3.0076847182657875 - 21.545731490224007
taueE: 2.5 - tauI 1.5
wE: 400 - wI 500
Gamma factor: 2.977763448740675 - 13.961439498220965
taueE: 2.5 - tauI 1.5
wE: 400 - wI 600
Gamma factor: 2.824269222058982 - 11.923494211453722
taueE: 2.5 - tauI 1.5
wE: 400 - wI 700
Gamma factor: 2.8446816723757857 - 11.407404374571376
taueE: 2.5 - tauI 1.5
wE: 400 - wI 800
Gamma factor: 2.850184777813036 - 11.42819872936358
taueE: 2.5 - tauI 1.5
wE: 400 - wI 900
Gamma factor: 2.7867294544788344 - 11.640459658663573
taueE: 2.5 - tauI 2
wE: 400 - wI 400
Gamma factor: 2.8680561152353787 - 16.435414443532032
taueE: 2.5 - tauI 2
wE: 400 - wI 500
Gamma factor: 2.8483104051374877 - 13.024146492585075
taueE: 2.5 - tauI 2
wE: 400 - wI 600
Gamma factor: 2.940195675157283 - 11.860640710982214
taueE: 2.5 - tauI 2
wE: 400 - wI 700
Gamma factor: 2.9398496916971633 - 11.901736402563348
taueE: 2.5 - tauI 2
wE: 400 - wI 800
Gamma factor: 2.8468332500059206 - 11.717460187467282
taueE: 2.5 - tauI 2
wE: 400 - wI 900
Gamma factor: 2.6510787057352854 - 11.248433473000084
taueE: 2.5 - tauI 2.5
wE: 400 - wI 400
Gamma factor: 2.8940449575104474 - 15.241508106114221
taueE: 2.5 - tauI 2.5
wE: 400 - wI 500
Gamma factor: 3.0117051767967835 - 12.73420050048237
taueE: 2.5 - tauI 2.5
wE: 400 - wI 600
Gamma factor: 2.907838443454492 - 11.230020557900708
taueE: 2.5 - tauI 2.5
wE: 400 - wI 700
Gamma factor: 2.9619579052473033 - 11.522073799278726
taueE: 2.5 - tauI 2.5
wE: 400 - wI 800
Gamma factor: 2.872177704051134 - 11.848092215733505
taueE: 2.5 - tauI 2.5
wE: 400 - wI 900
Gamma factor: 2.715690239375948 - 11.384370516964037
taueE: 2.5 - tauI 0.5
wE: 500 - wI 400
Gamma factor: 4.524744316504795 - 80.6522425197511
taueE: 2.5 - tauI 0.5
wE: 500 - wI 500
Gamma factor: 4.835367141747281 - 78.86775082728916
taueE: 2.5 - tauI 0.5
wE: 500 - wI 600
Gamma factor: 4.611658158183029 - 67.5481299761779
taueE: 2.5 - tauI 0.5
wE: 500 - wI 700
Gamma factor: 4.732567198753507 - 60.1747548468785
taueE: 2.5 - tauI 0.5
wE: 500 - wI 800
Gamma factor: 4.935214249286451 - 55.83520459590605
taueE: 2.5 - tauI 0.5
wE: 500 - wI 900
Gamma factor: 4.2700247384658265 - 38.859189397453235
taueE: 2.5 - tauI 1
wE: 500 - wI 400
Gamma factor: 4.451837224154676 - 56.65187228974366
taueE: 2.5 - tauI 1
wE: 500 - wI 500
Gamma factor: 4.446099315705524 - 40.77626771623101
taueE: 2.5 - tauI 1
wE: 500 - wI 600
Gamma factor: 4.647942918009117 - 27.915432041535063
taueE: 2.5 - tauI 1
wE: 500 - wI 700
Gamma factor: 4.471737337479279 - 19.95236211764371
taueE: 2.5 - tauI 1
wE: 500 - wI 800
Gamma factor: 4.69761975700232 - 17.90139939660023
taueE: 2.5 - tauI 1
wE: 500 - wI 900
Gamma factor: 4.750543425683633 - 16.389007868020624
taueE: 2.5 - tauI 1.5
wE: 500 - wI 400
Gamma factor: 4.5771010035452875 - 37.68153790067505
taueE: 2.5 - tauI 1.5
wE: 500 - wI 500
Gamma factor: 4.545688313021883 - 27.228560823719736
taueE: 2.5 - tauI 1.5
wE: 500 - wI 600
Gamma factor: 4.483320455250325 - 19.783439168481422
taueE: 2.5 - tauI 1.5
wE: 500 - wI 700
Gamma factor: 4.36254431115149 - 17.972191915246967
taueE: 2.5 - tauI 1.5
wE: 500 - wI 800
Gamma factor: 4.495868556034563 - 17.41064815679087
taueE: 2.5 - tauI 1.5
wE: 500 - wI 900
Gamma factor: 4.522775929239097 - 16.05348545881597
taueE: 2.5 - tauI 2
wE: 500 - wI 400
Gamma factor: 4.4824833669337325 - 29.47107335814344
taueE: 2.5 - tauI 2
wE: 500 - wI 500
Gamma factor: 4.600996093676276 - 23.75353310224817
taueE: 2.5 - tauI 2
wE: 500 - wI 600
Gamma factor: 4.446508494221896 - 18.881734755910536
taueE: 2.5 - tauI 2
wE: 500 - wI 700
Gamma factor: 4.339824514027674 - 16.930681984201016
taueE: 2.5 - tauI 2
wE: 500 - wI 800
Gamma factor: 4.616604376755032 - 15.726947089812036
taueE: 2.5 - tauI 2
wE: 500 - wI 900
Gamma factor: 4.568656313808917 - 15.479470907572043
taueE: 2.5 - tauI 2.5
wE: 500 - wI 400
Gamma factor: 4.473192837755109 - 26.11912700316389
taueE: 2.5 - tauI 2.5
wE: 500 - wI 500
Gamma factor: 4.332927142480493 - 21.41694278391207
taueE: 2.5 - tauI 2.5
wE: 500 - wI 600
Gamma factor: 4.389543697235558 - 18.4779662617681
taueE: 2.5 - tauI 2.5
wE: 500 - wI 700
Gamma factor: 4.278064055109326 - 15.966382462972678
taueE: 2.5 - tauI 2.5
wE: 500 - wI 800
Gamma factor: 4.280634333815485 - 16.06756024731177
taueE: 2.5 - tauI 2.5
wE: 500 - wI 900
Gamma factor: 4.366023144289325 - 15.654934756002834
taueE: 2.5 - tauI 0.5
wE: 600 - wI 400
Gamma factor: 5.898813890956398 - 94.49488718782425
taueE: 2.5 - tauI 0.5
wE: 600 - wI 500
Gamma factor: 6.1235321455266245 - 88.30552213945339
taueE: 2.5 - tauI 0.5
wE: 600 - wI 600
Gamma factor: 6.208006623857708 - 83.80873028649154
taueE: 2.5 - tauI 0.5
wE: 600 - wI 700
Gamma factor: 6.096210740441224 - 76.70196072886759
taueE: 2.5 - tauI 0.5
wE: 600 - wI 800
Gamma factor: 5.846426052680659 - 66.53468999342213
taueE: 2.5 - tauI 0.5
wE: 600 - wI 900
Gamma factor: 5.468576699462212 - 54.898322982416104
taueE: 2.5 - tauI 1
wE: 600 - wI 400
Gamma factor: 6.078715559158972 - 71.55029375928203
taueE: 2.5 - tauI 1
wE: 600 - wI 500
Gamma factor: 5.953851555778111 - 61.898939834698126
taueE: 2.5 - tauI 1
wE: 600 - wI 600
Gamma factor: 5.6702571538946565 - 43.35028454478439
taueE: 2.5 - tauI 1
wE: 600 - wI 700
Gamma factor: 5.976399004038379 - 33.90068607173244
taueE: 2.5 - tauI 1
wE: 600 - wI 800
Gamma factor: 5.691372077464454 - 25.7113751751699
taueE: 2.5 - tauI 1
wE: 600 - wI 900
Gamma factor: 5.653646654939074 - 23.44601714207641
taueE: 2.5 - tauI 1.5
wE: 600 - wI 400
Gamma factor: 5.987572398789983 - 54.80787314066366
taueE: 2.5 - tauI 1.5
wE: 600 - wI 500
Gamma factor: 6.13497181312089 - 38.438859164211905
taueE: 2.5 - tauI 1.5
wE: 600 - wI 600
Gamma factor: 5.921495815432368 - 30.81907386885473
taueE: 2.5 - tauI 1.5
wE: 600 - wI 700
Gamma factor: 5.824766251748149 - 25.647964297744732
taueE: 2.5 - tauI 1.5
wE: 600 - wI 800
Gamma factor: 5.628644949751884 - 22.800905134521184
taueE: 2.5 - tauI 1.5
wE: 600 - wI 900
Gamma factor: 5.618615201416349 - 20.900927298856523
taueE: 2.5 - tauI 2
wE: 600 - wI 400
Gamma factor: 5.670821712728698 - 43.759720597892894
taueE: 2.5 - tauI 2
wE: 600 - wI 500
Gamma factor: 5.498680453390143 - 32.335817909317505
taueE: 2.5 - tauI 2
wE: 600 - wI 600
Gamma factor: 5.449114776566936 - 28.971955091253804
taueE: 2.5 - tauI 2
wE: 600 - wI 700
Gamma factor: 5.648442236418622 - 23.605434581673244
taueE: 2.5 - tauI 2
wE: 600 - wI 800
Gamma factor: 5.776319714716392 - 22.531514218826388
taueE: 2.5 - tauI 2
wE: 600 - wI 900
Gamma factor: 5.744860257021041 - 22.141260714957546
taueE: 2.5 - tauI 2.5
wE: 600 - wI 400
Gamma factor: 5.914897352609103 - 40.7373642382805
taueE: 2.5 - tauI 2.5
wE: 600 - wI 500
Gamma factor: 5.7420628661461945 - 32.98754939942428
taueE: 2.5 - tauI 2.5
wE: 600 - wI 600
Gamma factor: 5.832443753716863 - 27.304974978513506
taueE: 2.5 - tauI 2.5
wE: 600 - wI 700
Gamma factor: 5.7483055163301255 - 23.631035623786673
taueE: 2.5 - tauI 2.5
wE: 600 - wI 800
Gamma factor: 5.70979546330477 - 22.42244047624383
taueE: 2.5 - tauI 2.5
wE: 600 - wI 900
Gamma factor: 5.854779788128473 - 22.30835409776103
taueE: 2.5 - tauI 0.5
wE: 700 - wI 400
Gamma factor: 7.7801161907969 - 110.92506908684639
taueE: 2.5 - tauI 0.5
wE: 700 - wI 500
Gamma factor: 7.569853982556053 - 104.58713408046033
taueE: 2.5 - tauI 0.5
wE: 700 - wI 600
Gamma factor: 7.251403301567878 - 94.6228195195302
taueE: 2.5 - tauI 0.5
wE: 700 - wI 700
Gamma factor: 7.593287233884347 - 91.414433324135
taueE: 2.5 - tauI 0.5
wE: 700 - wI 800
Gamma factor: 7.420023807485797 - 86.37445979319125
taueE: 2.5 - tauI 0.5
wE: 700 - wI 900
Gamma factor: 7.625956172252211 - 78.23513194473045
taueE: 2.5 - tauI 1
wE: 700 - wI 400
Gamma factor: 7.751598157142437 - 90.93411539329387
taueE: 2.5 - tauI 1
wE: 700 - wI 500
Gamma factor: 7.634203833057517 - 77.69151129952735
taueE: 2.5 - tauI 1
wE: 700 - wI 600
Gamma factor: 7.253813185124612 - 58.61598650824807
taueE: 2.5 - tauI 1
wE: 700 - wI 700
Gamma factor: 7.643230285174277 - 46.04013489010248
taueE: 2.5 - tauI 1
wE: 700 - wI 800
Gamma factor: 7.567355918745069 - 35.07822221531616
taueE: 2.5 - tauI 1
wE: 700 - wI 900
Gamma factor: 7.0918594044895125 - 27.145977945558514
taueE: 2.5 - tauI 1.5
wE: 700 - wI 400
Gamma factor: 7.616631466540927 - 70.7766565433412
taueE: 2.5 - tauI 1.5
wE: 700 - wI 500
Gamma factor: 7.278394557989385 - 52.83866320840004
taueE: 2.5 - tauI 1.5
wE: 700 - wI 600
Gamma factor: 7.501298853146288 - 40.349432658218305
taueE: 2.5 - tauI 1.5
wE: 700 - wI 700
Gamma factor: 7.602828851115554 - 32.69060539081177
taueE: 2.5 - tauI 1.5
wE: 700 - wI 800
Gamma factor: 7.325872109399512 - 27.08941698536787
taueE: 2.5 - tauI 1.5
wE: 700 - wI 900
Gamma factor: 7.760270443793054 - 27.23625108294744
taueE: 2.5 - tauI 2
wE: 700 - wI 400
Gamma factor: 8.095171776560985 - 60.785237363022404
taueE: 2.5 - tauI 2
wE: 700 - wI 500
Gamma factor: 7.483301971684208 - 45.823592236902854
taueE: 2.5 - tauI 2
wE: 700 - wI 600
Gamma factor: 7.448536642710119 - 35.02994396296891
taueE: 2.5 - tauI 2
wE: 700 - wI 700
Gamma factor: 7.061427303136015 - 30.798986453100646
taueE: 2.5 - tauI 2
wE: 700 - wI 800
Gamma factor: 7.341203219856954 - 27.448455927043454
taueE: 2.5 - tauI 2
wE: 700 - wI 900
Gamma factor: 6.942420530194936 - 26.51377736067971
taueE: 2.5 - tauI 2.5
wE: 700 - wI 400
Gamma factor: 7.795765873590796 - 51.4196354739605
taueE: 2.5 - tauI 2.5
wE: 700 - wI 500
Gamma factor: 7.35480550269474 - 43.06604638109688
taueE: 2.5 - tauI 2.5
wE: 700 - wI 600
Gamma factor: 7.394203315041759 - 33.21882675611791
taueE: 2.5 - tauI 2.5
wE: 700 - wI 700
Gamma factor: 7.515403618414833 - 31.20506683172627
taueE: 2.5 - tauI 2.5
wE: 700 - wI 800
Gamma factor: 7.348818008728361 - 28.764704964320018
taueE: 2.5 - tauI 2.5
wE: 700 - wI 900
Gamma factor: 7.205523140227056 - 27.84994126626085
taueE: 2.5 - tauI 0.5
wE: 800 - wI 400
Gamma factor: 8.753448222640465 - 116.60585407581576
taueE: 2.5 - tauI 0.5
wE: 800 - wI 500
Gamma factor: 9.02971262456171 - 115.97106122483822
taueE: 2.5 - tauI 0.5
wE: 800 - wI 600
Gamma factor: 9.193525805314742 - 111.7563337603054
taueE: 2.5 - tauI 0.5
wE: 800 - wI 700
Gamma factor: 9.040452712941121 - 102.95513580278586
taueE: 2.5 - tauI 0.5
wE: 800 - wI 800
Gamma factor: 8.91848729231484 - 92.4609142447703
taueE: 2.5 - tauI 0.5
wE: 800 - wI 900
Gamma factor: 8.908716585007092 - 89.60121603019573
taueE: 2.5 - tauI 1
wE: 800 - wI 400
Gamma factor: 9.010554182849965 - 93.65506664674146
taueE: 2.5 - tauI 1
wE: 800 - wI 500
Gamma factor: 8.675394138276626 - 82.54904381775873
taueE: 2.5 - tauI 1
wE: 800 - wI 600
Gamma factor: 8.672099782892342 - 72.81701725481295
taueE: 2.5 - tauI 1
wE: 800 - wI 700
Gamma factor: 9.057851011632401 - 59.91069777635582
taueE: 2.5 - tauI 1
wE: 800 - wI 800
Gamma factor: 8.922279204236055 - 49.1444791763129
taueE: 2.5 - tauI 1
wE: 800 - wI 900
Gamma factor: 8.735979372033274 - 41.793439116878375
taueE: 2.5 - tauI 1.5
wE: 800 - wI 400
Gamma factor: 9.200559055649151 - 80.5373512223892
taueE: 2.5 - tauI 1.5
wE: 800 - wI 500
Gamma factor: 9.110490608247206 - 66.45936035986985
taueE: 2.5 - tauI 1.5
wE: 800 - wI 600
Gamma factor: 9.083103655669355 - 54.356993320780774
taueE: 2.5 - tauI 1.5
wE: 800 - wI 700
Gamma factor: 9.037086438860397 - 48.29853520608876
taueE: 2.5 - tauI 1.5
wE: 800 - wI 800
Gamma factor: 8.52772154650671 - 36.5029049703609
taueE: 2.5 - tauI 1.5
wE: 800 - wI 900
Gamma factor: 8.722934644611225 - 33.901491453367846
taueE: 2.5 - tauI 2
wE: 800 - wI 400
Gamma factor: 9.18995063796016 - 69.46576318312427
taueE: 2.5 - tauI 2
wE: 800 - wI 500
Gamma factor: 9.04391307690475 - 57.02265688139249
taueE: 2.5 - tauI 2
wE: 800 - wI 600
Gamma factor: 8.974463510942975 - 47.13623020348366
taueE: 2.5 - tauI 2
wE: 800 - wI 700
Gamma factor: 8.851417351561697 - 40.62603634762475
taueE: 2.5 - tauI 2
wE: 800 - wI 800
Gamma factor: 8.80019403808524 - 35.337393324451824
taueE: 2.5 - tauI 2
wE: 800 - wI 900
Gamma factor: 8.83304003261381 - 33.36946414704293
taueE: 2.5 - tauI 2.5
wE: 800 - wI 400
Gamma factor: 8.681024399001398 - 60.92050973911379
taueE: 2.5 - tauI 2.5
wE: 800 - wI 500
Gamma factor: 9.001869048085933 - 51.818644660979864
taueE: 2.5 - tauI 2.5
wE: 800 - wI 600
Gamma factor: 8.89932633155658 - 43.670955604721236
taueE: 2.5 - tauI 2.5
wE: 800 - wI 700
Gamma factor: 8.783984257368896 - 37.088811577287416
taueE: 2.5 - tauI 2.5
wE: 800 - wI 800
Gamma factor: 8.740396783219722 - 33.44037861324703
taueE: 2.5 - tauI 2.5
wE: 800 - wI 900
Gamma factor: 9.050239393801295 - 31.5295329631239
Final Candidate
[0 0 0 0] 0.0
0.5 300 0.5 400
***********  DONE  ***********
