****** Imports completed *******
args index = 0   -   tauE = 0.5
Load route from /afs/inf.ed.ac.uk/user/s15/s1556895/MSc/CX_Path_Integration/notebooks/data/route.npz
/afs/inf.ed.ac.uk/user/s15/s1556895/MSc/CX_Path_Integration/notebooks/data/route.npz exists - not overwriting it
TL2_neuron_params {'EL': [-52. * mvolt], 'Vm': [-52. * mvolt], 'EE': [0. * volt], 'EI': [-80. * mvolt], 'gL': [1. * usiemens], 'gE': '(randn() * 1.5 + 4) * 10.*nS', 'gI': '(randn() * 12 + 20) * 10.*nS', 'tauE': [0.5 * msecond], 'tauI': [2. * msecond]}
CL1_neuron_params {'EL': [-52. * mvolt], 'Vm': [-52. * mvolt], 'EE': [0. * volt], 'EI': [-80. * mvolt], 'gL': [1. * usiemens], 'gE': '(randn() * 1.5 + 4) * 10.*nS', 'gI': '(randn() * 12 + 20) * 10.*nS', 'tauE': [1.5 * msecond], 'tauI': [2. * msecond]}
TB1_neuron_params {'EL': [-52. * mvolt], 'Vm': [-52. * mvolt], 'EE': [0. * volt], 'EI': [-80. * mvolt], 'gL': [1. * usiemens], 'gE': '(randn() * 1.5 + 4) * 10.*nS', 'gI': '(randn() * 12 + 20) * 10.*nS', 'tauE': [0.5 * msecond], 'tauI': [0.5 * msecond]}
TN2_neuron_params {'EL': [-52. * mvolt], 'Vm': [-52. * mvolt], 'EE': [0. * volt], 'EI': [-80. * mvolt], 'gL': [1. * usiemens], 'gE': '(randn() * 1.5 + 4) * 10.*nS', 'gI': '(randn() * 12 + 20) * 10.*nS', 'tauE': [3.5 * msecond], 'tauI': [2. * msecond]}
H_TL2_synapses_params {'wE': [0.9 * usiemens], 'wI': [200. * nsiemens]}
TL2_CL1_synapses_params {'wE': [0.45 * usiemens], 'wI': [200. * nsiemens]}
CL1_TB1_synapses_params {'wE': [0.55 * usiemens], 'wI': [200. * nsiemens]}
TB1_TB1_synapses_params {'wE': [0.7 * usiemens], 'wI': [0.55 * usiemens]}
F_TN2_synapses_params {'wE': [250. * nsiemens], 'wI': [200. * nsiemens]}
taueE: 0.5 - tauI 0.5
wE: 300 - wI 400
Gamma factor: 3.147473680465203 - 3.1980513719632504
taueE: 0.5 - tauI 0.5
wE: 300 - wI 500
Gamma factor: 3.1517487743655517 - 3.2040409258539526
taueE: 0.5 - tauI 0.5
wE: 300 - wI 600
Gamma factor: 3.1418020369891106 - 3.200065793172686
taueE: 0.5 - tauI 0.5
wE: 300 - wI 700
Gamma factor: 3.153075008908728 - 3.200180530189024
taueE: 0.5 - tauI 0.5
wE: 300 - wI 800
Gamma factor: 3.147282193256698 - 3.1997333143972284
taueE: 0.5 - tauI 0.5
wE: 300 - wI 900
Gamma factor: 3.149776416871634 - 3.2041798317878847
taueE: 0.5 - tauI 1
wE: 300 - wI 400
Gamma factor: 3.1564857543268436 - 3.1996500170235143
taueE: 0.5 - tauI 1
wE: 300 - wI 500
Gamma factor: 3.1460712531891866 - 3.2014531866825484
taueE: 0.5 - tauI 1
wE: 300 - wI 600
Gamma factor: 3.149440561188171 - 3.1986778544126593
taueE: 0.5 - tauI 1
wE: 300 - wI 700
Gamma factor: 3.1554169945337485 - 3.2009324077879597
taueE: 0.5 - tauI 1
wE: 300 - wI 800
Gamma factor: 3.152070225226343 - 3.199803981117174
taueE: 0.5 - tauI 1
wE: 300 - wI 900
Gamma factor: 3.1516740432312527 - 3.2042181787183956
taueE: 0.5 - tauI 1.5
wE: 300 - wI 400
Gamma factor: 3.148444597514418 - 3.199979034640601
taueE: 0.5 - tauI 1.5
wE: 300 - wI 500
Gamma factor: 3.1556377991988063 - 3.196262215230357
taueE: 0.5 - tauI 1.5
wE: 300 - wI 600
Gamma factor: 3.1571292203770245 - 3.2006586114666273
taueE: 0.5 - tauI 1.5
wE: 300 - wI 700
Gamma factor: 3.1517041211102694 - 3.1987008726260417
taueE: 0.5 - tauI 1.5
wE: 300 - wI 800
Gamma factor: 3.157575295355923 - 3.201257178463493
taueE: 0.5 - tauI 1.5
wE: 300 - wI 900
Gamma factor: 3.1518590241566975 - 3.199402457733026
taueE: 0.5 - tauI 2
wE: 300 - wI 400
Gamma factor: 3.1560292342576344 - 3.201290195423304
taueE: 0.5 - tauI 2
wE: 300 - wI 500
Gamma factor: 3.151669821608416 - 3.200662220538084
taueE: 0.5 - tauI 2
wE: 300 - wI 600
Gamma factor: 3.156553079275616 - 3.198581159091944
taueE: 0.5 - tauI 2
wE: 300 - wI 700
Gamma factor: 3.1542493662402498 - 3.1979591126336375
taueE: 0.5 - tauI 2
wE: 300 - wI 800
Gamma factor: 3.1502987216519074 - 3.1925827038473136
taueE: 0.5 - tauI 2
wE: 300 - wI 900
Gamma factor: 3.1516996296824265 - 3.198063771780559
taueE: 0.5 - tauI 2.5
wE: 300 - wI 400
Gamma factor: 3.153341859119286 - 3.198524487315371
taueE: 0.5 - tauI 2.5
wE: 300 - wI 500
Gamma factor: 3.153440230188189 - 3.1993338316262427
taueE: 0.5 - tauI 2.5
wE: 300 - wI 600
Gamma factor: 3.1559309246226803 - 3.2034454823199434
taueE: 0.5 - tauI 2.5
wE: 300 - wI 700
Gamma factor: 3.1529595631224145 - 3.1978235586978743
taueE: 0.5 - tauI 2.5
wE: 300 - wI 800
Gamma factor: 3.15303291524268 - 3.1967917704538245
taueE: 0.5 - tauI 2.5
wE: 300 - wI 900
Gamma factor: 3.15574781326791 - 3.199530925722251
taueE: 0.5 - tauI 0.5
wE: 400 - wI 400
Gamma factor: 2.990990016515433 - 3.1984020024121875
taueE: 0.5 - tauI 0.5
wE: 400 - wI 500
Gamma factor: 3.005205331887394 - 3.194483585737216
taueE: 0.5 - tauI 0.5
wE: 400 - wI 600
Gamma factor: 2.9939360981790637 - 3.2003561378470953
taueE: 0.5 - tauI 0.5
wE: 400 - wI 700
Gamma factor: 3.0279645701146247 - 3.196712978605416
taueE: 0.5 - tauI 0.5
wE: 400 - wI 800
Gamma factor: 3.012673553980739 - 3.1980402900528153
taueE: 0.5 - tauI 0.5
wE: 400 - wI 900
Gamma factor: 2.9970244113375033 - 3.1984961261565656
taueE: 0.5 - tauI 1
wE: 400 - wI 400
Gamma factor: 3.020987990491534 - 3.1963192832709297
taueE: 0.5 - tauI 1
wE: 400 - wI 500
Gamma factor: 3.0148648339875415 - 3.197251145499553
taueE: 0.5 - tauI 1
wE: 400 - wI 600
Gamma factor: 3.020172856807957 - 3.2014997188013634
taueE: 0.5 - tauI 1
wE: 400 - wI 700
Gamma factor: 3.0166537206957544 - 3.196947847054532
taueE: 0.5 - tauI 1
wE: 400 - wI 800
Gamma factor: 3.0192518326155797 - 3.1957179449719666
taueE: 0.5 - tauI 1
wE: 400 - wI 900
Gamma factor: 3.01657615155432 - 3.198262362052401
taueE: 0.5 - tauI 1.5
wE: 400 - wI 400
Gamma factor: 3.0083859572139398 - 3.1984898388474354
taueE: 0.5 - tauI 1.5
wE: 400 - wI 500
Gamma factor: 3.027525222382639 - 3.198893099086905
taueE: 0.5 - tauI 1.5
wE: 400 - wI 600
Gamma factor: 3.0186844912859754 - 3.1958383950908233
taueE: 0.5 - tauI 1.5
wE: 400 - wI 700
Gamma factor: 2.995088136123397 - 3.192748547030426
taueE: 0.5 - tauI 1.5
wE: 400 - wI 800
Gamma factor: 2.9953826526504326 - 3.2005381975023752
taueE: 0.5 - tauI 1.5
wE: 400 - wI 900
Gamma factor: 3.0115295276854823 - 3.1978776434398717
taueE: 0.5 - tauI 2
wE: 400 - wI 400
Gamma factor: 3.027880030190568 - 3.198007931000813
taueE: 0.5 - tauI 2
wE: 400 - wI 500
Gamma factor: 3.0059319380292404 - 3.194207748389986
taueE: 0.5 - tauI 2
wE: 400 - wI 600
Gamma factor: 3.010438714570844 - 3.196280492390753
taueE: 0.5 - tauI 2
wE: 400 - wI 700
Gamma factor: 3.0208240976802694 - 3.1977038986682595
taueE: 0.5 - tauI 2
wE: 400 - wI 800
Gamma factor: 2.993765474786861 - 3.2022210900219186
taueE: 0.5 - tauI 2
wE: 400 - wI 900
Gamma factor: 3.0212263759334883 - 3.1984307332284505
taueE: 0.5 - tauI 2.5
wE: 400 - wI 400
Gamma factor: 3.02038998293093 - 3.198004419726197
taueE: 0.5 - tauI 2.5
wE: 400 - wI 500
Gamma factor: 3.0130785910481794 - 3.194763217835178
taueE: 0.5 - tauI 2.5
wE: 400 - wI 600
Gamma factor: 3.006939720476389 - 3.190169716653549
taueE: 0.5 - tauI 2.5
wE: 400 - wI 700
Gamma factor: 3.0138279489874584 - 3.1939499885585927
taueE: 0.5 - tauI 2.5
wE: 400 - wI 800
Gamma factor: 3.0274745493773674 - 3.1963368404711936
taueE: 0.5 - tauI 2.5
wE: 400 - wI 900
Gamma factor: 3.005854476437544 - 3.1941566223750573
taueE: 0.5 - tauI 0.5
wE: 500 - wI 400
Gamma factor: 2.767000407068423 - 3.1171836243586175
taueE: 0.5 - tauI 0.5
wE: 500 - wI 500
Gamma factor: 2.7734236469809046 - 3.110675233718827
taueE: 0.5 - tauI 0.5
wE: 500 - wI 600
Gamma factor: 2.786190086032647 - 3.122086607772317
taueE: 0.5 - tauI 0.5
wE: 500 - wI 700
Gamma factor: 2.7722716825682037 - 3.1179871753542616
taueE: 0.5 - tauI 0.5
wE: 500 - wI 800
Gamma factor: 2.804782421355011 - 3.1401235407708095
taueE: 0.5 - tauI 0.5
wE: 500 - wI 900
Gamma factor: 2.7870431028226306 - 3.1165107938568783
taueE: 0.5 - tauI 1
wE: 500 - wI 400
Gamma factor: 2.78400369403209 - 3.1259591316443505
taueE: 0.5 - tauI 1
wE: 500 - wI 500
Gamma factor: 2.8038919018694863 - 3.129143250889216
taueE: 0.5 - tauI 1
wE: 500 - wI 600
Gamma factor: 2.795353783458082 - 3.1421147666440286
taueE: 0.5 - tauI 1
wE: 500 - wI 700
Gamma factor: 2.790791667512994 - 3.1385184684331335
taueE: 0.5 - tauI 1
wE: 500 - wI 800
Gamma factor: 2.780717427419977 - 3.108641492890226
taueE: 0.5 - tauI 1
wE: 500 - wI 900
Gamma factor: 2.806561913754733 - 3.119931339693497
taueE: 0.5 - tauI 1.5
wE: 500 - wI 400
Gamma factor: 2.794226640019331 - 3.1326309126035854
taueE: 0.5 - tauI 1.5
wE: 500 - wI 500
Gamma factor: 2.801331336545698 - 3.1283642541756937
taueE: 0.5 - tauI 1.5
wE: 500 - wI 600
Gamma factor: 2.7817627129170592 - 3.127651593453285
taueE: 0.5 - tauI 1.5
wE: 500 - wI 700
Gamma factor: 2.810983706669293 - 3.1405350755989483
taueE: 0.5 - tauI 1.5
wE: 500 - wI 800
Gamma factor: 2.8186443476758343 - 3.143366791787125
taueE: 0.5 - tauI 1.5
wE: 500 - wI 900
Gamma factor: 2.8051107815303338 - 3.127375190684588
taueE: 0.5 - tauI 2
wE: 500 - wI 400
Gamma factor: 2.789202250482228 - 3.136713595567163
taueE: 0.5 - tauI 2
wE: 500 - wI 500
Gamma factor: 2.8031643827433017 - 3.1369140797323474
taueE: 0.5 - tauI 2
wE: 500 - wI 600
Gamma factor: 2.7793624958879954 - 3.1386319362441295
taueE: 0.5 - tauI 2
wE: 500 - wI 700
Gamma factor: 2.7783770500439386 - 3.1258091827351033
taueE: 0.5 - tauI 2
wE: 500 - wI 800
Gamma factor: 2.8256590342034023 - 3.1527895764868066
taueE: 0.5 - tauI 2
wE: 500 - wI 900
Gamma factor: 2.7683187006814514 - 3.129715732582346
taueE: 0.5 - tauI 2.5
wE: 500 - wI 400
Gamma factor: 2.78964107909644 - 3.1342170187377
taueE: 0.5 - tauI 2.5
wE: 500 - wI 500
Gamma factor: 2.80091175399259 - 3.1424458359235885
taueE: 0.5 - tauI 2.5
wE: 500 - wI 600
Gamma factor: 2.8043356863744435 - 3.1353997426308213
taueE: 0.5 - tauI 2.5
wE: 500 - wI 700
Gamma factor: 2.779162839594079 - 3.1385960602512055
taueE: 0.5 - tauI 2.5
wE: 500 - wI 800
Gamma factor: 2.8130499404585736 - 3.136391283494281
taueE: 0.5 - tauI 2.5
wE: 500 - wI 900
Gamma factor: 2.8237704113587223 - 3.1388136340249875
taueE: 0.5 - tauI 0.5
wE: 600 - wI 400
Gamma factor: 2.2588734573265032 - 2.5007411224741793
taueE: 0.5 - tauI 0.5
wE: 600 - wI 500
Gamma factor: 2.2990529090036924 - 2.625474637841682
taueE: 0.5 - tauI 0.5
wE: 600 - wI 600
Gamma factor: 2.3244678752759196 - 2.6617414769607475
taueE: 0.5 - tauI 0.5
wE: 600 - wI 700
Gamma factor: 2.2692613424182397 - 2.6284483072102756
taueE: 0.5 - tauI 0.5
wE: 600 - wI 800
Gamma factor: 2.3375022810999218 - 2.6759727743967003
taueE: 0.5 - tauI 0.5
wE: 600 - wI 900
Gamma factor: 2.303414877125375 - 2.655863049028351
taueE: 0.5 - tauI 1
wE: 600 - wI 400
Gamma factor: 2.3229255472801524 - 2.654712891188054
taueE: 0.5 - tauI 1
wE: 600 - wI 500
Gamma factor: 2.2784767492034224 - 2.6463183046361634
taueE: 0.5 - tauI 1
wE: 600 - wI 600
Gamma factor: 2.2730643025627244 - 2.6600591646159364
taueE: 0.5 - tauI 1
wE: 600 - wI 700
Gamma factor: 2.310034636213885 - 2.6664817920720925
taueE: 0.5 - tauI 1
wE: 600 - wI 800
Gamma factor: 2.303238765861485 - 2.675525903700092
taueE: 0.5 - tauI 1
wE: 600 - wI 900
Gamma factor: 2.3197393916472437 - 2.6971415565034627
taueE: 0.5 - tauI 1.5
wE: 600 - wI 400
Gamma factor: 2.3287085992713443 - 2.7097884725329298
taueE: 0.5 - tauI 1.5
wE: 600 - wI 500
Gamma factor: 2.3114528038067874 - 2.675175026784932
taueE: 0.5 - tauI 1.5
wE: 600 - wI 600
Gamma factor: 2.291298005053214 - 2.6695174221937785
taueE: 0.5 - tauI 1.5
wE: 600 - wI 700
Gamma factor: 2.2971120395771347 - 2.7228683381162284
taueE: 0.5 - tauI 1.5
wE: 600 - wI 800
Gamma factor: 2.357886878267788 - 2.718900648531363
taueE: 0.5 - tauI 1.5
wE: 600 - wI 900
Gamma factor: 2.3805461441538154 - 2.7191638194204453
taueE: 0.5 - tauI 2
wE: 600 - wI 400
Gamma factor: 2.3222101728806006 - 2.683661008448932
taueE: 0.5 - tauI 2
wE: 600 - wI 500
Gamma factor: 2.2942108615750927 - 2.686979462847452
taueE: 0.5 - tauI 2
wE: 600 - wI 600
Gamma factor: 2.266563137063425 - 2.6317052146951943
taueE: 0.5 - tauI 2
wE: 600 - wI 700
Gamma factor: 2.318324110779116 - 2.6874719107134464
taueE: 0.5 - tauI 2
wE: 600 - wI 800
Gamma factor: 2.318084757502671 - 2.70295181367595
taueE: 0.5 - tauI 2
wE: 600 - wI 900
Gamma factor: 2.299239860079747 - 2.6693839179406513
taueE: 0.5 - tauI 2.5
wE: 600 - wI 400
Gamma factor: 2.304927808950023 - 2.7166386480693507
taueE: 0.5 - tauI 2.5
wE: 600 - wI 500
Gamma factor: 2.320389497213031 - 2.712120233759326
taueE: 0.5 - tauI 2.5
wE: 600 - wI 600
Gamma factor: 2.31675326005234 - 2.6901394890563894
taueE: 0.5 - tauI 2.5
wE: 600 - wI 700
Gamma factor: 2.333457491024835 - 2.7255756143084335
taueE: 0.5 - tauI 2.5
wE: 600 - wI 800
Gamma factor: 2.2976308313016007 - 2.6914354293532923
taueE: 0.5 - tauI 2.5
wE: 600 - wI 900
Gamma factor: 2.361582518686479 - 2.737882659522212
taueE: 0.5 - tauI 0.5
wE: 700 - wI 400
Gamma factor: 2.0516692618667256 - 1.4283355469810117
taueE: 0.5 - tauI 0.5
wE: 700 - wI 500
Gamma factor: 2.07631910981537 - 1.6469728821027818
taueE: 0.5 - tauI 0.5
wE: 700 - wI 600
Gamma factor: 2.050543491247293 - 1.7816630152071298
taueE: 0.5 - tauI 0.5
wE: 700 - wI 700
Gamma factor: 2.023990859861617 - 1.8908968503104528
taueE: 0.5 - tauI 0.5
wE: 700 - wI 800
Gamma factor: 2.0062556799863867 - 1.896590822763466
taueE: 0.5 - tauI 0.5
wE: 700 - wI 900
Gamma factor: 2.0536022143179293 - 1.97000176453904
taueE: 0.5 - tauI 1
wE: 700 - wI 400
Gamma factor: 2.0554232990291155 - 1.9442907003827505
taueE: 0.5 - tauI 1
wE: 700 - wI 500
Gamma factor: 2.0744131937362784 - 2.02773696784976
taueE: 0.5 - tauI 1
wE: 700 - wI 600
Gamma factor: 2.047394249744494 - 2.031797542144335
taueE: 0.5 - tauI 1
wE: 700 - wI 700
Gamma factor: 2.0765139437256384 - 2.0729369760533007
taueE: 0.5 - tauI 1
wE: 700 - wI 800
Gamma factor: 2.055312197078038 - 2.0543708890349723
taueE: 0.5 - tauI 1
wE: 700 - wI 900
Gamma factor: 2.0400062602962326 - 1.9978281304203294
taueE: 0.5 - tauI 1.5
wE: 700 - wI 400
Gamma factor: 2.0624394900147824 - 1.998421576283787
taueE: 0.5 - tauI 1.5
wE: 700 - wI 500
Gamma factor: 2.080024206566545 - 2.046151196096782
taueE: 0.5 - tauI 1.5
wE: 700 - wI 600
Gamma factor: 2.0752129751007216 - 2.0446673524074686
taueE: 0.5 - tauI 1.5
wE: 700 - wI 700
Gamma factor: 2.1146152000229472 - 2.1160483077845362
taueE: 0.5 - tauI 1.5
wE: 700 - wI 800
Gamma factor: 2.1327524615484843 - 2.1376575027710856
taueE: 0.5 - tauI 1.5
wE: 700 - wI 900
Gamma factor: 2.149914605601004 - 2.1544114174842144
taueE: 0.5 - tauI 2
wE: 700 - wI 400
Gamma factor: 2.077189697302524 - 2.097629985835911
taueE: 0.5 - tauI 2
wE: 700 - wI 500
Gamma factor: 2.0182037145331195 - 2.0370728581482402
taueE: 0.5 - tauI 2
wE: 700 - wI 600
Gamma factor: 2.110883831579365 - 2.0941792288688097
taueE: 0.5 - tauI 2
wE: 700 - wI 700
Gamma factor: 2.106438148408781 - 2.0998915959690514
taueE: 0.5 - tauI 2
wE: 700 - wI 800
Gamma factor: 2.1486828432384706 - 2.084530041317098
taueE: 0.5 - tauI 2
wE: 700 - wI 900
Gamma factor: 2.053341868749772 - 1.9825118592822264
taueE: 0.5 - tauI 2.5
wE: 700 - wI 400
Gamma factor: 2.0846977612814483 - 2.0752158066239286
taueE: 0.5 - tauI 2.5
wE: 700 - wI 500
Gamma factor: 2.1375532793816965 - 2.122800601186909
taueE: 0.5 - tauI 2.5
wE: 700 - wI 600
Gamma factor: 2.10074136332251 - 2.100750313618425
taueE: 0.5 - tauI 2.5
wE: 700 - wI 700
Gamma factor: 2.0867180473431164 - 2.0657655471576657
taueE: 0.5 - tauI 2.5
wE: 700 - wI 800
Gamma factor: 2.0822630401921938 - 2.073298804479166
taueE: 0.5 - tauI 2.5
wE: 700 - wI 900
Gamma factor: 2.141550753283945 - 2.135872686349666
taueE: 0.5 - tauI 0.5
wE: 800 - wI 400
Gamma factor: 1.9611904596325997 - 1.5535685992553065
taueE: 0.5 - tauI 0.5
wE: 800 - wI 500
Gamma factor: 1.9460485861291668 - 1.3927987717310177
taueE: 0.5 - tauI 0.5
wE: 800 - wI 600
Gamma factor: 1.9761057006514706 - 1.1551896791255007
taueE: 0.5 - tauI 0.5
wE: 800 - wI 700
Gamma factor: 1.8872789574850533 - 1.299376794078002
taueE: 0.5 - tauI 0.5
wE: 800 - wI 800
Gamma factor: 1.8464609386047728 - 1.4120199401397238
taueE: 0.5 - tauI 0.5
wE: 800 - wI 900
Gamma factor: 1.8602211855389887 - 1.5017843829415534
taueE: 0.5 - tauI 1
wE: 800 - wI 400
Gamma factor: 1.9146592879042186 - 1.3599793623055096
taueE: 0.5 - tauI 1
wE: 800 - wI 500
Gamma factor: 1.9113843769395529 - 1.4745666907151844
taueE: 0.5 - tauI 1
wE: 800 - wI 600
Gamma factor: 1.9296964560944927 - 1.6205341127615494
taueE: 0.5 - tauI 1
wE: 800 - wI 700
Gamma factor: 1.9047849701079258 - 1.5861079356149816
taueE: 0.5 - tauI 1
wE: 800 - wI 800
Gamma factor: 1.930523324029899 - 1.646749851252767
taueE: 0.5 - tauI 1
wE: 800 - wI 900
Gamma factor: 1.9258428299403076 - 1.6127889519567518
taueE: 0.5 - tauI 1.5
wE: 800 - wI 400
Gamma factor: 1.921880351138289 - 1.528402298133618
taueE: 0.5 - tauI 1.5
wE: 800 - wI 500
Gamma factor: 1.9021975065533145 - 1.5410083306843858
taueE: 0.5 - tauI 1.5
wE: 800 - wI 600
Gamma factor: 1.9074241745676108 - 1.5995957947818729
taueE: 0.5 - tauI 1.5
wE: 800 - wI 700
Gamma factor: 1.98024303117993 - 1.75809574537332
taueE: 0.5 - tauI 1.5
wE: 800 - wI 800
Gamma factor: 1.9425610859365352 - 1.6694825616628002
taueE: 0.5 - tauI 1.5
wE: 800 - wI 900
Gamma factor: 1.9069875249851327 - 1.702949034598973
taueE: 0.5 - tauI 2
wE: 800 - wI 400
Gamma factor: 1.8862438266123094 - 1.5431483131283592
taueE: 0.5 - tauI 2
wE: 800 - wI 500
Gamma factor: 1.9151712332718742 - 1.6347114219957881
taueE: 0.5 - tauI 2
wE: 800 - wI 600
Gamma factor: 1.9588283456793858 - 1.6977946320911979
taueE: 0.5 - tauI 2
wE: 800 - wI 700
Gamma factor: 1.9257931133206414 - 1.6320468059464606
taueE: 0.5 - tauI 2
wE: 800 - wI 800
Gamma factor: 1.9772006900633738 - 1.7568501133160974
taueE: 0.5 - tauI 2
wE: 800 - wI 900
Gamma factor: 1.9838492066642461 - 1.732124844195707
taueE: 0.5 - tauI 2.5
wE: 800 - wI 400
Gamma factor: 1.9359487261681116 - 1.6206050713161255
taueE: 0.5 - tauI 2.5
wE: 800 - wI 500
Gamma factor: 1.939080347311436 - 1.6983757113060722
taueE: 0.5 - tauI 2.5
wE: 800 - wI 600
Gamma factor: 1.93926252302183 - 1.703534663570748
taueE: 0.5 - tauI 2.5
wE: 800 - wI 700
Gamma factor: 1.9974187125629883 - 1.7861200882098496
taueE: 0.5 - tauI 2.5
wE: 800 - wI 800
Gamma factor: 1.9631975079508464 - 1.7503001074757765
taueE: 0.5 - tauI 2.5
wE: 800 - wI 900
Gamma factor: 1.922367096987538 - 1.7027183925678286
Final Candidate
[1 0 0 0] 0.0
1 300 0.5 400
***********  DONE  ***********
