****** Imports completed *******
args index = 2   -   tauE = 1.5
Load route from /afs/inf.ed.ac.uk/user/s15/s1556895/MSc/CX_Path_Integration/notebooks/data/route.npz
/afs/inf.ed.ac.uk/user/s15/s1556895/MSc/CX_Path_Integration/notebooks/data/route.npz exists - not overwriting it
TL2_neuron_params {'EL': [-52. * mvolt], 'Vm': [-52. * mvolt], 'EE': [0. * volt], 'EI': [-80. * mvolt], 'gL': [1. * usiemens], 'gE': '(randn() * 1.5 + 4) * 10.*nS', 'gI': '(randn() * 12 + 20) * 10.*nS', 'tauE': [0.5 * msecond], 'tauI': [2. * msecond]}
CL1_neuron_params {'EL': [-52. * mvolt], 'Vm': [-52. * mvolt], 'EE': [0. * volt], 'EI': [-80. * mvolt], 'gL': [1. * usiemens], 'gE': '(randn() * 1.5 + 4) * 10.*nS', 'gI': '(randn() * 12 + 20) * 10.*nS', 'tauE': [1.5 * msecond], 'tauI': [2. * msecond]}
TB1_neuron_params {'EL': [-52. * mvolt], 'Vm': [-52. * mvolt], 'EE': [0. * volt], 'EI': [-80. * mvolt], 'gL': [1. * usiemens], 'gE': '(randn() * 1.5 + 4) * 10.*nS', 'gI': '(randn() * 12 + 20) * 10.*nS', 'tauE': [0.5 * msecond], 'tauI': [0.5 * msecond]}
TN2_neuron_params {'EL': [-52. * mvolt], 'Vm': [-52. * mvolt], 'EE': [0. * volt], 'EI': [-80. * mvolt], 'gL': [1. * usiemens], 'gE': '(randn() * 1.5 + 4) * 10.*nS', 'gI': '(randn() * 12 + 20) * 10.*nS', 'tauE': [3.5 * msecond], 'tauI': [2. * msecond]}
H_TL2_synapses_params {'wE': [0.9 * usiemens], 'wI': [200. * nsiemens]}
TL2_CL1_synapses_params {'wE': [0.45 * usiemens], 'wI': [200. * nsiemens]}
CL1_TB1_synapses_params {'wE': [0.55 * usiemens], 'wI': [200. * nsiemens]}
TB1_TB1_synapses_params {'wE': [0.7 * usiemens], 'wI': [0.55 * usiemens]}
F_TN2_synapses_params {'wE': [250. * nsiemens], 'wI': [200. * nsiemens]}
taueE: 1.5 - tauI 0.5
wE: 300 - wI 400
Gamma factor: 1.899606768252502 - 2.5170890373636636
taueE: 1.5 - tauI 0.5
wE: 300 - wI 500
Gamma factor: 1.9453783463461884 - 1.8934851669278938
taueE: 1.5 - tauI 0.5
wE: 300 - wI 600
Gamma factor: 1.8882116502858333 - 1.6427607129216995
taueE: 1.5 - tauI 0.5
wE: 300 - wI 700
Gamma factor: 1.9548940023951265 - 1.21977499897278
taueE: 1.5 - tauI 0.5
wE: 300 - wI 800
Gamma factor: 2.0012536718589757 - 1.4655349120361358
taueE: 1.5 - tauI 0.5
wE: 300 - wI 900
Gamma factor: 1.9019491227153242 - 1.360026854630326
taueE: 1.5 - tauI 1
wE: 300 - wI 400
Gamma factor: 1.9048398358420084 - 1.308636061210682
taueE: 1.5 - tauI 1
wE: 300 - wI 500
Gamma factor: 1.9386589677270347 - 1.465590663753113
taueE: 1.5 - tauI 1
wE: 300 - wI 600
Gamma factor: 1.9286354309179918 - 1.5544471463761753
taueE: 1.5 - tauI 1
wE: 300 - wI 700
Gamma factor: 1.9396697325470926 - 1.6222685869133904
taueE: 1.5 - tauI 1
wE: 300 - wI 800
Gamma factor: 1.915364586044262 - 1.4986169769526017
taueE: 1.5 - tauI 1
wE: 300 - wI 900
Gamma factor: 1.913429884129615 - 1.5021028927473923
taueE: 1.5 - tauI 1.5
wE: 300 - wI 400
Gamma factor: 2.0205380560048622 - 1.6799270962912234
taueE: 1.5 - tauI 1.5
wE: 300 - wI 500
Gamma factor: 1.9817604583574069 - 1.652467896437376
taueE: 1.5 - tauI 1.5
wE: 300 - wI 600
Gamma factor: 1.9386741657963165 - 1.6483507718179906
taueE: 1.5 - tauI 1.5
wE: 300 - wI 700
Gamma factor: 1.9806803579980556 - 1.572521877941607
taueE: 1.5 - tauI 1.5
wE: 300 - wI 800
Gamma factor: 1.9846615481054029 - 1.6957084473498154
taueE: 1.5 - tauI 1.5
wE: 300 - wI 900
Gamma factor: 1.9499521432840092 - 1.6047783331807166
taueE: 1.5 - tauI 2
wE: 300 - wI 400
Gamma factor: 1.8870984974287355 - 1.5138768033094414
taueE: 1.5 - tauI 2
wE: 300 - wI 500
Gamma factor: 1.9384921466069893 - 1.6431642398653832
taueE: 1.5 - tauI 2
wE: 300 - wI 600
Gamma factor: 1.9721298963068778 - 1.6927181355868615
taueE: 1.5 - tauI 2
wE: 300 - wI 700
Gamma factor: 1.941935480271325 - 1.708433366517644
taueE: 1.5 - tauI 2
wE: 300 - wI 800
Gamma factor: 1.895975874162127 - 1.595046576765902
taueE: 1.5 - tauI 2
wE: 300 - wI 900
Gamma factor: 1.978207559223086 - 1.6629296903308837
taueE: 1.5 - tauI 2.5
wE: 300 - wI 400
Gamma factor: 1.996648445221515 - 1.6984592534085663
taueE: 1.5 - tauI 2.5
wE: 300 - wI 500
Gamma factor: 1.9689676687108975 - 1.723278614292244
taueE: 1.5 - tauI 2.5
wE: 300 - wI 600
Gamma factor: 2.003946704740104 - 1.6872060850806596
taueE: 1.5 - tauI 2.5
wE: 300 - wI 700
Gamma factor: 1.9683643152597194 - 1.6553434805260978
taueE: 1.5 - tauI 2.5
wE: 300 - wI 800
Gamma factor: 1.941594419279079 - 1.6124213730099732
taueE: 1.5 - tauI 2.5
wE: 300 - wI 900
Gamma factor: 1.9566552985656414 - 1.6152134791137418
taueE: 1.5 - tauI 0.5
wE: 400 - wI 400
Gamma factor: 1.3331078666189278 - 12.97983393769779
taueE: 1.5 - tauI 0.5
wE: 400 - wI 500
Gamma factor: 1.3347860686803268 - 11.710278793188516
taueE: 1.5 - tauI 0.5
wE: 400 - wI 600
Gamma factor: 1.3331277820057232 - 9.459435574412892
taueE: 1.5 - tauI 0.5
wE: 400 - wI 700
Gamma factor: 1.3210305156967497 - 7.553889986791853
taueE: 1.5 - tauI 0.5
wE: 400 - wI 800
Gamma factor: 1.3176861367403658 - 5.093405355932925
taueE: 1.5 - tauI 0.5
wE: 400 - wI 900
Gamma factor: 1.3145018259633614 - 4.083128480471723
taueE: 1.5 - tauI 1
wE: 400 - wI 400
Gamma factor: 1.3253935520038327 - 6.73364002874286
taueE: 1.5 - tauI 1
wE: 400 - wI 500
Gamma factor: 1.3177839687447153 - 4.720244978583983
taueE: 1.5 - tauI 1
wE: 400 - wI 600
Gamma factor: 1.3256386685131027 - 4.118640215738265
taueE: 1.5 - tauI 1
wE: 400 - wI 700
Gamma factor: 1.307289508966647 - 3.8368523699119716
taueE: 1.5 - tauI 1
wE: 400 - wI 800
Gamma factor: 1.3438647582325292 - 4.031529775231112
taueE: 1.5 - tauI 1
wE: 400 - wI 900
Gamma factor: 1.3236437088690511 - 3.875928692033873
taueE: 1.5 - tauI 1.5
wE: 400 - wI 400
Gamma factor: 1.3304495636116092 - 4.846668962421132
taueE: 1.5 - tauI 1.5
wE: 400 - wI 500
Gamma factor: 1.327111241758264 - 3.941766188438013
taueE: 1.5 - tauI 1.5
wE: 400 - wI 600
Gamma factor: 1.3229075187591839 - 3.818643757457468
taueE: 1.5 - tauI 1.5
wE: 400 - wI 700
Gamma factor: 1.309387488529992 - 3.9586960784369163
taueE: 1.5 - tauI 1.5
wE: 400 - wI 800
Gamma factor: 1.3182627245253409 - 3.883698651265024
taueE: 1.5 - tauI 1.5
wE: 400 - wI 900
Gamma factor: 1.3089561806138659 - 3.7763973780308753
taueE: 1.5 - tauI 2
wE: 400 - wI 400
Gamma factor: 1.2949546729970107 - 4.535580220646075
taueE: 1.5 - tauI 2
wE: 400 - wI 500
Gamma factor: 1.3090281324211208 - 3.880683484494406
taueE: 1.5 - tauI 2
wE: 400 - wI 600
Gamma factor: 1.310907448303571 - 3.870965314285524
taueE: 1.5 - tauI 2
wE: 400 - wI 700
Gamma factor: 1.3151424424854214 - 3.8382803073340135
taueE: 1.5 - tauI 2
wE: 400 - wI 800
Gamma factor: 1.3004462387447482 - 3.789932964264379
taueE: 1.5 - tauI 2
wE: 400 - wI 900
Gamma factor: 1.3102836816997177 - 3.84166027176633
taueE: 1.5 - tauI 2.5
wE: 400 - wI 400
Gamma factor: 1.3037870057067553 - 4.097071336886883
taueE: 1.5 - tauI 2.5
wE: 400 - wI 500
Gamma factor: 1.307086067422769 - 3.9892527480315367
taueE: 1.5 - tauI 2.5
wE: 400 - wI 600
Gamma factor: 1.2874861922087861 - 3.857213440205678
taueE: 1.5 - tauI 2.5
wE: 400 - wI 700
Gamma factor: 1.2830661994834953 - 3.9299680218906996
taueE: 1.5 - tauI 2.5
wE: 400 - wI 800
Gamma factor: 1.292684676271224 - 3.7334151023890723
taueE: 1.5 - tauI 2.5
wE: 400 - wI 900
Gamma factor: 1.2952175638650374 - 3.716991660852263
taueE: 1.5 - tauI 0.5
wE: 500 - wI 400
Gamma factor: 2.1978672099567103 - 31.412208507422644
taueE: 1.5 - tauI 0.5
wE: 500 - wI 500
Gamma factor: 2.228248489100724 - 27.51984684680977
taueE: 1.5 - tauI 0.5
wE: 500 - wI 600
Gamma factor: 2.174816849564815 - 25.250583332776515
taueE: 1.5 - tauI 0.5
wE: 500 - wI 700
Gamma factor: 2.1322970427995767 - 21.090250780497236
taueE: 1.5 - tauI 0.5
wE: 500 - wI 800
Gamma factor: 2.192883553632151 - 16.800067378718996
taueE: 1.5 - tauI 0.5
wE: 500 - wI 900
Gamma factor: 2.080215901289664 - 11.768323693264428
taueE: 1.5 - tauI 1
wE: 500 - wI 400
Gamma factor: 2.084431630591932 - 19.929000958321772
taueE: 1.5 - tauI 1
wE: 500 - wI 500
Gamma factor: 2.2663932503626705 - 12.80834599837449
taueE: 1.5 - tauI 1
wE: 500 - wI 600
Gamma factor: 1.9955156573834771 - 9.711435964444865
taueE: 1.5 - tauI 1
wE: 500 - wI 700
Gamma factor: 2.096780576405175 - 8.796715202105322
taueE: 1.5 - tauI 1
wE: 500 - wI 800
Gamma factor: 1.9006402057308236 - 8.33121362348494
taueE: 1.5 - tauI 1
wE: 500 - wI 900
Gamma factor: 2.1038700339434433 - 8.135840836205249
taueE: 1.5 - tauI 1.5
wE: 500 - wI 400
Gamma factor: 2.0617358862716326 - 12.215164068289688
taueE: 1.5 - tauI 1.5
wE: 500 - wI 500
Gamma factor: 2.131449704226543 - 9.928204780429606
taueE: 1.5 - tauI 1.5
wE: 500 - wI 600
Gamma factor: 2.0219796999897106 - 8.484867050642627
taueE: 1.5 - tauI 1.5
wE: 500 - wI 700
Gamma factor: 1.9564792627130163 - 7.888402622725117
taueE: 1.5 - tauI 1.5
wE: 500 - wI 800
Gamma factor: 1.9977858439931973 - 7.589779792092984
taueE: 1.5 - tauI 1.5
wE: 500 - wI 900
Gamma factor: 2.0944478126272497 - 8.088549610327526
taueE: 1.5 - tauI 2
wE: 500 - wI 400
Gamma factor: 2.025721564296542 - 10.347590145801574
taueE: 1.5 - tauI 2
wE: 500 - wI 500
Gamma factor: 2.152609366463591 - 9.210565656219458
taueE: 1.5 - tauI 2
wE: 500 - wI 600
Gamma factor: 2.044232497661122 - 8.300574560739534
taueE: 1.5 - tauI 2
wE: 500 - wI 700
Gamma factor: 2.012933569463815 - 7.808266672384576
taueE: 1.5 - tauI 2
wE: 500 - wI 800
Gamma factor: 1.9581133964223567 - 7.906073206466328
taueE: 1.5 - tauI 2
wE: 500 - wI 900
Gamma factor: 1.9051827991975792 - 7.781617151444918
taueE: 1.5 - tauI 2.5
wE: 500 - wI 400
Gamma factor: 2.074474552988524 - 10.179251787489743
taueE: 1.5 - tauI 2.5
wE: 500 - wI 500
Gamma factor: 2.029131680058391 - 8.672564842327347
taueE: 1.5 - tauI 2.5
wE: 500 - wI 600
Gamma factor: 2.136686340844758 - 8.418387726409435
taueE: 1.5 - tauI 2.5
wE: 500 - wI 700
Gamma factor: 2.0299200363985435 - 7.911051848231585
taueE: 1.5 - tauI 2.5
wE: 500 - wI 800
Gamma factor: 1.9595378090559612 - 7.718241833129824
taueE: 1.5 - tauI 2.5
wE: 500 - wI 900
Gamma factor: 2.0340570377750042 - 7.893111353088527
taueE: 1.5 - tauI 0.5
wE: 600 - wI 400
Gamma factor: 3.063087860041648 - 42.27251533865587
taueE: 1.5 - tauI 0.5
wE: 600 - wI 500
Gamma factor: 3.006446398784791 - 40.52577508158572
taueE: 1.5 - tauI 0.5
wE: 600 - wI 600
Gamma factor: 3.0336871437805297 - 36.43479502738529
taueE: 1.5 - tauI 0.5
wE: 600 - wI 700
Gamma factor: 3.052129439357859 - 33.80620659868002
taueE: 1.5 - tauI 0.5
wE: 600 - wI 800
Gamma factor: 2.983610724885236 - 28.895647476945122
taueE: 1.5 - tauI 0.5
wE: 600 - wI 900
Gamma factor: 3.0081780355451255 - 21.09504121806842
taueE: 1.5 - tauI 1
wE: 600 - wI 400
Gamma factor: 2.9267868293385275 - 30.368803015129117
taueE: 1.5 - tauI 1
wE: 600 - wI 500
Gamma factor: 2.92726454726765 - 22.52709522296939
taueE: 1.5 - tauI 1
wE: 600 - wI 600
Gamma factor: 3.0239966579618027 - 17.673102077143984
taueE: 1.5 - tauI 1
wE: 600 - wI 700
Gamma factor: 2.8188734580409376 - 12.461036213144116
taueE: 1.5 - tauI 1
wE: 600 - wI 800
Gamma factor: 2.757215860282405 - 11.346417004492782
taueE: 1.5 - tauI 1
wE: 600 - wI 900
Gamma factor: 2.9846983366071265 - 11.533745840170393
taueE: 1.5 - tauI 1.5
wE: 600 - wI 400
Gamma factor: 2.937568385216345 - 21.60216226961652
taueE: 1.5 - tauI 1.5
wE: 600 - wI 500
Gamma factor: 2.9258473480851945 - 17.911191253685864
taueE: 1.5 - tauI 1.5
wE: 600 - wI 600
Gamma factor: 2.818281303731197 - 12.67841466617108
taueE: 1.5 - tauI 1.5
wE: 600 - wI 700
Gamma factor: 2.84342650903468 - 11.908844173748214
taueE: 1.5 - tauI 1.5
wE: 600 - wI 800
Gamma factor: 2.908731201822628 - 11.41123450762435
taueE: 1.5 - tauI 1.5
wE: 600 - wI 900
Gamma factor: 2.8067082696755214 - 10.584170757084708
taueE: 1.5 - tauI 2
wE: 600 - wI 400
Gamma factor: 2.811960396337323 - 18.605047424115657
taueE: 1.5 - tauI 2
wE: 600 - wI 500
Gamma factor: 2.9057185619078534 - 14.912598122713199
taueE: 1.5 - tauI 2
wE: 600 - wI 600
Gamma factor: 2.8326477455711054 - 11.822483601147418
taueE: 1.5 - tauI 2
wE: 600 - wI 700
Gamma factor: 2.7304099022763775 - 11.312140812141706
taueE: 1.5 - tauI 2
wE: 600 - wI 800
Gamma factor: 2.8783693496127585 - 10.911035401092832
taueE: 1.5 - tauI 2
wE: 600 - wI 900
Gamma factor: 2.770834999757963 - 10.572960620559483
taueE: 1.5 - tauI 2.5
wE: 600 - wI 400
Gamma factor: 2.817103645132957 - 16.75871402243598
taueE: 1.5 - tauI 2.5
wE: 600 - wI 500
Gamma factor: 2.7757100549689264 - 13.35835410432297
taueE: 1.5 - tauI 2.5
wE: 600 - wI 600
Gamma factor: 2.7112175618933794 - 11.357837221550978
taueE: 1.5 - tauI 2.5
wE: 600 - wI 700
Gamma factor: 2.7363540014869274 - 10.429419367985755
taueE: 1.5 - tauI 2.5
wE: 600 - wI 800
Gamma factor: 2.78083672690091 - 10.512452476871555
taueE: 1.5 - tauI 2.5
wE: 600 - wI 900
Gamma factor: 2.9470936216510726 - 10.747589257563698
taueE: 1.5 - tauI 0.5
wE: 700 - wI 400
Gamma factor: 4.060932374859695 - 56.298169789079296
taueE: 1.5 - tauI 0.5
wE: 700 - wI 500
Gamma factor: 4.074245270642199 - 52.01168691921232
taueE: 1.5 - tauI 0.5
wE: 700 - wI 600
Gamma factor: 3.8252787431861632 - 47.39082312430119
taueE: 1.5 - tauI 0.5
wE: 700 - wI 700
Gamma factor: 4.044028005248123 - 46.014192996668875
taueE: 1.5 - tauI 0.5
wE: 700 - wI 800
Gamma factor: 3.983581022718737 - 38.423200587561084
taueE: 1.5 - tauI 0.5
wE: 700 - wI 900
Gamma factor: 3.739147843215931 - 32.771774370566966
taueE: 1.5 - tauI 1
wE: 700 - wI 400
Gamma factor: 3.836299763137439 - 43.12782582910852
taueE: 1.5 - tauI 1
wE: 700 - wI 500
Gamma factor: 4.047695451976419 - 37.135727900133205
taueE: 1.5 - tauI 1
wE: 700 - wI 600
Gamma factor: 3.99694058436458 - 26.650031179759466
taueE: 1.5 - tauI 1
wE: 700 - wI 700
Gamma factor: 3.911735017276409 - 20.330989994139287
taueE: 1.5 - tauI 1
wE: 700 - wI 800
Gamma factor: 3.84718175485476 - 16.825570624982756
taueE: 1.5 - tauI 1
wE: 700 - wI 900
Gamma factor: 3.9742482580425142 - 14.296387255116056
taueE: 1.5 - tauI 1.5
wE: 700 - wI 400
Gamma factor: 3.8720073938632855 - 32.704625762483964
taueE: 1.5 - tauI 1.5
wE: 700 - wI 500
Gamma factor: 3.868046189971546 - 24.83200998519981
taueE: 1.5 - tauI 1.5
wE: 700 - wI 600
Gamma factor: 3.916815332663105 - 20.19147292282804
taueE: 1.5 - tauI 1.5
wE: 700 - wI 700
Gamma factor: 4.019771678866582 - 16.876018309774686
taueE: 1.5 - tauI 1.5
wE: 700 - wI 800
Gamma factor: 3.7376772458070415 - 14.536457313511248
taueE: 1.5 - tauI 1.5
wE: 700 - wI 900
Gamma factor: 3.9487634601012447 - 14.063252092019585
taueE: 1.5 - tauI 2
wE: 700 - wI 400
Gamma factor: 3.8459197927018796 - 26.085210490080854
taueE: 1.5 - tauI 2
wE: 700 - wI 500
Gamma factor: 4.025576510374947 - 21.337082257099617
taueE: 1.5 - tauI 2
wE: 700 - wI 600
Gamma factor: 3.831548709004102 - 18.157598165377088
taueE: 1.5 - tauI 2
wE: 700 - wI 700
Gamma factor: 3.918336613542025 - 16.7663016133872
taueE: 1.5 - tauI 2
wE: 700 - wI 800
Gamma factor: 3.8047600633239953 - 13.890137298341395
taueE: 1.5 - tauI 2
wE: 700 - wI 900
Gamma factor: 3.855521261048227 - 14.415719145903019
taueE: 1.5 - tauI 2.5
wE: 700 - wI 400
Gamma factor: 3.9541846743651794 - 24.770936694725034
taueE: 1.5 - tauI 2.5
wE: 700 - wI 500
Gamma factor: 3.9173758673958883 - 19.511067061044287
taueE: 1.5 - tauI 2.5
wE: 700 - wI 600
Gamma factor: 3.916304422705072 - 17.120592257000254
taueE: 1.5 - tauI 2.5
wE: 700 - wI 700
Gamma factor: 3.7501404724370913 - 16.418045016851682
taueE: 1.5 - tauI 2.5
wE: 700 - wI 800
Gamma factor: 3.606952509895318 - 14.751521620573117
taueE: 1.5 - tauI 2.5
wE: 700 - wI 900
Gamma factor: 3.4667902975849767 - 14.174268937151588
taueE: 1.5 - tauI 0.5
wE: 800 - wI 400
Gamma factor: 4.847759765524048 - 61.57648951454849
taueE: 1.5 - tauI 0.5
wE: 800 - wI 500
Gamma factor: 4.7580360231056265 - 58.78265523279706
taueE: 1.5 - tauI 0.5
wE: 800 - wI 600
Gamma factor: 4.655167240444987 - 53.255497566959725
taueE: 1.5 - tauI 0.5
wE: 800 - wI 700
Gamma factor: 4.740383076403996 - 51.00737031366261
taueE: 1.5 - tauI 0.5
wE: 800 - wI 800
Gamma factor: 4.503215157082319 - 47.304923414272075
taueE: 1.5 - tauI 0.5
wE: 800 - wI 900
Gamma factor: 4.743613951765955 - 41.43415950854015
taueE: 1.5 - tauI 1
wE: 800 - wI 400
Gamma factor: 4.771995224437557 - 49.02389375127739
taueE: 1.5 - tauI 1
wE: 800 - wI 500
Gamma factor: 4.504709831720241 - 41.41090200538234
taueE: 1.5 - tauI 1
wE: 800 - wI 600
Gamma factor: 4.596020256717615 - 33.76353210351962
taueE: 1.5 - tauI 1
wE: 800 - wI 700
Gamma factor: 4.775083845209496 - 26.060149517856278
taueE: 1.5 - tauI 1
wE: 800 - wI 800
Gamma factor: 4.642465616567943 - 22.42985393205969
taueE: 1.5 - tauI 1
wE: 800 - wI 900
Gamma factor: 4.680483464128514 - 17.187099518222315
taueE: 1.5 - tauI 1.5
wE: 800 - wI 400
Gamma factor: 4.925945121404614 - 39.31897245355502
taueE: 1.5 - tauI 1.5
wE: 800 - wI 500
Gamma factor: 4.838060535164352 - 33.2438606665202
taueE: 1.5 - tauI 1.5
wE: 800 - wI 600
Gamma factor: 4.501823864678155 - 28.209218504134647
taueE: 1.5 - tauI 1.5
wE: 800 - wI 700
Gamma factor: 4.796235398332523 - 21.079397490713845
taueE: 1.5 - tauI 1.5
wE: 800 - wI 800
Gamma factor: 4.518651858334918 - 17.85248211069059
taueE: 1.5 - tauI 1.5
wE: 800 - wI 900
Gamma factor: 4.670628601806061 - 17.98687489254305
taueE: 1.5 - tauI 2
wE: 800 - wI 400
Gamma factor: 4.7489038023314585 - 34.04504591105145
taueE: 1.5 - tauI 2
wE: 800 - wI 500
Gamma factor: 4.654216253616218 - 28.512224799347443
taueE: 1.5 - tauI 2
wE: 800 - wI 600
Gamma factor: 4.642607980737695 - 21.70901038747634
taueE: 1.5 - tauI 2
wE: 800 - wI 700
Gamma factor: 4.503784550497674 - 20.34298702709662
taueE: 1.5 - tauI 2
wE: 800 - wI 800
Gamma factor: 4.493276890553287 - 18.05987334159399
taueE: 1.5 - tauI 2
wE: 800 - wI 900
Gamma factor: 4.631238114550537 - 18.372625378160862
taueE: 1.5 - tauI 2.5
wE: 800 - wI 400
Gamma factor: 4.630918105046947 - 30.154300882810247
taueE: 1.5 - tauI 2.5
wE: 800 - wI 500
Gamma factor: 4.576639575152848 - 28.1652435260536
taueE: 1.5 - tauI 2.5
wE: 800 - wI 600
Gamma factor: 4.543126325889691 - 21.924928761094765
taueE: 1.5 - tauI 2.5
wE: 800 - wI 700
Gamma factor: 4.6229770818877665 - 20.027017203845084
taueE: 1.5 - tauI 2.5
wE: 800 - wI 800
Gamma factor: 4.424282981758656 - 17.697260395104607
taueE: 1.5 - tauI 2.5
wE: 800 - wI 900
Gamma factor: 4.370382212994493 - 17.582202389401793
Final Candidate
[0 0 0 0] 0.0
0.5 300 0.5 400
***********  DONE  ***********
