****** Imports completed *******
args index = 2   -   tauE = 1
Load route from /afs/inf.ed.ac.uk/user/s15/s1556895/MSc/CX_Path_Integration/notebooks/data/route.npz
/afs/inf.ed.ac.uk/user/s15/s1556895/MSc/CX_Path_Integration/notebooks/data/route.npz exists - not overwriting it
TL2_neuron_params {'EL': [-52. * mvolt], 'Vm': [-52. * mvolt], 'EE': [0. * volt], 'EI': [-80. * mvolt], 'gL': [1. * usiemens], 'gE': '(randn() * 1.5 + 4) * 10.*nS', 'gI': '(randn() * 12 + 20) * 10.*nS', 'tauE': [0.5 * msecond], 'tauI': [2. * msecond]}
CL1_neuron_params {'EL': [-52. * mvolt], 'Vm': [-52. * mvolt], 'EE': [0. * volt], 'EI': [-80. * mvolt], 'gL': [1. * usiemens], 'gE': '(randn() * 1.5 + 4) * 10.*nS', 'gI': '(randn() * 12 + 20) * 10.*nS', 'tauE': [1.5 * msecond], 'tauI': [2. * msecond]}
TB1_neuron_params {'EL': [-52. * mvolt], 'Vm': [-52. * mvolt], 'EE': [0. * volt], 'EI': [-80. * mvolt], 'gL': [1. * usiemens], 'gE': '(randn() * 1.5 + 4) * 10.*nS', 'gI': '(randn() * 12 + 20) * 10.*nS', 'tauE': [0.5 * msecond], 'tauI': [0.5 * msecond]}
TN2_neuron_params {'EL': [-52. * mvolt], 'Vm': [-52. * mvolt], 'EE': [0. * volt], 'EI': [-80. * mvolt], 'gL': [1. * usiemens], 'gE': '(randn() * 1.5 + 4) * 10.*nS', 'gI': '(randn() * 12 + 20) * 10.*nS', 'tauE': [1. * msecond], 'tauI': [2. * msecond]}
H_TL2_synapses_params {'wE': [0.9 * usiemens], 'wI': [200. * nsiemens]}
TL2_CL1_synapses_params {'wE': [0.45 * usiemens], 'wI': [200. * nsiemens]}
CL1_TB1_synapses_params {'wE': [0.55 * usiemens], 'wI': [200. * nsiemens]}
TB1_TB1_synapses_params {'wE': [0.7 * usiemens], 'wI': [0.55 * usiemens]}
F_TN2_synapses_params {'wE': [0.75 * usiemens], 'wI': [200. * nsiemens]}
taueE: 1 - tauI 0.1
wE: 500 - wI 500
Gamma factor: 1.3602039622973394
taueE: 1 - tauI 0.1
wE: 500 - wI 600
Gamma factor: 1.3698804214547038
taueE: 1 - tauI 0.1
wE: 500 - wI 700
Gamma factor: 1.3399115196487856
taueE: 1 - tauI 0.1
wE: 500 - wI 800
Gamma factor: 1.3465173442507088
taueE: 1 - tauI 0.1
wE: 500 - wI 900
Gamma factor: 1.3832186502196149
taueE: 1 - tauI 0.1
wE: 500 - wI 1000
Gamma factor: 1.3380770981197339
taueE: 1 - tauI 0.5
wE: 500 - wI 500
Gamma factor: 1.3413381120244054
taueE: 1 - tauI 0.5
wE: 500 - wI 600
Gamma factor: 1.3668122994010639
taueE: 1 - tauI 0.5
wE: 500 - wI 700
Gamma factor: 1.3721014075879552
taueE: 1 - tauI 0.5
wE: 500 - wI 800
Gamma factor: 1.3354584022552753
taueE: 1 - tauI 0.5
wE: 500 - wI 900
Gamma factor: 1.3685790911016351
taueE: 1 - tauI 0.5
wE: 500 - wI 1000
Gamma factor: 1.35996466598676
taueE: 1 - tauI 1
wE: 500 - wI 500
Gamma factor: 1.3456925485396911
taueE: 1 - tauI 1
wE: 500 - wI 600
Gamma factor: 1.3491517238678066
taueE: 1 - tauI 1
wE: 500 - wI 700
Gamma factor: 1.385317932478871
taueE: 1 - tauI 1
wE: 500 - wI 800
Gamma factor: 1.3395466085565013
taueE: 1 - tauI 1
wE: 500 - wI 900
Gamma factor: 1.3268459161718023
taueE: 1 - tauI 1
wE: 500 - wI 1000
Gamma factor: 1.3298285491607722
taueE: 1 - tauI 1.5
wE: 500 - wI 500
Gamma factor: 1.3737637236294051
taueE: 1 - tauI 1.5
wE: 500 - wI 600
Gamma factor: 1.3412706032040616
taueE: 1 - tauI 1.5
wE: 500 - wI 700
Gamma factor: 1.331829905013834
taueE: 1 - tauI 1.5
wE: 500 - wI 800
Gamma factor: 1.3317977273118888
taueE: 1 - tauI 1.5
wE: 500 - wI 900
Gamma factor: 1.3238173659433552
taueE: 1 - tauI 1.5
wE: 500 - wI 1000
Gamma factor: 1.3152328211766435
taueE: 1 - tauI 2
wE: 500 - wI 500
Gamma factor: 1.357671268318427
taueE: 1 - tauI 2
wE: 500 - wI 600
Gamma factor: 1.3014503648830202
taueE: 1 - tauI 2
wE: 500 - wI 700
Gamma factor: 1.3344648174542297
taueE: 1 - tauI 2
wE: 500 - wI 800
Gamma factor: 1.3508760878987078
taueE: 1 - tauI 2
wE: 500 - wI 900
Gamma factor: 1.3280148054207368
taueE: 1 - tauI 2
wE: 500 - wI 1000
Gamma factor: 1.3007905867220266
taueE: 1 - tauI 0.1
wE: 600 - wI 500
Gamma factor: 3.5537428043228303
taueE: 1 - tauI 0.1
wE: 600 - wI 600
Gamma factor: 3.513179995712285
taueE: 1 - tauI 0.1
wE: 600 - wI 700
Gamma factor: 3.310359604846294
taueE: 1 - tauI 0.1
wE: 600 - wI 800
Gamma factor: 3.2899464783965087
taueE: 1 - tauI 0.1
wE: 600 - wI 900
Gamma factor: 3.469991687113744
taueE: 1 - tauI 0.1
wE: 600 - wI 1000
Gamma factor: 3.3042663254140967
taueE: 1 - tauI 0.5
wE: 600 - wI 500
Gamma factor: 3.129800892800578
taueE: 1 - tauI 0.5
wE: 600 - wI 600
Gamma factor: 3.2085825954871012
taueE: 1 - tauI 0.5
wE: 600 - wI 700
Gamma factor: 3.1509365395593005
taueE: 1 - tauI 0.5
wE: 600 - wI 800
Gamma factor: 3.448567737895832
taueE: 1 - tauI 0.5
wE: 600 - wI 900
Gamma factor: 3.0606168494106853
taueE: 1 - tauI 0.5
wE: 600 - wI 1000
Gamma factor: 3.245942257872439
taueE: 1 - tauI 1
wE: 600 - wI 500
Gamma factor: 3.079944663895599
taueE: 1 - tauI 1
wE: 600 - wI 600
Gamma factor: 3.3496082941670506
taueE: 1 - tauI 1
wE: 600 - wI 700
Gamma factor: 3.2775816852953152
taueE: 1 - tauI 1
wE: 600 - wI 800
Gamma factor: 3.0709270456039555
taueE: 1 - tauI 1
wE: 600 - wI 900
Gamma factor: 3.0898462739065016
taueE: 1 - tauI 1
wE: 600 - wI 1000
Gamma factor: 3.308768504641126
taueE: 1 - tauI 1.5
wE: 600 - wI 500
Gamma factor: 3.1672695943398126
taueE: 1 - tauI 1.5
wE: 600 - wI 600
Gamma factor: 3.1158514432183755
taueE: 1 - tauI 1.5
wE: 600 - wI 700
Gamma factor: 3.4615986894605144
taueE: 1 - tauI 1.5
wE: 600 - wI 800
Gamma factor: 3.1172362344013944
taueE: 1 - tauI 1.5
wE: 600 - wI 900
Gamma factor: 3.0434852294982653
taueE: 1 - tauI 1.5
wE: 600 - wI 1000
Gamma factor: 3.137739120710563
taueE: 1 - tauI 2
wE: 600 - wI 500
Gamma factor: 3.042013920534316
taueE: 1 - tauI 2
wE: 600 - wI 600
Gamma factor: 3.084015472162214
taueE: 1 - tauI 2
wE: 600 - wI 700
Gamma factor: 3.3572525197577603
taueE: 1 - tauI 2
wE: 600 - wI 800
Gamma factor: 3.1690050942982864
taueE: 1 - tauI 2
wE: 600 - wI 900
Gamma factor: 2.8801929161843067
taueE: 1 - tauI 2
wE: 600 - wI 1000
Gamma factor: 3.21176340577175
taueE: 1 - tauI 0.1
wE: 700 - wI 500
Gamma factor: 3.963297480905877
taueE: 1 - tauI 0.1
wE: 700 - wI 600
Gamma factor: 4.049903692120671
taueE: 1 - tauI 0.1
wE: 700 - wI 700
Gamma factor: 3.8612195339967874
taueE: 1 - tauI 0.1
wE: 700 - wI 800
Gamma factor: 3.885713607540687
taueE: 1 - tauI 0.1
wE: 700 - wI 900
Gamma factor: 3.8086760164125217
taueE: 1 - tauI 0.1
wE: 700 - wI 1000
Gamma factor: 3.935462005721015
taueE: 1 - tauI 0.5
wE: 700 - wI 500
Gamma factor: 3.9127506574533846
taueE: 1 - tauI 0.5
wE: 700 - wI 600
Gamma factor: 3.7978383778703098
taueE: 1 - tauI 0.5
wE: 700 - wI 700
Gamma factor: 3.8650202361226693
taueE: 1 - tauI 0.5
wE: 700 - wI 800
Gamma factor: 3.894042453890849
taueE: 1 - tauI 0.5
wE: 700 - wI 900
Gamma factor: 3.705094020978344
taueE: 1 - tauI 0.5
wE: 700 - wI 1000
Gamma factor: 3.9355922602880637
taueE: 1 - tauI 1
wE: 700 - wI 500
Gamma factor: 3.787798306650809
taueE: 1 - tauI 1
wE: 700 - wI 600
Gamma factor: 3.915698988390724
taueE: 1 - tauI 1
wE: 700 - wI 700
Gamma factor: 3.816080553510841
taueE: 1 - tauI 1
wE: 700 - wI 800
Gamma factor: 3.8013067574279145
taueE: 1 - tauI 1
wE: 700 - wI 900
Gamma factor: 3.746559906487312
taueE: 1 - tauI 1
wE: 700 - wI 1000
Gamma factor: 3.7488475785536126
taueE: 1 - tauI 1.5
wE: 700 - wI 500
Gamma factor: 3.6104954714185267
taueE: 1 - tauI 1.5
wE: 700 - wI 600
Gamma factor: 3.651107361592686
taueE: 1 - tauI 1.5
wE: 700 - wI 700
Gamma factor: 3.8979725991913083
taueE: 1 - tauI 1.5
wE: 700 - wI 800
Gamma factor: 3.790543109953856
taueE: 1 - tauI 1.5
wE: 700 - wI 900
Gamma factor: 3.860286830006919
taueE: 1 - tauI 1.5
wE: 700 - wI 1000
Gamma factor: 3.6130525615933062
taueE: 1 - tauI 2
wE: 700 - wI 500
Gamma factor: 3.89470943974933
taueE: 1 - tauI 2
wE: 700 - wI 600
Gamma factor: 3.853438708147869
taueE: 1 - tauI 2
wE: 700 - wI 700
Gamma factor: 3.740296329630655
taueE: 1 - tauI 2
wE: 700 - wI 800
Gamma factor: 3.7273717675586218
taueE: 1 - tauI 2
wE: 700 - wI 900
Gamma factor: 3.697693762680766
taueE: 1 - tauI 2
wE: 700 - wI 1000
Gamma factor: 3.6991286865388755
taueE: 1 - tauI 0.1
wE: 800 - wI 500
Gamma factor: 4.814645834265047
taueE: 1 - tauI 0.1
wE: 800 - wI 600
Gamma factor: 4.287576745200209
taueE: 1 - tauI 0.1
wE: 800 - wI 700
Gamma factor: 4.686876621381187
taueE: 1 - tauI 0.1
wE: 800 - wI 800
Gamma factor: 4.5089416743435855
taueE: 1 - tauI 0.1
wE: 800 - wI 900
Gamma factor: 4.489551486210885
taueE: 1 - tauI 0.1
wE: 800 - wI 1000
Gamma factor: 4.651806813607905
taueE: 1 - tauI 0.5
wE: 800 - wI 500
Gamma factor: 4.663390426092109
taueE: 1 - tauI 0.5
wE: 800 - wI 600
Gamma factor: 4.471607254951505
taueE: 1 - tauI 0.5
wE: 800 - wI 700
Gamma factor: 4.521218018978105
taueE: 1 - tauI 0.5
wE: 800 - wI 800
Gamma factor: 4.636174295924083
taueE: 1 - tauI 0.5
wE: 800 - wI 900
Gamma factor: 4.562320334519853
taueE: 1 - tauI 0.5
wE: 800 - wI 1000
Gamma factor: 4.375007028603781
taueE: 1 - tauI 1
wE: 800 - wI 500
Gamma factor: 4.577321224407028
taueE: 1 - tauI 1
wE: 800 - wI 600
Gamma factor: 4.2155211958300445
taueE: 1 - tauI 1
wE: 800 - wI 700
Gamma factor: 4.689562600725001
taueE: 1 - tauI 1
wE: 800 - wI 800
Gamma factor: 4.548919026627037
taueE: 1 - tauI 1
wE: 800 - wI 900
Gamma factor: 4.483342422748184
taueE: 1 - tauI 1
wE: 800 - wI 1000
Gamma factor: 4.362273862926979
taueE: 1 - tauI 1.5
wE: 800 - wI 500
Gamma factor: 4.2933810805588735
taueE: 1 - tauI 1.5
wE: 800 - wI 600
Gamma factor: 4.1110870136359186
taueE: 1 - tauI 1.5
wE: 800 - wI 700
Gamma factor: 4.198904481045391
taueE: 1 - tauI 1.5
wE: 800 - wI 800
Gamma factor: 4.428630434910198
taueE: 1 - tauI 1.5
wE: 800 - wI 900
Gamma factor: 4.090660289905364
taueE: 1 - tauI 1.5
wE: 800 - wI 1000
Gamma factor: 4.5728544993916875
taueE: 1 - tauI 2
wE: 800 - wI 500
Gamma factor: 4.364011200860727
taueE: 1 - tauI 2
wE: 800 - wI 600
Gamma factor: 4.361185460607457
taueE: 1 - tauI 2
wE: 800 - wI 700
Gamma factor: 4.35448604809681
taueE: 1 - tauI 2
wE: 800 - wI 800
Gamma factor: 4.347503503875803
taueE: 1 - tauI 2
wE: 800 - wI 900
Gamma factor: 4.320722036462056
taueE: 1 - tauI 2
wE: 800 - wI 1000
Gamma factor: 4.60443922173666
taueE: 1 - tauI 0.1
wE: 900 - wI 500
Gamma factor: 5.880383673463423
taueE: 1 - tauI 0.1
wE: 900 - wI 600
Gamma factor: 5.959340602532847
taueE: 1 - tauI 0.1
wE: 900 - wI 700
Gamma factor: 5.897460068526067
taueE: 1 - tauI 0.1
wE: 900 - wI 800
Gamma factor: 5.9362923369991085
taueE: 1 - tauI 0.1
wE: 900 - wI 900
Gamma factor: 5.8550469207657265
taueE: 1 - tauI 0.1
wE: 900 - wI 1000
Gamma factor: 6.033440864912842
taueE: 1 - tauI 0.5
wE: 900 - wI 500
Gamma factor: 5.621761901144906
taueE: 1 - tauI 0.5
wE: 900 - wI 600
Gamma factor: 5.699209384921833
taueE: 1 - tauI 0.5
wE: 900 - wI 700
Gamma factor: 5.633441759539394
taueE: 1 - tauI 0.5
wE: 900 - wI 800
Gamma factor: 5.827160055296472
taueE: 1 - tauI 0.5
wE: 900 - wI 900
Gamma factor: 5.8877117931952725
taueE: 1 - tauI 0.5
wE: 900 - wI 1000
Gamma factor: 5.5335336934020685
taueE: 1 - tauI 1
wE: 900 - wI 500
Gamma factor: 5.895650845217442
taueE: 1 - tauI 1
wE: 900 - wI 600
Gamma factor: 5.648680771258199
taueE: 1 - tauI 1
wE: 900 - wI 700
Gamma factor: 5.555262633080814
taueE: 1 - tauI 1
wE: 900 - wI 800
Gamma factor: 5.605728375639979
taueE: 1 - tauI 1
wE: 900 - wI 900
Gamma factor: 5.592957884980249
taueE: 1 - tauI 1
wE: 900 - wI 1000
Gamma factor: 5.766430574145531
taueE: 1 - tauI 1.5
wE: 900 - wI 500
Gamma factor: 5.792480092083398
taueE: 1 - tauI 1.5
wE: 900 - wI 600
Gamma factor: 5.757424135397405
taueE: 1 - tauI 1.5
wE: 900 - wI 700
Gamma factor: 5.863048055701473
taueE: 1 - tauI 1.5
wE: 900 - wI 800
Gamma factor: 5.764484829554799
taueE: 1 - tauI 1.5
wE: 900 - wI 900
Gamma factor: 5.595286917092631
taueE: 1 - tauI 1.5
wE: 900 - wI 1000
Gamma factor: 5.73983755477697
taueE: 1 - tauI 2
wE: 900 - wI 500
Gamma factor: 5.838303866240011
taueE: 1 - tauI 2
wE: 900 - wI 600
Gamma factor: 5.643902641181597
taueE: 1 - tauI 2
wE: 900 - wI 700
Gamma factor: 5.684202470225458
taueE: 1 - tauI 2
wE: 900 - wI 800
Gamma factor: 5.533803731169129
taueE: 1 - tauI 2
wE: 900 - wI 900
Gamma factor: 5.63176698023316
taueE: 1 - tauI 2
wE: 900 - wI 1000
Gamma factor: 5.398683270563987
taueE: 1 - tauI 0.1
wE: 1000 - wI 500
Gamma factor: 7.415849545989689
taueE: 1 - tauI 0.1
wE: 1000 - wI 600
Gamma factor: 7.460889733405583
taueE: 1 - tauI 0.1
wE: 1000 - wI 700
Gamma factor: 7.411118246180472
taueE: 1 - tauI 0.1
wE: 1000 - wI 800
Gamma factor: 7.499674000553542
taueE: 1 - tauI 0.1
wE: 1000 - wI 900
Gamma factor: 7.2581541158920535
taueE: 1 - tauI 0.1
wE: 1000 - wI 1000
Gamma factor: 7.648531164925899
taueE: 1 - tauI 0.5
wE: 1000 - wI 500
Gamma factor: 7.460412885832447
taueE: 1 - tauI 0.5
wE: 1000 - wI 600
Gamma factor: 7.256862308497844
taueE: 1 - tauI 0.5
wE: 1000 - wI 700
Gamma factor: 7.576728936572662
taueE: 1 - tauI 0.5
wE: 1000 - wI 800
Gamma factor: 7.382239210185683
taueE: 1 - tauI 0.5
wE: 1000 - wI 900
Gamma factor: 7.251536244424091
taueE: 1 - tauI 0.5
wE: 1000 - wI 1000
Gamma factor: 7.34981261852041
taueE: 1 - tauI 1
wE: 1000 - wI 500
Gamma factor: 7.257059251402316
taueE: 1 - tauI 1
wE: 1000 - wI 600
Gamma factor: 7.254315490872284
taueE: 1 - tauI 1
wE: 1000 - wI 700
Gamma factor: 7.22652663893845
taueE: 1 - tauI 1
wE: 1000 - wI 800
Gamma factor: 7.052011521456302
taueE: 1 - tauI 1
wE: 1000 - wI 900
Gamma factor: 7.1361160583664365
taueE: 1 - tauI 1
wE: 1000 - wI 1000
Gamma factor: 7.513441428934472
taueE: 1 - tauI 1.5
wE: 1000 - wI 500
Gamma factor: 7.19919899328951
taueE: 1 - tauI 1.5
wE: 1000 - wI 600
Gamma factor: 7.3581375921993
taueE: 1 - tauI 1.5
wE: 1000 - wI 700
Gamma factor: 7.081499277926744
taueE: 1 - tauI 1.5
wE: 1000 - wI 800
Gamma factor: 7.320347632340303
taueE: 1 - tauI 1.5
wE: 1000 - wI 900
Gamma factor: 7.1256947121696985
taueE: 1 - tauI 1.5
wE: 1000 - wI 1000
Gamma factor: 7.141265709313322
taueE: 1 - tauI 2
wE: 1000 - wI 500
Gamma factor: 7.247168684724025
taueE: 1 - tauI 2
wE: 1000 - wI 600
Gamma factor: 7.062329132792279
taueE: 1 - tauI 2
wE: 1000 - wI 700
Gamma factor: 7.448213349184144
taueE: 1 - tauI 2
wE: 1000 - wI 800
Gamma factor: 7.079180999647606
taueE: 1 - tauI 2
wE: 1000 - wI 900
Gamma factor: 6.846127940019852
taueE: 1 - tauI 2
wE: 1000 - wI 1000
Gamma factor: 6.844386230753743
Final Candidate
[0 0 0 0] 0.0
0.1 500 0.1 500
***********  DONE  ***********
