****** Imports completed *******
args index = 1   -   tauE = 1
Load route from /afs/inf.ed.ac.uk/user/s15/s1556895/MSc/CX_Path_Integration/notebooks/data/route.npz
/afs/inf.ed.ac.uk/user/s15/s1556895/MSc/CX_Path_Integration/notebooks/data/route.npz exists - not overwriting it
TL2_neuron_params {'spike_count': [0], 'EL': [-52. * mvolt], 'Vm': [-52. * mvolt], 'EE': [0. * volt], 'EI': [-80. * mvolt], 'gL': [1. * usiemens], 'gE': '(randn() * 1.5 + 4) * 10.*nS', 'gI': '(randn() * 12 + 20) * 10.*nS', 'tauE': [0.5 * msecond], 'tauI': [2. * msecond]}
CL1_neuron_params {'spike_count': [0], 'EL': [-52. * mvolt], 'Vm': [-52. * mvolt], 'EE': [0. * volt], 'EI': [-80. * mvolt], 'gL': [1. * usiemens], 'gE': '(randn() * 1.5 + 4) * 10.*nS', 'gI': '(randn() * 12 + 20) * 10.*nS', 'tauE': [1.5 * msecond], 'tauI': [2. * msecond]}
TB1_neuron_params {'spike_count': [0], 'EL': [-52. * mvolt], 'Vm': [-52. * mvolt], 'EE': [0. * volt], 'EI': [-80. * mvolt], 'gL': [1. * usiemens], 'gE': '(randn() * 1.5 + 4) * 10.*nS', 'gI': '(randn() * 12 + 20) * 10.*nS', 'tauE': [0.5 * msecond], 'tauI': [1. * msecond]}
TN2_neuron_params {'spike_count': [0], 'EL': [-52. * mvolt], 'Vm': [-52. * mvolt], 'EE': [0. * volt], 'EI': [-80. * mvolt], 'gL': [1. * usiemens], 'gE': '(randn() * 1.5 + 4) * 10.*nS', 'gI': '(randn() * 12 + 20) * 10.*nS', 'tauE': [1. * msecond], 'tauI': [2. * msecond]}
CPU4_neuron_params {'spike_count': [0], 'EL': [-52. * mvolt], 'Vm': [-52. * mvolt], 'EE': [0. * volt], 'EI': [-80. * mvolt], 'gL': [1. * usiemens], 'gE': '(randn() * 1.5 + 4) * 10.*nS', 'gI': '(randn() * 12 + 20) * 10.*nS', 'tauE': [1.5 * msecond], 'tauI': [1.5 * msecond]}
H_TL2_synapses_params {'wE': [0.9 * usiemens], 'wI': [200. * nsiemens]}
F_TN2_synapses_params {'wE': [0.75 * usiemens], 'wI': [200. * nsiemens]}
TL2_CL1_synapses_params {'wE': [0.45 * usiemens], 'wI': [200. * nsiemens]}
CL1_TB1_synapses_params {'wE': [0.8 * usiemens], 'wI': [200. * nsiemens]}
TN2_CPU4_synapses_params {'wE': [0.5 * usiemens], 'wI': [0.6 * usiemens]}
TB1_TB1_synapses_params {'wE': [0.7 * usiemens], 'wI': [0.7 * usiemens]}
TB1_CPU4_synapses_params {'wE': [0.5 * usiemens], 'wI': [0.6 * usiemens]}
taueE: 1 - tauI 0.5
wE: 300 - wI 400
Gamma factor: 3.4421707148426424 - 1235.0
taueE: 1 - tauI 0.5
wE: 300 - wI 500
Gamma factor: 3.4513499729757653 - 1247.0
taueE: 1 - tauI 0.5
wE: 300 - wI 600
Gamma factor: 3.433233680666026 - 1240.0
taueE: 1 - tauI 0.5
wE: 300 - wI 700
Gamma factor: 3.4434387666440056 - 1307.0
taueE: 1 - tauI 0.5
wE: 300 - wI 800
Gamma factor: 3.437632323453307 - 1330.0
taueE: 1 - tauI 0.5
wE: 300 - wI 900
Gamma factor: 3.454641151690936 - 1263.0
taueE: 1 - tauI 1
wE: 300 - wI 400
Gamma factor: 3.4515271564255228 - 1246.0
taueE: 1 - tauI 1
wE: 300 - wI 500
Gamma factor: 3.460795119434972 - 1239.0
taueE: 1 - tauI 1
wE: 300 - wI 600
Gamma factor: 3.4633087842094143 - 1263.0
taueE: 1 - tauI 1
wE: 300 - wI 700
Gamma factor: 3.462518148923586 - 1275.0
taueE: 1 - tauI 1
wE: 300 - wI 800
Gamma factor: 3.4516485527904086 - 1205.0
taueE: 1 - tauI 1
wE: 300 - wI 900
Gamma factor: 3.432722423063528 - 1279.0
taueE: 1 - tauI 1.5
wE: 300 - wI 400
Gamma factor: 3.449705775494855 - 1331.0
taueE: 1 - tauI 1.5
wE: 300 - wI 500
Gamma factor: 3.442585005024443 - 1286.0
taueE: 1 - tauI 1.5
wE: 300 - wI 600
Gamma factor: 3.434881740566529 - 1267.0
taueE: 1 - tauI 1.5
wE: 300 - wI 700
Gamma factor: 3.4370302693301866 - 1267.0
taueE: 1 - tauI 1.5
wE: 300 - wI 800
Gamma factor: 3.4372404932746257 - 1263.0
taueE: 1 - tauI 1.5
wE: 300 - wI 900
Gamma factor: 3.4489578349879766 - 1223.0
taueE: 1 - tauI 2
wE: 300 - wI 400
Gamma factor: 3.432713244523226 - 1215.0
taueE: 1 - tauI 2
wE: 300 - wI 500
Gamma factor: 3.4577882794218264 - 1292.0
taueE: 1 - tauI 2
wE: 300 - wI 600
Gamma factor: 3.445499670287889 - 1361.0
taueE: 1 - tauI 2
wE: 300 - wI 700
Gamma factor: 3.4582279902623574 - 1224.0
taueE: 1 - tauI 2
wE: 300 - wI 800
Gamma factor: 3.450336108391463 - 1320.0
taueE: 1 - tauI 2
wE: 300 - wI 900
Gamma factor: 3.4477490105229323 - 1215.0
taueE: 1 - tauI 2.5
wE: 300 - wI 400
Gamma factor: 3.4590790209021463 - 1204.0
taueE: 1 - tauI 2.5
wE: 300 - wI 500
Gamma factor: 3.452832531878153 - 1222.0
taueE: 1 - tauI 2.5
wE: 300 - wI 600
Gamma factor: 3.4629307715467066 - 1223.0
taueE: 1 - tauI 2.5
wE: 300 - wI 700
Gamma factor: 3.4420435380215477 - 1271.0
taueE: 1 - tauI 2.5
wE: 300 - wI 800
Gamma factor: 3.461328006171122 - 1246.0
taueE: 1 - tauI 2.5
wE: 300 - wI 900
Gamma factor: 3.447533371448232 - 1285.0
taueE: 1 - tauI 0.5
wE: 400 - wI 400
Gamma factor: 3.0119247817392907 - 1288.0
taueE: 1 - tauI 0.5
wE: 400 - wI 500
Gamma factor: 3.027618299636006 - 1281.0
taueE: 1 - tauI 0.5
wE: 400 - wI 600
Gamma factor: 3.1923380682869817 - 1248.0
taueE: 1 - tauI 0.5
wE: 400 - wI 700
Gamma factor: 3.1020836322158907 - 1233.0
taueE: 1 - tauI 0.5
wE: 400 - wI 800
Gamma factor: 3.147457382389099 - 1247.0
taueE: 1 - tauI 0.5
wE: 400 - wI 900
Gamma factor: 3.0753286658966448 - 1242.0
taueE: 1 - tauI 1
wE: 400 - wI 400
Gamma factor: 3.148440070446843 - 1230.0
taueE: 1 - tauI 1
wE: 400 - wI 500
Gamma factor: 2.9318145742762445 - 1282.0
taueE: 1 - tauI 1
wE: 400 - wI 600
Gamma factor: 2.967242329009774 - 1296.0
taueE: 1 - tauI 1
wE: 400 - wI 700
Gamma factor: 3.0784271402762062 - 1227.0
taueE: 1 - tauI 1
wE: 400 - wI 800
Gamma factor: 3.2015606268801484 - 1254.0
taueE: 1 - tauI 1
wE: 400 - wI 900
Gamma factor: 3.2303370111099943 - 1227.0
taueE: 1 - tauI 1.5
wE: 400 - wI 400
Gamma factor: 3.045402228996663 - 1263.0
taueE: 1 - tauI 1.5
wE: 400 - wI 500
Gamma factor: 3.10971303193135 - 1272.0
taueE: 1 - tauI 1.5
wE: 400 - wI 600
Gamma factor: 3.132946608039661 - 1215.0
taueE: 1 - tauI 1.5
wE: 400 - wI 700
Gamma factor: 3.1458716589078555 - 1266.0
taueE: 1 - tauI 1.5
wE: 400 - wI 800
Gamma factor: 3.1821263504756034 - 1274.0
taueE: 1 - tauI 1.5
wE: 400 - wI 900
Gamma factor: 3.155998919194176 - 1248.0
taueE: 1 - tauI 2
wE: 400 - wI 400
Gamma factor: 3.0897204769411353 - 1250.0
taueE: 1 - tauI 2
wE: 400 - wI 500
Gamma factor: 3.1784374715082886 - 1218.0
taueE: 1 - tauI 2
wE: 400 - wI 600
Gamma factor: 3.170150200839866 - 1235.0
taueE: 1 - tauI 2
wE: 400 - wI 700
Gamma factor: 3.1305273372153595 - 1201.0
taueE: 1 - tauI 2
wE: 400 - wI 800
Gamma factor: 3.156793259833085 - 1290.0
taueE: 1 - tauI 2
wE: 400 - wI 900
Gamma factor: 3.1296885981658846 - 1300.0
taueE: 1 - tauI 2.5
wE: 400 - wI 400
Gamma factor: 3.1710769065236026 - 1229.0
taueE: 1 - tauI 2.5
wE: 400 - wI 500
Gamma factor: 3.1245837395085765 - 1240.0
taueE: 1 - tauI 2.5
wE: 400 - wI 600
Gamma factor: 3.217076944204436 - 1228.0
taueE: 1 - tauI 2.5
wE: 400 - wI 700
Gamma factor: 3.194334688051497 - 1265.0
taueE: 1 - tauI 2.5
wE: 400 - wI 800
Gamma factor: 3.174224306393233 - 1230.0
taueE: 1 - tauI 2.5
wE: 400 - wI 900
Gamma factor: 3.216694812536846 - 1279.0
taueE: 1 - tauI 0.5
wE: 500 - wI 400
Gamma factor: 1.7537104494563227 - 1214.0
taueE: 1 - tauI 0.5
wE: 500 - wI 500
Gamma factor: 1.8629562190387965 - 1202.0
taueE: 1 - tauI 0.5
wE: 500 - wI 600
Gamma factor: 2.0126230151795452 - 1220.0
taueE: 1 - tauI 0.5
wE: 500 - wI 700
Gamma factor: 1.7905221937179987 - 1311.0
taueE: 1 - tauI 0.5
wE: 500 - wI 800
Gamma factor: 1.9130443463536957 - 1252.0
taueE: 1 - tauI 0.5
wE: 500 - wI 900
Gamma factor: 1.5878982610791184 - 1235.0
taueE: 1 - tauI 1
wE: 500 - wI 400
Gamma factor: 1.720542563901943 - 1210.0
taueE: 1 - tauI 1
wE: 500 - wI 500
Gamma factor: 1.6375416125479374 - 1284.0
taueE: 1 - tauI 1
wE: 500 - wI 600
Gamma factor: 1.4354923183823889 - 1251.0
taueE: 1 - tauI 1
wE: 500 - wI 700
Gamma factor: 2.218902219026278 - 1270.0
taueE: 1 - tauI 1
wE: 500 - wI 800
Gamma factor: 1.442103964060959 - 1250.0
taueE: 1 - tauI 1
wE: 500 - wI 900
Gamma factor: 1.7134656989088402 - 1265.0
taueE: 1 - tauI 1.5
wE: 500 - wI 400
Gamma factor: 1.9498255758255059 - 1311.0
taueE: 1 - tauI 1.5
wE: 500 - wI 500
Gamma factor: 1.9524499105701214 - 1237.0
taueE: 1 - tauI 1.5
wE: 500 - wI 600
Gamma factor: 2.0955456402105463 - 1257.0
taueE: 1 - tauI 1.5
wE: 500 - wI 700
Gamma factor: 1.929030611109359 - 1270.0
taueE: 1 - tauI 1.5
wE: 500 - wI 800
Gamma factor: 1.5971278825978772 - 1238.0
taueE: 1 - tauI 1.5
wE: 500 - wI 900
Gamma factor: 1.9382896819566988 - 1245.0
taueE: 1 - tauI 2
wE: 500 - wI 400
Gamma factor: 1.7588424915750749 - 1303.0
taueE: 1 - tauI 2
wE: 500 - wI 500
Gamma factor: 2.0717183858952897 - 1311.0
taueE: 1 - tauI 2
wE: 500 - wI 600
Gamma factor: 2.0319069318654557 - 1206.0
taueE: 1 - tauI 2
wE: 500 - wI 700
Gamma factor: 1.5502175970208127 - 1265.0
taueE: 1 - tauI 2
wE: 500 - wI 800
Gamma factor: 1.7105714662419327 - 1270.0
taueE: 1 - tauI 2
wE: 500 - wI 900
Gamma factor: 2.0360170181860573 - 1278.0
taueE: 1 - tauI 2.5
wE: 500 - wI 400
Gamma factor: 2.002939763673422 - 1205.0
taueE: 1 - tauI 2.5
wE: 500 - wI 500
Gamma factor: 1.9867325530784883 - 1294.0
taueE: 1 - tauI 2.5
wE: 500 - wI 600
Gamma factor: 1.5028596626220572 - 1225.0
taueE: 1 - tauI 2.5
wE: 500 - wI 700
Gamma factor: 1.7108969449012172 - 1260.0
taueE: 1 - tauI 2.5
wE: 500 - wI 800
Gamma factor: 2.028654030910418 - 1252.0
taueE: 1 - tauI 2.5
wE: 500 - wI 900
Gamma factor: 2.0359151225700627 - 1262.0
taueE: 1 - tauI 0.5
wE: 600 - wI 400
Gamma factor: 7.58476886787501 - 1250.0
taueE: 1 - tauI 0.5
wE: 600 - wI 500
Gamma factor: 9.567817229768856 - 1290.0
taueE: 1 - tauI 0.5
wE: 600 - wI 600
Gamma factor: 8.272404422627991 - 1293.0
taueE: 1 - tauI 0.5
wE: 600 - wI 700
Gamma factor: 8.060706595246536 - 1272.0
taueE: 1 - tauI 0.5
wE: 600 - wI 800
Gamma factor: 7.599458688178598 - 1281.0
taueE: 1 - tauI 0.5
wE: 600 - wI 900
Gamma factor: 6.4823119740289314 - 1226.0
taueE: 1 - tauI 1
wE: 600 - wI 400
Gamma factor: 5.432004906860786 - 1248.0
taueE: 1 - tauI 1
wE: 600 - wI 500
Gamma factor: 5.860610800589017 - 1297.0
taueE: 1 - tauI 1
wE: 600 - wI 600
Gamma factor: 6.331652485066079 - 1267.0
taueE: 1 - tauI 1
wE: 600 - wI 700
Gamma factor: 5.773801578184127 - 1236.0
taueE: 1 - tauI 1
wE: 600 - wI 800
Gamma factor: 5.822547001500877 - 1263.0
taueE: 1 - tauI 1
wE: 600 - wI 900
Gamma factor: 5.4177472669221505 - 1236.0
taueE: 1 - tauI 1.5
wE: 600 - wI 400
Gamma factor: 6.537465824481826 - 1261.0
taueE: 1 - tauI 1.5
wE: 600 - wI 500
Gamma factor: 5.623451684037297 - 1283.0
taueE: 1 - tauI 1.5
wE: 600 - wI 600
Gamma factor: 6.389660285473662 - 1262.0
taueE: 1 - tauI 1.5
wE: 600 - wI 700
Gamma factor: 5.368961850748257 - 1227.0
taueE: 1 - tauI 1.5
wE: 600 - wI 800
Gamma factor: 5.48508071098183 - 1251.0
taueE: 1 - tauI 1.5
wE: 600 - wI 900
Gamma factor: 5.286209982372805 - 1255.0
taueE: 1 - tauI 2
wE: 600 - wI 400
Gamma factor: 5.0253435223789396 - 1257.0
taueE: 1 - tauI 2
wE: 600 - wI 500
Gamma factor: 4.704462359390104 - 1255.0
taueE: 1 - tauI 2
wE: 600 - wI 600
Gamma factor: 5.14877109943448 - 1268.0
taueE: 1 - tauI 2
wE: 600 - wI 700
Gamma factor: 5.283743801026606 - 1284.0
taueE: 1 - tauI 2
wE: 600 - wI 800
Gamma factor: 4.067640103615279 - 1286.0
taueE: 1 - tauI 2
wE: 600 - wI 900
Gamma factor: 5.238530064539343 - 1258.0
taueE: 1 - tauI 2.5
wE: 600 - wI 400
Gamma factor: 5.0563585007749605 - 1244.0
taueE: 1 - tauI 2.5
wE: 600 - wI 500
Gamma factor: 4.272224469341498 - 1251.0
taueE: 1 - tauI 2.5
wE: 600 - wI 600
Gamma factor: 4.972619578043628 - 1261.0
taueE: 1 - tauI 2.5
wE: 600 - wI 700
Gamma factor: 4.477923692233706 - 1232.0
taueE: 1 - tauI 2.5
wE: 600 - wI 800
Gamma factor: 4.255824383184126 - 1237.0
taueE: 1 - tauI 2.5
wE: 600 - wI 900
Gamma factor: 3.9424402437194184 - 1243.0
taueE: 1 - tauI 0.5
wE: 700 - wI 400
Gamma factor: 13.877240282614524 - 1276.0
taueE: 1 - tauI 0.5
wE: 700 - wI 500
Gamma factor: 12.347503121656873 - 1267.0
taueE: 1 - tauI 0.5
wE: 700 - wI 600
Gamma factor: 12.235694334987382 - 1259.0
taueE: 1 - tauI 0.5
wE: 700 - wI 700
Gamma factor: 10.72746599584783 - 1239.0
taueE: 1 - tauI 0.5
wE: 700 - wI 800
Gamma factor: 11.593035368956537 - 1280.0
taueE: 1 - tauI 0.5
wE: 700 - wI 900
Gamma factor: 11.294712884042315 - 1237.0
taueE: 1 - tauI 1
wE: 700 - wI 400
Gamma factor: 12.21718111556758 - 1230.0
taueE: 1 - tauI 1
wE: 700 - wI 500
Gamma factor: 10.46909977955401 - 1201.0
taueE: 1 - tauI 1
wE: 700 - wI 600
Gamma factor: 11.023725142128242 - 1281.0
taueE: 1 - tauI 1
wE: 700 - wI 700
Gamma factor: 9.901849971580905 - 1270.0
taueE: 1 - tauI 1
wE: 700 - wI 800
Gamma factor: 11.227203148732354 - 1308.0
taueE: 1 - tauI 1
wE: 700 - wI 900
Gamma factor: 8.684102899117692 - 1238.0
taueE: 1 - tauI 1.5
wE: 700 - wI 400
Gamma factor: 10.573818415453253 - 1223.0
taueE: 1 - tauI 1.5
wE: 700 - wI 500
Gamma factor: 9.342714404314076 - 1235.0
taueE: 1 - tauI 1.5
wE: 700 - wI 600
Gamma factor: 10.038552795965153 - 1283.0
taueE: 1 - tauI 1.5
wE: 700 - wI 700
Gamma factor: 8.498470230216867 - 1257.0
taueE: 1 - tauI 1.5
wE: 700 - wI 800
Gamma factor: 9.031601497366879 - 1228.0
taueE: 1 - tauI 1.5
wE: 700 - wI 900
Gamma factor: 9.322209676565983 - 1316.0
taueE: 1 - tauI 2
wE: 700 - wI 400
Gamma factor: 8.240735572979784 - 1274.0
taueE: 1 - tauI 2
wE: 700 - wI 500
Gamma factor: 9.14884129914298 - 1243.0
taueE: 1 - tauI 2
wE: 700 - wI 600
Gamma factor: 8.299156410738036 - 1259.0
taueE: 1 - tauI 2
wE: 700 - wI 700
Gamma factor: 9.190028631290453 - 1253.0
taueE: 1 - tauI 2
wE: 700 - wI 800
Gamma factor: 9.54972344590363 - 1253.0
taueE: 1 - tauI 2
wE: 700 - wI 900
Gamma factor: 7.0738777456349755 - 1276.0
taueE: 1 - tauI 2.5
wE: 700 - wI 400
Gamma factor: 9.053673038688657 - 1205.0
taueE: 1 - tauI 2.5
wE: 700 - wI 500
Gamma factor: 9.019600031866394 - 1226.0
taueE: 1 - tauI 2.5
wE: 700 - wI 600
Gamma factor: 7.755594956163067 - 1264.0
taueE: 1 - tauI 2.5
wE: 700 - wI 700
Gamma factor: 8.301685459868404 - 1264.0
taueE: 1 - tauI 2.5
wE: 700 - wI 800
Gamma factor: 6.609363591132563 - 1277.0
taueE: 1 - tauI 2.5
wE: 700 - wI 900
Gamma factor: 6.954360898783541 - 1211.0
taueE: 1 - tauI 0.5
wE: 800 - wI 400
Gamma factor: 16.827429604805864 - 1232.0
taueE: 1 - tauI 0.5
wE: 800 - wI 500
Gamma factor: 16.492379926928294 - 1226.0
taueE: 1 - tauI 0.5
wE: 800 - wI 600
Gamma factor: 14.074889590243647 - 1271.0
taueE: 1 - tauI 0.5
wE: 800 - wI 700
Gamma factor: 16.397585525820027 - 1297.0
taueE: 1 - tauI 0.5
wE: 800 - wI 800
Gamma factor: 16.682316058882336 - 1261.0
taueE: 1 - tauI 0.5
wE: 800 - wI 900
Gamma factor: 14.13006168596929 - 1212.0
taueE: 1 - tauI 1
wE: 800 - wI 400
Gamma factor: 14.45647303359182 - 1209.0
taueE: 1 - tauI 1
wE: 800 - wI 500
Gamma factor: 14.217444037862819 - 1270.0
taueE: 1 - tauI 1
wE: 800 - wI 600
Gamma factor: 16.133506932132157 - 1274.0
taueE: 1 - tauI 1
wE: 800 - wI 700
Gamma factor: 12.849703654447318 - 1287.0
taueE: 1 - tauI 1
wE: 800 - wI 800
Gamma factor: 13.672496033814014 - 1198.0
taueE: 1 - tauI 1
wE: 800 - wI 900
Gamma factor: 13.145780877720117 - 1309.0
taueE: 1 - tauI 1.5
wE: 800 - wI 400
Gamma factor: 12.935058879702476 - 1247.0
taueE: 1 - tauI 1.5
wE: 800 - wI 500
Gamma factor: 13.486420455780305 - 1201.0
taueE: 1 - tauI 1.5
wE: 800 - wI 600
Gamma factor: 11.571584847322628 - 1346.0
taueE: 1 - tauI 1.5
wE: 800 - wI 700
Gamma factor: 13.604976887570372 - 1264.0
taueE: 1 - tauI 1.5
wE: 800 - wI 800
Gamma factor: 9.791627718115077 - 1276.0
taueE: 1 - tauI 1.5
wE: 800 - wI 900
Gamma factor: 10.197805945534693 - 1204.0
taueE: 1 - tauI 2
wE: 800 - wI 400
Gamma factor: 12.149432236874866 - 1257.0
taueE: 1 - tauI 2
wE: 800 - wI 500
Gamma factor: 12.330730150919177 - 1282.0
taueE: 1 - tauI 2
wE: 800 - wI 600
Gamma factor: 13.3042194359867 - 1226.0
taueE: 1 - tauI 2
wE: 800 - wI 700
Gamma factor: 11.704315241402526 - 1206.0
taueE: 1 - tauI 2
wE: 800 - wI 800
Gamma factor: 11.983024525827119 - 1297.0
taueE: 1 - tauI 2
wE: 800 - wI 900
Gamma factor: 12.113536241707948 - 1224.0
taueE: 1 - tauI 2.5
wE: 800 - wI 400
Gamma factor: 10.976875708502252 - 1283.0
taueE: 1 - tauI 2.5
wE: 800 - wI 500
Gamma factor: 10.883958501577602 - 1244.0
taueE: 1 - tauI 2.5
wE: 800 - wI 600
Gamma factor: 11.311427763103065 - 1241.0
taueE: 1 - tauI 2.5
wE: 800 - wI 700
Gamma factor: 11.035532590804653 - 1282.0
taueE: 1 - tauI 2.5
wE: 800 - wI 800
Gamma factor: 9.491592703471252 - 1251.0
taueE: 1 - tauI 2.5
wE: 800 - wI 900
Gamma factor: 10.704908179058052 - 1284.0
Final Candidate
[0 0 0 0] 0.0
0.5 300 0.5 400
***********  DONE  ***********
