****** Imports completed *******
args index = 2   -   tauE = 1.5
Load route from /afs/inf.ed.ac.uk/user/s15/s1556895/MSc/CX_Path_Integration/notebooks/data/route.npz
/afs/inf.ed.ac.uk/user/s15/s1556895/MSc/CX_Path_Integration/notebooks/data/route.npz exists - not overwriting it
TL2_neuron_params {'spike_count': [0], 'EL': [-52. * mvolt], 'Vm': [-52. * mvolt], 'EE': [0. * volt], 'EI': [-80. * mvolt], 'gL': [1. * usiemens], 'gE': '(randn() * 1.5 + 4) * 10.*nS', 'gI': '(randn() * 12 + 20) * 10.*nS', 'tauE': [0.5 * msecond], 'tauI': [2. * msecond]}
CL1_neuron_params {'spike_count': [0], 'EL': [-52. * mvolt], 'Vm': [-52. * mvolt], 'EE': [0. * volt], 'EI': [-80. * mvolt], 'gL': [1. * usiemens], 'gE': '(randn() * 1.5 + 4) * 10.*nS', 'gI': '(randn() * 12 + 20) * 10.*nS', 'tauE': [1.5 * msecond], 'tauI': [2. * msecond]}
TB1_neuron_params {'spike_count': [0], 'EL': [-52. * mvolt], 'Vm': [-52. * mvolt], 'EE': [0. * volt], 'EI': [-80. * mvolt], 'gL': [1. * usiemens], 'gE': '(randn() * 1.5 + 4) * 10.*nS', 'gI': '(randn() * 12 + 20) * 10.*nS', 'tauE': [0.5 * msecond], 'tauI': [1. * msecond]}
TN2_neuron_params {'spike_count': [0], 'EL': [-52. * mvolt], 'Vm': [-52. * mvolt], 'EE': [0. * volt], 'EI': [-80. * mvolt], 'gL': [1. * usiemens], 'gE': '(randn() * 1.5 + 4) * 10.*nS', 'gI': '(randn() * 12 + 20) * 10.*nS', 'tauE': [1. * msecond], 'tauI': [2. * msecond]}
CPU4_neuron_params {'spike_count': [0], 'EL': [-52. * mvolt], 'Vm': [-52. * mvolt], 'EE': [0. * volt], 'EI': [-80. * mvolt], 'gL': [1. * usiemens], 'gE': '(randn() * 1.5 + 4) * 10.*nS', 'gI': '(randn() * 12 + 20) * 10.*nS', 'tauE': [1.5 * msecond], 'tauI': [1.5 * msecond]}
H_TL2_synapses_params {'wE': [0.9 * usiemens], 'wI': [200. * nsiemens]}
F_TN2_synapses_params {'wE': [0.75 * usiemens], 'wI': [200. * nsiemens]}
TL2_CL1_synapses_params {'wE': [0.45 * usiemens], 'wI': [200. * nsiemens]}
CL1_TB1_synapses_params {'wE': [0.8 * usiemens], 'wI': [200. * nsiemens]}
TN2_CPU4_synapses_params {'wE': [0.5 * usiemens], 'wI': [0.6 * usiemens]}
TB1_TB1_synapses_params {'wE': [0.7 * usiemens], 'wI': [0.7 * usiemens]}
TB1_CPU4_synapses_params {'wE': [0.5 * usiemens], 'wI': [0.6 * usiemens]}
taueE: 1.5 - tauI 0.5
wE: 300 - wI 400
Gamma factor: 3.035699322208165 - 1194.0
taueE: 1.5 - tauI 0.5
wE: 300 - wI 500
Gamma factor: 2.7526512090939095 - 1288.0
taueE: 1.5 - tauI 0.5
wE: 300 - wI 600
Gamma factor: 2.9426823458460194 - 1206.0
taueE: 1.5 - tauI 0.5
wE: 300 - wI 700
Gamma factor: 3.078297622497672 - 1230.0
taueE: 1.5 - tauI 0.5
wE: 300 - wI 800
Gamma factor: 3.022751683241453 - 1261.0
taueE: 1.5 - tauI 0.5
wE: 300 - wI 900
Gamma factor: 2.9859641703430477 - 1232.0
taueE: 1.5 - tauI 1
wE: 300 - wI 400
Gamma factor: 2.9377762512452312 - 1250.0
taueE: 1.5 - tauI 1
wE: 300 - wI 500
Gamma factor: 2.8715009788644625 - 1280.0
taueE: 1.5 - tauI 1
wE: 300 - wI 600
Gamma factor: 3.0544883122986954 - 1301.0
taueE: 1.5 - tauI 1
wE: 300 - wI 700
Gamma factor: 3.1203844343880673 - 1258.0
taueE: 1.5 - tauI 1
wE: 300 - wI 800
Gamma factor: 2.9624132749663623 - 1221.0
taueE: 1.5 - tauI 1
wE: 300 - wI 900
Gamma factor: 2.8189935055480575 - 1248.0
taueE: 1.5 - tauI 1.5
wE: 300 - wI 400
Gamma factor: 3.071011887409645 - 1223.0
taueE: 1.5 - tauI 1.5
wE: 300 - wI 500
Gamma factor: 2.9392481266100843 - 1249.0
taueE: 1.5 - tauI 1.5
wE: 300 - wI 600
Gamma factor: 3.1524214712324 - 1254.0
taueE: 1.5 - tauI 1.5
wE: 300 - wI 700
Gamma factor: 3.0877389273210936 - 1189.0
taueE: 1.5 - tauI 1.5
wE: 300 - wI 800
Gamma factor: 3.0425679966823687 - 1240.0
taueE: 1.5 - tauI 1.5
wE: 300 - wI 900
Gamma factor: 3.080938177575236 - 1249.0
taueE: 1.5 - tauI 2
wE: 300 - wI 400
Gamma factor: 3.076668854590504 - 1249.0
taueE: 1.5 - tauI 2
wE: 300 - wI 500
Gamma factor: 3.147984088938855 - 1291.0
taueE: 1.5 - tauI 2
wE: 300 - wI 600
Gamma factor: 3.075422171924761 - 1299.0
taueE: 1.5 - tauI 2
wE: 300 - wI 700
Gamma factor: 2.926780833939311 - 1254.0
taueE: 1.5 - tauI 2
wE: 300 - wI 800
Gamma factor: 2.9942013999952035 - 1251.0
taueE: 1.5 - tauI 2
wE: 300 - wI 900
Gamma factor: 3.0757036153647928 - 1215.0
taueE: 1.5 - tauI 2.5
wE: 300 - wI 400
Gamma factor: 2.989055937681571 - 1240.0
taueE: 1.5 - tauI 2.5
wE: 300 - wI 500
Gamma factor: 3.0191384637604552 - 1261.0
taueE: 1.5 - tauI 2.5
wE: 300 - wI 600
Gamma factor: 2.9816449663846223 - 1232.0
taueE: 1.5 - tauI 2.5
wE: 300 - wI 700
Gamma factor: 3.067890449888245 - 1181.0
taueE: 1.5 - tauI 2.5
wE: 300 - wI 800
Gamma factor: 3.1096309321544666 - 1268.0
taueE: 1.5 - tauI 2.5
wE: 300 - wI 900
Gamma factor: 3.0499001942349824 - 1235.0
taueE: 1.5 - tauI 0.5
wE: 400 - wI 400
Gamma factor: 2.3504295770149266 - 1277.0
taueE: 1.5 - tauI 0.5
wE: 400 - wI 500
Gamma factor: 1.966948042878929 - 1252.0
taueE: 1.5 - tauI 0.5
wE: 400 - wI 600
Gamma factor: 1.4366876946782514 - 1184.0
taueE: 1.5 - tauI 0.5
wE: 400 - wI 700
Gamma factor: 2.107993968596082 - 1251.0
taueE: 1.5 - tauI 0.5
wE: 400 - wI 800
Gamma factor: 1.8197674999362783 - 1233.0
taueE: 1.5 - tauI 0.5
wE: 400 - wI 900
Gamma factor: 2.5802469159077477 - 1262.0
taueE: 1.5 - tauI 1
wE: 400 - wI 400
Gamma factor: 2.1199775400540473 - 1281.0
taueE: 1.5 - tauI 1
wE: 400 - wI 500
Gamma factor: 1.3439782140085108 - 1204.0
taueE: 1.5 - tauI 1
wE: 400 - wI 600
Gamma factor: 1.4684254729311392 - 1261.0
taueE: 1.5 - tauI 1
wE: 400 - wI 700
Gamma factor: 1.6354860031835985 - 1237.0
taueE: 1.5 - tauI 1
wE: 400 - wI 800
Gamma factor: 2.0247751665158495 - 1211.0
taueE: 1.5 - tauI 1
wE: 400 - wI 900
Gamma factor: 2.489143438039383 - 1244.0
taueE: 1.5 - tauI 1.5
wE: 400 - wI 400
Gamma factor: 2.4889087134358814 - 1267.0
taueE: 1.5 - tauI 1.5
wE: 400 - wI 500
Gamma factor: 1.7053744467965108 - 1258.0
taueE: 1.5 - tauI 1.5
wE: 400 - wI 600
Gamma factor: 1.7795223421345385 - 1287.0
taueE: 1.5 - tauI 1.5
wE: 400 - wI 700
Gamma factor: 1.40040331773349 - 1169.0
taueE: 1.5 - tauI 1.5
wE: 400 - wI 800
Gamma factor: 2.576984651758696 - 1280.0
taueE: 1.5 - tauI 1.5
wE: 400 - wI 900
Gamma factor: 1.7926452394943282 - 1292.0
taueE: 1.5 - tauI 2
wE: 400 - wI 400
Gamma factor: 1.4239225383080782 - 1220.0
taueE: 1.5 - tauI 2
wE: 400 - wI 500
Gamma factor: 1.3325307099061254 - 1216.0
taueE: 1.5 - tauI 2
wE: 400 - wI 600
Gamma factor: 1.4019000731423379 - 1336.0
taueE: 1.5 - tauI 2
wE: 400 - wI 700
Gamma factor: 1.6277872139477965 - 1323.0
taueE: 1.5 - tauI 2
wE: 400 - wI 800
Gamma factor: 1.2671454976972611 - 1239.0
taueE: 1.5 - tauI 2
wE: 400 - wI 900
Gamma factor: 1.4462245244311354 - 1280.0
taueE: 1.5 - tauI 2.5
wE: 400 - wI 400
Gamma factor: 1.255243883866429 - 1283.0
taueE: 1.5 - tauI 2.5
wE: 400 - wI 500
Gamma factor: 1.5663726838766039 - 1246.0
taueE: 1.5 - tauI 2.5
wE: 400 - wI 600
Gamma factor: 1.2029467081961758 - 1254.0
taueE: 1.5 - tauI 2.5
wE: 400 - wI 700
Gamma factor: 1.8005258376192268 - 1232.0
taueE: 1.5 - tauI 2.5
wE: 400 - wI 800
Gamma factor: 1.5176961007003218 - 1321.0
taueE: 1.5 - tauI 2.5
wE: 400 - wI 900
Gamma factor: 1.5655950194758863 - 1306.0
taueE: 1.5 - tauI 0.5
wE: 500 - wI 400
Gamma factor: 14.844688401331627 - 1255.0
taueE: 1.5 - tauI 0.5
wE: 500 - wI 500
Gamma factor: 12.748138994354749 - 1239.0
taueE: 1.5 - tauI 0.5
wE: 500 - wI 600
Gamma factor: 13.794779999537834 - 1242.0
taueE: 1.5 - tauI 0.5
wE: 500 - wI 700
Gamma factor: 17.038476164025532 - 1229.0
taueE: 1.5 - tauI 0.5
wE: 500 - wI 800
Gamma factor: 13.437369945014261 - 1272.0
taueE: 1.5 - tauI 0.5
wE: 500 - wI 900
Gamma factor: 10.758067162202465 - 1258.0
taueE: 1.5 - tauI 1
wE: 500 - wI 400
Gamma factor: 10.455158492128241 - 1237.0
taueE: 1.5 - tauI 1
wE: 500 - wI 500
Gamma factor: 11.671636915327706 - 1232.0
taueE: 1.5 - tauI 1
wE: 500 - wI 600
Gamma factor: 11.832754518227368 - 1222.0
taueE: 1.5 - tauI 1
wE: 500 - wI 700
Gamma factor: 12.373822120114045 - 1241.0
taueE: 1.5 - tauI 1
wE: 500 - wI 800
Gamma factor: 10.96893162187462 - 1232.0
taueE: 1.5 - tauI 1
wE: 500 - wI 900
Gamma factor: 12.317883144336356 - 1270.0
taueE: 1.5 - tauI 1.5
wE: 500 - wI 400
Gamma factor: 12.310350314204005 - 1225.0
taueE: 1.5 - tauI 1.5
wE: 500 - wI 500
Gamma factor: 9.331871136010434 - 1261.0
taueE: 1.5 - tauI 1.5
wE: 500 - wI 600
Gamma factor: 10.30388466153607 - 1224.0
taueE: 1.5 - tauI 1.5
wE: 500 - wI 700
Gamma factor: 10.867804497790537 - 1247.0
taueE: 1.5 - tauI 1.5
wE: 500 - wI 800
Gamma factor: 10.371968441084288 - 1231.0
taueE: 1.5 - tauI 1.5
wE: 500 - wI 900
Gamma factor: 9.696150051025025 - 1219.0
taueE: 1.5 - tauI 2
wE: 500 - wI 400
Gamma factor: 10.07354287587372 - 1320.0
taueE: 1.5 - tauI 2
wE: 500 - wI 500
Gamma factor: 10.190767848508425 - 1228.0
taueE: 1.5 - tauI 2
wE: 500 - wI 600
Gamma factor: 8.894122450981232 - 1261.0
taueE: 1.5 - tauI 2
wE: 500 - wI 700
Gamma factor: 10.406085307441977 - 1243.0
taueE: 1.5 - tauI 2
wE: 500 - wI 800
Gamma factor: 8.661149741808906 - 1249.0
taueE: 1.5 - tauI 2
wE: 500 - wI 900
Gamma factor: 8.058560911556558 - 1266.0
taueE: 1.5 - tauI 2.5
wE: 500 - wI 400
Gamma factor: 9.861049324516177 - 1254.0
taueE: 1.5 - tauI 2.5
wE: 500 - wI 500
Gamma factor: 7.704425581290325 - 1238.0
taueE: 1.5 - tauI 2.5
wE: 500 - wI 600
Gamma factor: 6.519925500199438 - 1251.0
taueE: 1.5 - tauI 2.5
wE: 500 - wI 700
Gamma factor: 8.37404830896413 - 1295.0
taueE: 1.5 - tauI 2.5
wE: 500 - wI 800
Gamma factor: 7.197152283473319 - 1265.0
taueE: 1.5 - tauI 2.5
wE: 500 - wI 900
Gamma factor: 7.492702903356992 - 1298.0
taueE: 1.5 - tauI 0.5
wE: 600 - wI 400
Gamma factor: 23.649800092905693 - 1232.0
taueE: 1.5 - tauI 0.5
wE: 600 - wI 500
Gamma factor: 20.101567322952484 - 1245.0
taueE: 1.5 - tauI 0.5
wE: 600 - wI 600
Gamma factor: 22.51742847686826 - 1291.0
taueE: 1.5 - tauI 0.5
wE: 600 - wI 700
Gamma factor: 19.116391615143062 - 1232.0
taueE: 1.5 - tauI 0.5
wE: 600 - wI 800
Gamma factor: 17.49513822927648 - 1283.0
taueE: 1.5 - tauI 0.5
wE: 600 - wI 900
Gamma factor: 18.64090293766844 - 1171.0
taueE: 1.5 - tauI 1
wE: 600 - wI 400
Gamma factor: 20.551303225306327 - 1300.0
taueE: 1.5 - tauI 1
wE: 600 - wI 500
Gamma factor: 20.144205513390972 - 1272.0
taueE: 1.5 - tauI 1
wE: 600 - wI 600
Gamma factor: 21.863153881113167 - 1256.0
taueE: 1.5 - tauI 1
wE: 600 - wI 700
Gamma factor: 19.68805843001076 - 1226.0
taueE: 1.5 - tauI 1
wE: 600 - wI 800
Gamma factor: 16.911700894067593 - 1254.0
taueE: 1.5 - tauI 1
wE: 600 - wI 900
Gamma factor: 18.067484195136345 - 1286.0
taueE: 1.5 - tauI 1.5
wE: 600 - wI 400
Gamma factor: 21.106642542006142 - 1258.0
taueE: 1.5 - tauI 1.5
wE: 600 - wI 500
Gamma factor: 16.796408296894374 - 1251.0
taueE: 1.5 - tauI 1.5
wE: 600 - wI 600
Gamma factor: 18.543249697698425 - 1269.0
taueE: 1.5 - tauI 1.5
wE: 600 - wI 700
Gamma factor: 16.554233638857447 - 1279.0
taueE: 1.5 - tauI 1.5
wE: 600 - wI 800
Gamma factor: 16.019576556680075 - 1298.0
taueE: 1.5 - tauI 1.5
wE: 600 - wI 900
Gamma factor: 13.468930169319353 - 1301.0
taueE: 1.5 - tauI 2
wE: 600 - wI 400
Gamma factor: 18.457856911024763 - 1222.0
taueE: 1.5 - tauI 2
wE: 600 - wI 500
Gamma factor: 18.725426607623568 - 1229.0
taueE: 1.5 - tauI 2
wE: 600 - wI 600
Gamma factor: 17.221585694627652 - 1259.0
taueE: 1.5 - tauI 2
wE: 600 - wI 700
Gamma factor: 18.244647264662348 - 1223.0
taueE: 1.5 - tauI 2
wE: 600 - wI 800
Gamma factor: 14.87689879227845 - 1269.0
taueE: 1.5 - tauI 2
wE: 600 - wI 900
Gamma factor: 15.074082941745367 - 1243.0
taueE: 1.5 - tauI 2.5
wE: 600 - wI 400
Gamma factor: 16.54787300350572 - 1207.0
taueE: 1.5 - tauI 2.5
wE: 600 - wI 500
Gamma factor: 15.241190328702114 - 1240.0
taueE: 1.5 - tauI 2.5
wE: 600 - wI 600
Gamma factor: 17.185102796493922 - 1277.0
taueE: 1.5 - tauI 2.5
wE: 600 - wI 700
Gamma factor: 14.263748494413669 - 1237.0
taueE: 1.5 - tauI 2.5
wE: 600 - wI 800
Gamma factor: 16.45673907877211 - 1260.0
taueE: 1.5 - tauI 2.5
wE: 600 - wI 900
Gamma factor: 14.360373448882182 - 1234.0
taueE: 1.5 - tauI 0.5
wE: 700 - wI 400
Gamma factor: 39.20346419685127 - 1244.0
taueE: 1.5 - tauI 0.5
wE: 700 - wI 500
Gamma factor: 40.548719131792154 - 1271.0
taueE: 1.5 - tauI 0.5
wE: 700 - wI 600
Gamma factor: 39.60457485328506 - 1338.0
taueE: 1.5 - tauI 0.5
wE: 700 - wI 700
Gamma factor: 37.26327135119577 - 1243.0
taueE: 1.5 - tauI 0.5
wE: 700 - wI 800
Gamma factor: 40.14126685294733 - 1299.0
taueE: 1.5 - tauI 0.5
wE: 700 - wI 900
Gamma factor: 36.63225807437114 - 1315.0
taueE: 1.5 - tauI 1
wE: 700 - wI 400
Gamma factor: 36.89880133644755 - 1216.0
taueE: 1.5 - tauI 1
wE: 700 - wI 500
Gamma factor: 36.54220666771394 - 1260.0
taueE: 1.5 - tauI 1
wE: 700 - wI 600
Gamma factor: 27.393894445631922 - 1254.0
taueE: 1.5 - tauI 1
wE: 700 - wI 700
Gamma factor: 35.441401179883584 - 1311.0
taueE: 1.5 - tauI 1
wE: 700 - wI 800
Gamma factor: 33.982129026263365 - 1262.0
taueE: 1.5 - tauI 1
wE: 700 - wI 900
Gamma factor: 33.55839067255235 - 1236.0
taueE: 1.5 - tauI 1.5
wE: 700 - wI 400
Gamma factor: 29.857532555003807 - 1232.0
taueE: 1.5 - tauI 1.5
wE: 700 - wI 500
Gamma factor: 31.250377070758688 - 1271.0
taueE: 1.5 - tauI 1.5
wE: 700 - wI 600
Gamma factor: 33.12959651759163 - 1240.0
taueE: 1.5 - tauI 1.5
wE: 700 - wI 700
Gamma factor: 30.58827012944349 - 1261.0
taueE: 1.5 - tauI 1.5
wE: 700 - wI 800
Gamma factor: 30.18310225381164 - 1244.0
taueE: 1.5 - tauI 1.5
wE: 700 - wI 900
Gamma factor: 28.539874844334857 - 1241.0
taueE: 1.5 - tauI 2
wE: 700 - wI 400
Gamma factor: 32.59007379980129 - 1275.0
taueE: 1.5 - tauI 2
wE: 700 - wI 500
Gamma factor: 32.60027409785417 - 1273.0
taueE: 1.5 - tauI 2
wE: 700 - wI 600
Gamma factor: 30.552906859580343 - 1259.0
taueE: 1.5 - tauI 2
wE: 700 - wI 700
Gamma factor: 26.757901972639765 - 1200.0
taueE: 1.5 - tauI 2
wE: 700 - wI 800
Gamma factor: 26.146626447540683 - 1226.0
taueE: 1.5 - tauI 2
wE: 700 - wI 900
Gamma factor: 25.68261222988803 - 1254.0
taueE: 1.5 - tauI 2.5
wE: 700 - wI 400
Gamma factor: 26.950302343669925 - 1241.0
taueE: 1.5 - tauI 2.5
wE: 700 - wI 500
Gamma factor: 25.40515735892499 - 1264.0
taueE: 1.5 - tauI 2.5
wE: 700 - wI 600
Gamma factor: 25.654999951157276 - 1209.0
taueE: 1.5 - tauI 2.5
wE: 700 - wI 700
Gamma factor: 26.879032026355922 - 1249.0
taueE: 1.5 - tauI 2.5
wE: 700 - wI 800
Gamma factor: 24.625043498683276 - 1271.0
taueE: 1.5 - tauI 2.5
wE: 700 - wI 900
Gamma factor: 24.71525853268898 - 1221.0
taueE: 1.5 - tauI 0.5
wE: 800 - wI 400
Gamma factor: 47.39208914931038 - 1269.0
taueE: 1.5 - tauI 0.5
wE: 800 - wI 500
Gamma factor: 45.6940856971405 - 1317.0
taueE: 1.5 - tauI 0.5
wE: 800 - wI 600
Gamma factor: 37.965437441395 - 1256.0
taueE: 1.5 - tauI 0.5
wE: 800 - wI 700
Gamma factor: 45.03005310261639 - 1252.0
taueE: 1.5 - tauI 0.5
wE: 800 - wI 800
Gamma factor: 43.60562665793661 - 1291.0
taueE: 1.5 - tauI 0.5
wE: 800 - wI 900
Gamma factor: 49.61831919471055 - 1187.0
taueE: 1.5 - tauI 1
wE: 800 - wI 400
Gamma factor: 48.60639047512435 - 1265.0
taueE: 1.5 - tauI 1
wE: 800 - wI 500
Gamma factor: 44.05893098575441 - 1280.0
taueE: 1.5 - tauI 1
wE: 800 - wI 600
Gamma factor: 39.29634503996459 - 1275.0
taueE: 1.5 - tauI 1
wE: 800 - wI 700
Gamma factor: 42.57339014483796 - 1266.0
taueE: 1.5 - tauI 1
wE: 800 - wI 800
Gamma factor: 44.84578774937785 - 1288.0
taueE: 1.5 - tauI 1
wE: 800 - wI 900
Gamma factor: 39.89457849971912 - 1241.0
taueE: 1.5 - tauI 1.5
wE: 800 - wI 400
Gamma factor: 40.721787992069196 - 1262.0
taueE: 1.5 - tauI 1.5
wE: 800 - wI 500
Gamma factor: 42.40489528069848 - 1253.0
taueE: 1.5 - tauI 1.5
wE: 800 - wI 600
Gamma factor: 35.9031262029297 - 1221.0
taueE: 1.5 - tauI 1.5
wE: 800 - wI 700
Gamma factor: 40.09127804294451 - 1309.0
taueE: 1.5 - tauI 1.5
wE: 800 - wI 800
Gamma factor: 42.3997867349608 - 1284.0
taueE: 1.5 - tauI 1.5
wE: 800 - wI 900
Gamma factor: 39.05852618297941 - 1259.0
taueE: 1.5 - tauI 2
wE: 800 - wI 400
Gamma factor: 41.71614893327333 - 1256.0
taueE: 1.5 - tauI 2
wE: 800 - wI 500
Gamma factor: 38.599111602356686 - 1225.0
taueE: 1.5 - tauI 2
wE: 800 - wI 600
Gamma factor: 40.650686055386274 - 1304.0
taueE: 1.5 - tauI 2
wE: 800 - wI 700
Gamma factor: 40.330863563827236 - 1247.0
taueE: 1.5 - tauI 2
wE: 800 - wI 800
Gamma factor: 37.24669013714155 - 1283.0
taueE: 1.5 - tauI 2
wE: 800 - wI 900
Gamma factor: 33.62886364370746 - 1214.0
taueE: 1.5 - tauI 2.5
wE: 800 - wI 400
Gamma factor: 42.060967283675 - 1272.0
taueE: 1.5 - tauI 2.5
wE: 800 - wI 500
Gamma factor: 31.397088381995296 - 1269.0
taueE: 1.5 - tauI 2.5
wE: 800 - wI 600
Gamma factor: 39.545615813833045 - 1203.0
taueE: 1.5 - tauI 2.5
wE: 800 - wI 700
Gamma factor: 35.38021943812333 - 1263.0
taueE: 1.5 - tauI 2.5
wE: 800 - wI 800
Gamma factor: 33.598814656029006 - 1329.0
taueE: 1.5 - tauI 2.5
wE: 800 - wI 900
Gamma factor: 33.04347143509386 - 1326.0
Final Candidate
[0 0 0 0] 0.0
0.5 300 0.5 400
***********  DONE  ***********
