****** Imports completed *******
args index = 3   -   tauE = 2
Load route from /afs/inf.ed.ac.uk/user/s15/s1556895/MSc/CX_Path_Integration/notebooks/data/route.npz
/afs/inf.ed.ac.uk/user/s15/s1556895/MSc/CX_Path_Integration/notebooks/data/route.npz exists - not overwriting it
TL2_neuron_params {'spike_count': [0], 'EL': [-52. * mvolt], 'Vm': [-52. * mvolt], 'EE': [0. * volt], 'EI': [-80. * mvolt], 'gL': [1. * usiemens], 'gE': '(randn() * 1.5 + 4) * 10.*nS', 'gI': '(randn() * 12 + 20) * 10.*nS', 'tauE': [0.5 * msecond], 'tauI': [2. * msecond]}
CL1_neuron_params {'spike_count': [0], 'EL': [-52. * mvolt], 'Vm': [-52. * mvolt], 'EE': [0. * volt], 'EI': [-80. * mvolt], 'gL': [1. * usiemens], 'gE': '(randn() * 1.5 + 4) * 10.*nS', 'gI': '(randn() * 12 + 20) * 10.*nS', 'tauE': [1.5 * msecond], 'tauI': [2. * msecond]}
TB1_neuron_params {'spike_count': [0], 'EL': [-52. * mvolt], 'Vm': [-52. * mvolt], 'EE': [0. * volt], 'EI': [-80. * mvolt], 'gL': [1. * usiemens], 'gE': '(randn() * 1.5 + 4) * 10.*nS', 'gI': '(randn() * 12 + 20) * 10.*nS', 'tauE': [0.5 * msecond], 'tauI': [1. * msecond]}
TN2_neuron_params {'spike_count': [0], 'EL': [-52. * mvolt], 'Vm': [-52. * mvolt], 'EE': [0. * volt], 'EI': [-80. * mvolt], 'gL': [1. * usiemens], 'gE': '(randn() * 1.5 + 4) * 10.*nS', 'gI': '(randn() * 12 + 20) * 10.*nS', 'tauE': [1. * msecond], 'tauI': [2. * msecond]}
CPU4_neuron_params {'spike_count': [0], 'EL': [-52. * mvolt], 'Vm': [-52. * mvolt], 'EE': [0. * volt], 'EI': [-80. * mvolt], 'gL': [1. * usiemens], 'gE': '(randn() * 1.5 + 4) * 10.*nS', 'gI': '(randn() * 12 + 20) * 10.*nS', 'tauE': [1.5 * msecond], 'tauI': [1.5 * msecond]}
H_TL2_synapses_params {'wE': [0.9 * usiemens], 'wI': [200. * nsiemens]}
F_TN2_synapses_params {'wE': [0.75 * usiemens], 'wI': [200. * nsiemens]}
TL2_CL1_synapses_params {'wE': [0.45 * usiemens], 'wI': [200. * nsiemens]}
CL1_TB1_synapses_params {'wE': [0.8 * usiemens], 'wI': [200. * nsiemens]}
TN2_CPU4_synapses_params {'wE': [0.5 * usiemens], 'wI': [0.6 * usiemens]}
TB1_TB1_synapses_params {'wE': [0.7 * usiemens], 'wI': [0.7 * usiemens]}
TB1_CPU4_synapses_params {'wE': [0.5 * usiemens], 'wI': [0.6 * usiemens]}
taueE: 2 - tauI 0.5
wE: 300 - wI 400
Gamma factor: 1.4414202362452078 - 1282.0
taueE: 2 - tauI 0.5
wE: 300 - wI 500
Gamma factor: 1.5267319025176667 - 1281.0
taueE: 2 - tauI 0.5
wE: 300 - wI 600
Gamma factor: 1.2309675345133142 - 1221.0
taueE: 2 - tauI 0.5
wE: 300 - wI 700
Gamma factor: 1.1219007604676627 - 1251.0
taueE: 2 - tauI 0.5
wE: 300 - wI 800
Gamma factor: 1.9941981283810981 - 1231.0
taueE: 2 - tauI 0.5
wE: 300 - wI 900
Gamma factor: 1.2532880523099867 - 1247.0
taueE: 2 - tauI 1
wE: 300 - wI 400
Gamma factor: 1.2888194916269613 - 1249.0
taueE: 2 - tauI 1
wE: 300 - wI 500
Gamma factor: 1.2842867982406125 - 1229.0
taueE: 2 - tauI 1
wE: 300 - wI 600
Gamma factor: 1.5611076243285438 - 1256.0
taueE: 2 - tauI 1
wE: 300 - wI 700
Gamma factor: 1.425045447789906 - 1241.0
taueE: 2 - tauI 1
wE: 300 - wI 800
Gamma factor: 1.6984689122618606 - 1297.0
taueE: 2 - tauI 1
wE: 300 - wI 900
Gamma factor: 1.7566960188703662 - 1273.0
taueE: 2 - tauI 1.5
wE: 300 - wI 400
Gamma factor: 1.636892528630924 - 1255.0
taueE: 2 - tauI 1.5
wE: 300 - wI 500
Gamma factor: 1.5697282379197943 - 1256.0
taueE: 2 - tauI 1.5
wE: 300 - wI 600
Gamma factor: 1.4231002085582558 - 1333.0
taueE: 2 - tauI 1.5
wE: 300 - wI 700
Gamma factor: 1.6336836076656183 - 1314.0
taueE: 2 - tauI 1.5
wE: 300 - wI 800
Gamma factor: 1.7544392002998452 - 1235.0
taueE: 2 - tauI 1.5
wE: 300 - wI 900
Gamma factor: 1.186334950981061 - 1256.0
taueE: 2 - tauI 2
wE: 300 - wI 400
Gamma factor: 1.7102753114436968 - 1266.0
taueE: 2 - tauI 2
wE: 300 - wI 500
Gamma factor: 1.5371751042288868 - 1244.0
taueE: 2 - tauI 2
wE: 300 - wI 600
Gamma factor: 1.757546181161732 - 1195.0
taueE: 2 - tauI 2
wE: 300 - wI 700
Gamma factor: 1.5130946064356243 - 1256.0
taueE: 2 - tauI 2
wE: 300 - wI 800
Gamma factor: 1.1808062292108579 - 1217.0
taueE: 2 - tauI 2
wE: 300 - wI 900
Gamma factor: 1.7253672810959975 - 1284.0
taueE: 2 - tauI 2.5
wE: 300 - wI 400
Gamma factor: 1.1327537642125285 - 1205.0
taueE: 2 - tauI 2.5
wE: 300 - wI 500
Gamma factor: 1.3145934799947319 - 1241.0
taueE: 2 - tauI 2.5
wE: 300 - wI 600
Gamma factor: 1.2510170362118629 - 1211.0
taueE: 2 - tauI 2.5
wE: 300 - wI 700
Gamma factor: 1.6950678324216573 - 1191.0
taueE: 2 - tauI 2.5
wE: 300 - wI 800
Gamma factor: 1.2759239478943631 - 1254.0
taueE: 2 - tauI 2.5
wE: 300 - wI 900
Gamma factor: 1.3547805613637733 - 1231.0
taueE: 2 - tauI 0.5
wE: 400 - wI 400
Gamma factor: 12.88379010999011 - 1283.0
taueE: 2 - tauI 0.5
wE: 400 - wI 500
Gamma factor: 16.122850938192098 - 1212.0
taueE: 2 - tauI 0.5
wE: 400 - wI 600
Gamma factor: 14.027783624872537 - 1282.0
taueE: 2 - tauI 0.5
wE: 400 - wI 700
Gamma factor: 13.981648153646262 - 1242.0
taueE: 2 - tauI 0.5
wE: 400 - wI 800
Gamma factor: 12.77771304144347 - 1222.0
taueE: 2 - tauI 0.5
wE: 400 - wI 900
Gamma factor: 15.34472688072359 - 1256.0
taueE: 2 - tauI 1
wE: 400 - wI 400
Gamma factor: 14.915208781083152 - 1263.0
taueE: 2 - tauI 1
wE: 400 - wI 500
Gamma factor: 12.420921940453168 - 1245.0
taueE: 2 - tauI 1
wE: 400 - wI 600
Gamma factor: 12.459170877462352 - 1242.0
taueE: 2 - tauI 1
wE: 400 - wI 700
Gamma factor: 12.772490736531777 - 1222.0
taueE: 2 - tauI 1
wE: 400 - wI 800
Gamma factor: 11.77455110469565 - 1272.0
taueE: 2 - tauI 1
wE: 400 - wI 900
Gamma factor: 11.423637384237079 - 1219.0
taueE: 2 - tauI 1.5
wE: 400 - wI 400
Gamma factor: 12.677169398188203 - 1288.0
taueE: 2 - tauI 1.5
wE: 400 - wI 500
Gamma factor: 11.39533373087404 - 1265.0
taueE: 2 - tauI 1.5
wE: 400 - wI 600
Gamma factor: 11.351557411773047 - 1281.0
taueE: 2 - tauI 1.5
wE: 400 - wI 700
Gamma factor: 9.351359917194333 - 1263.0
taueE: 2 - tauI 1.5
wE: 400 - wI 800
Gamma factor: 9.416591088265552 - 1257.0
taueE: 2 - tauI 1.5
wE: 400 - wI 900
Gamma factor: 8.372691890270094 - 1259.0
taueE: 2 - tauI 2
wE: 400 - wI 400
Gamma factor: 10.964450286243443 - 1258.0
taueE: 2 - tauI 2
wE: 400 - wI 500
Gamma factor: 11.40916612131075 - 1254.0
taueE: 2 - tauI 2
wE: 400 - wI 600
Gamma factor: 9.042840736735469 - 1236.0
taueE: 2 - tauI 2
wE: 400 - wI 700
Gamma factor: 9.40812783927538 - 1232.0
taueE: 2 - tauI 2
wE: 400 - wI 800
Gamma factor: 8.462213742029844 - 1251.0
taueE: 2 - tauI 2
wE: 400 - wI 900
Gamma factor: 7.962065848120501 - 1312.0
taueE: 2 - tauI 2.5
wE: 400 - wI 400
Gamma factor: 9.392856324182379 - 1255.0
taueE: 2 - tauI 2.5
wE: 400 - wI 500
Gamma factor: 6.882294813276193 - 1228.0
taueE: 2 - tauI 2.5
wE: 400 - wI 600
Gamma factor: 6.993716093478375 - 1232.0
taueE: 2 - tauI 2.5
wE: 400 - wI 700
Gamma factor: 7.318563048433131 - 1238.0
taueE: 2 - tauI 2.5
wE: 400 - wI 800
Gamma factor: 7.439315874704446 - 1268.0
taueE: 2 - tauI 2.5
wE: 400 - wI 900
Gamma factor: 7.3999830626689 - 1253.0
taueE: 2 - tauI 0.5
wE: 500 - wI 400
Gamma factor: 27.006361781114272 - 1227.0
taueE: 2 - tauI 0.5
wE: 500 - wI 500
Gamma factor: 28.415119287413134 - 1298.0
taueE: 2 - tauI 0.5
wE: 500 - wI 600
Gamma factor: 25.190145361154837 - 1273.0
taueE: 2 - tauI 0.5
wE: 500 - wI 700
Gamma factor: 24.21506989260056 - 1252.0
taueE: 2 - tauI 0.5
wE: 500 - wI 800
Gamma factor: 28.514192473441177 - 1250.0
taueE: 2 - tauI 0.5
wE: 500 - wI 900
Gamma factor: 28.010631224300596 - 1309.0
taueE: 2 - tauI 1
wE: 500 - wI 400
Gamma factor: 23.92007431683838 - 1239.0
taueE: 2 - tauI 1
wE: 500 - wI 500
Gamma factor: 19.28574170467057 - 1276.0
taueE: 2 - tauI 1
wE: 500 - wI 600
Gamma factor: 24.004458160107426 - 1198.0
taueE: 2 - tauI 1
wE: 500 - wI 700
Gamma factor: 22.54826143857627 - 1251.0
taueE: 2 - tauI 1
wE: 500 - wI 800
Gamma factor: 23.776911012545952 - 1263.0
taueE: 2 - tauI 1
wE: 500 - wI 900
Gamma factor: 22.982309098128095 - 1234.0
taueE: 2 - tauI 1.5
wE: 500 - wI 400
Gamma factor: 25.10335243585461 - 1253.0
taueE: 2 - tauI 1.5
wE: 500 - wI 500
Gamma factor: 26.34575819782613 - 1228.0
taueE: 2 - tauI 1.5
wE: 500 - wI 600
Gamma factor: 20.964022985139053 - 1241.0
taueE: 2 - tauI 1.5
wE: 500 - wI 700
Gamma factor: 20.53219489252438 - 1262.0
taueE: 2 - tauI 1.5
wE: 500 - wI 800
Gamma factor: 21.562414357740153 - 1232.0
taueE: 2 - tauI 1.5
wE: 500 - wI 900
Gamma factor: 22.187636314026605 - 1225.0
taueE: 2 - tauI 2
wE: 500 - wI 400
Gamma factor: 22.262468702022403 - 1303.0
taueE: 2 - tauI 2
wE: 500 - wI 500
Gamma factor: 18.76019725132234 - 1272.0
taueE: 2 - tauI 2
wE: 500 - wI 600
Gamma factor: 18.168046007355688 - 1270.0
taueE: 2 - tauI 2
wE: 500 - wI 700
Gamma factor: 21.27878035873892 - 1245.0
taueE: 2 - tauI 2
wE: 500 - wI 800
Gamma factor: 19.75586237170274 - 1272.0
taueE: 2 - tauI 2
wE: 500 - wI 900
Gamma factor: 17.82139766645698 - 1289.0
taueE: 2 - tauI 2.5
wE: 500 - wI 400
Gamma factor: 21.01064937386444 - 1253.0
taueE: 2 - tauI 2.5
wE: 500 - wI 500
Gamma factor: 20.068114618449776 - 1258.0
taueE: 2 - tauI 2.5
wE: 500 - wI 600
Gamma factor: 19.59003619868189 - 1239.0
taueE: 2 - tauI 2.5
wE: 500 - wI 700
Gamma factor: 18.045532524751284 - 1255.0
taueE: 2 - tauI 2.5
wE: 500 - wI 800
Gamma factor: 20.499585302203243 - 1262.0
taueE: 2 - tauI 2.5
wE: 500 - wI 900
Gamma factor: 17.084980506533235 - 1275.0
taueE: 2 - tauI 0.5
wE: 600 - wI 400
Gamma factor: 57.97716098606119 - 1277.0
taueE: 2 - tauI 0.5
wE: 600 - wI 500
Gamma factor: 58.455628499808675 - 1223.0
taueE: 2 - tauI 0.5
wE: 600 - wI 600
Gamma factor: 50.42657172210957 - 1243.0
taueE: 2 - tauI 0.5
wE: 600 - wI 700
Gamma factor: 47.93736884639392 - 1251.0
taueE: 2 - tauI 0.5
wE: 600 - wI 800
Gamma factor: 51.16131063911392 - 1263.0
taueE: 2 - tauI 0.5
wE: 600 - wI 900
Gamma factor: 49.19148252713512 - 1272.0
taueE: 2 - tauI 1
wE: 600 - wI 400
Gamma factor: 43.77810229028459 - 1202.0
taueE: 2 - tauI 1
wE: 600 - wI 500
Gamma factor: 47.57654627396477 - 1279.0
taueE: 2 - tauI 1
wE: 600 - wI 600
Gamma factor: 47.59752344045826 - 1273.0
taueE: 2 - tauI 1
wE: 600 - wI 700
Gamma factor: 44.651599758574875 - 1220.0
taueE: 2 - tauI 1
wE: 600 - wI 800
Gamma factor: 50.92017183214239 - 1235.0
taueE: 2 - tauI 1
wE: 600 - wI 900
Gamma factor: 43.71388427460676 - 1279.0
taueE: 2 - tauI 1.5
wE: 600 - wI 400
Gamma factor: 44.30692670785034 - 1252.0
taueE: 2 - tauI 1.5
wE: 600 - wI 500
Gamma factor: 42.50896539563536 - 1249.0
taueE: 2 - tauI 1.5
wE: 600 - wI 600
Gamma factor: 43.74937196054457 - 1277.0
taueE: 2 - tauI 1.5
wE: 600 - wI 700
Gamma factor: 38.04145158985507 - 1250.0
taueE: 2 - tauI 1.5
wE: 600 - wI 800
Gamma factor: 43.191201531233496 - 1281.0
taueE: 2 - tauI 1.5
wE: 600 - wI 900
Gamma factor: 37.835099445039475 - 1281.0
taueE: 2 - tauI 2
wE: 600 - wI 400
Gamma factor: 38.999034323129415 - 1294.0
taueE: 2 - tauI 2
wE: 600 - wI 500
Gamma factor: 37.9030424286987 - 1226.0
taueE: 2 - tauI 2
wE: 600 - wI 600
Gamma factor: 34.26440696855842 - 1284.0
taueE: 2 - tauI 2
wE: 600 - wI 700
Gamma factor: 37.81283778170982 - 1206.0
taueE: 2 - tauI 2
wE: 600 - wI 800
Gamma factor: 36.393867413383674 - 1200.0
taueE: 2 - tauI 2
wE: 600 - wI 900
Gamma factor: 32.04326107155441 - 1329.0
taueE: 2 - tauI 2.5
wE: 600 - wI 400
Gamma factor: 36.279242011896386 - 1249.0
taueE: 2 - tauI 2.5
wE: 600 - wI 500
Gamma factor: 32.52168050188638 - 1215.0
taueE: 2 - tauI 2.5
wE: 600 - wI 600
Gamma factor: 35.014354752446025 - 1218.0
taueE: 2 - tauI 2.5
wE: 600 - wI 700
Gamma factor: 33.813141903524155 - 1260.0
taueE: 2 - tauI 2.5
wE: 600 - wI 800
Gamma factor: 35.81161697604722 - 1254.0
taueE: 2 - tauI 2.5
wE: 600 - wI 900
Gamma factor: 33.14399195496706 - 1224.0
taueE: 2 - tauI 0.5
wE: 700 - wI 400
Gamma factor: 67.83265399557432 - 1207.0
taueE: 2 - tauI 0.5
wE: 700 - wI 500
Gamma factor: 72.6765795898884 - 1247.0
taueE: 2 - tauI 0.5
wE: 700 - wI 600
Gamma factor: 78.56583472920643 - 1219.0
taueE: 2 - tauI 0.5
wE: 700 - wI 700
Gamma factor: 64.35781689663003 - 1205.0
taueE: 2 - tauI 0.5
wE: 700 - wI 800
Gamma factor: 71.85511047118254 - 1230.0
taueE: 2 - tauI 0.5
wE: 700 - wI 900
Gamma factor: 67.0802381463279 - 1212.0
taueE: 2 - tauI 1
wE: 700 - wI 400
Gamma factor: 70.75710442567483 - 1277.0
taueE: 2 - tauI 1
wE: 700 - wI 500
Gamma factor: 67.59225287092076 - 1258.0
taueE: 2 - tauI 1
wE: 700 - wI 600
Gamma factor: 55.12241847082633 - 1293.0
taueE: 2 - tauI 1
wE: 700 - wI 700
Gamma factor: 63.21137477924553 - 1290.0
taueE: 2 - tauI 1
wE: 700 - wI 800
Gamma factor: 53.72170995864172 - 1222.0
taueE: 2 - tauI 1
wE: 700 - wI 900
Gamma factor: 54.80801990688643 - 1229.0
taueE: 2 - tauI 1.5
wE: 700 - wI 400
Gamma factor: 64.23536846567664 - 1301.0
taueE: 2 - tauI 1.5
wE: 700 - wI 500
Gamma factor: 60.50747409782774 - 1256.0
taueE: 2 - tauI 1.5
wE: 700 - wI 600
Gamma factor: 55.18425738474378 - 1246.0
taueE: 2 - tauI 1.5
wE: 700 - wI 700
Gamma factor: 57.0271947654689 - 1267.0
taueE: 2 - tauI 1.5
wE: 700 - wI 800
Gamma factor: 51.53582962930429 - 1245.0
taueE: 2 - tauI 1.5
wE: 700 - wI 900
Gamma factor: 62.14560399935888 - 1256.0
taueE: 2 - tauI 2
wE: 700 - wI 400
Gamma factor: 57.78941239096217 - 1250.0
taueE: 2 - tauI 2
wE: 700 - wI 500
Gamma factor: 59.419658945803235 - 1207.0
taueE: 2 - tauI 2
wE: 700 - wI 600
Gamma factor: 54.29667788504349 - 1199.0
taueE: 2 - tauI 2
wE: 700 - wI 700
Gamma factor: 55.99337348983332 - 1246.0
taueE: 2 - tauI 2
wE: 700 - wI 800
Gamma factor: 49.552365325574016 - 1265.0
taueE: 2 - tauI 2
wE: 700 - wI 900
Gamma factor: 50.502742839975 - 1256.0
taueE: 2 - tauI 2.5
wE: 700 - wI 400
Gamma factor: 59.785095530234116 - 1225.0
taueE: 2 - tauI 2.5
wE: 700 - wI 500
Gamma factor: 52.57656233536852 - 1265.0
taueE: 2 - tauI 2.5
wE: 700 - wI 600
Gamma factor: 51.093570415504985 - 1308.0
taueE: 2 - tauI 2.5
wE: 700 - wI 700
Gamma factor: 43.55187810395489 - 1268.0
taueE: 2 - tauI 2.5
wE: 700 - wI 800
Gamma factor: 50.27377711955842 - 1257.0
taueE: 2 - tauI 2.5
wE: 700 - wI 900
Gamma factor: 43.048191291335556 - 1243.0
taueE: 2 - tauI 0.5
wE: 800 - wI 400
Gamma factor: 102.65860045904 - 1191.0
taueE: 2 - tauI 0.5
wE: 800 - wI 500
Gamma factor: 94.15789846630494 - 1299.0
taueE: 2 - tauI 0.5
wE: 800 - wI 600
Gamma factor: 108.17602727738719 - 1315.0
taueE: 2 - tauI 0.5
wE: 800 - wI 700
Gamma factor: 91.18764727181363 - 1284.0
taueE: 2 - tauI 0.5
wE: 800 - wI 800
Gamma factor: 81.37324449114409 - 1253.0
taueE: 2 - tauI 0.5
wE: 800 - wI 900
Gamma factor: 92.90010127682746 - 1269.0
taueE: 2 - tauI 1
wE: 800 - wI 400
Gamma factor: 90.90311965330599 - 1241.0
taueE: 2 - tauI 1
wE: 800 - wI 500
Gamma factor: 91.16176244441259 - 1228.0
taueE: 2 - tauI 1
wE: 800 - wI 600
Gamma factor: 80.00796527456527 - 1209.0
taueE: 2 - tauI 1
wE: 800 - wI 700
Gamma factor: 92.8611882760626 - 1292.0
taueE: 2 - tauI 1
wE: 800 - wI 800
Gamma factor: 77.37755282873154 - 1236.0
taueE: 2 - tauI 1
wE: 800 - wI 900
Gamma factor: 87.02935153215961 - 1265.0
taueE: 2 - tauI 1.5
wE: 800 - wI 400
Gamma factor: 84.36415423280256 - 1278.0
taueE: 2 - tauI 1.5
wE: 800 - wI 500
Gamma factor: 85.17740540663516 - 1219.0
taueE: 2 - tauI 1.5
wE: 800 - wI 600
Gamma factor: 78.76738917435262 - 1238.0
taueE: 2 - tauI 1.5
wE: 800 - wI 700
Gamma factor: 73.19943057806626 - 1219.0
taueE: 2 - tauI 1.5
wE: 800 - wI 800
Gamma factor: 68.28465016646327 - 1191.0
taueE: 2 - tauI 1.5
wE: 800 - wI 900
Gamma factor: 74.48282104666535 - 1199.0
taueE: 2 - tauI 2
wE: 800 - wI 400
Gamma factor: 71.31637133306927 - 1285.0
taueE: 2 - tauI 2
wE: 800 - wI 500
Gamma factor: 78.63383435692728 - 1242.0
taueE: 2 - tauI 2
wE: 800 - wI 600
Gamma factor: 72.9834174709093 - 1292.0
taueE: 2 - tauI 2
wE: 800 - wI 700
Gamma factor: 74.04307314300209 - 1266.0
taueE: 2 - tauI 2
wE: 800 - wI 800
Gamma factor: 73.01486094824088 - 1250.0
taueE: 2 - tauI 2
wE: 800 - wI 900
Gamma factor: 73.77394533361236 - 1248.0
taueE: 2 - tauI 2.5
wE: 800 - wI 400
Gamma factor: 70.86408076428316 - 1223.0
taueE: 2 - tauI 2.5
wE: 800 - wI 500
Gamma factor: 72.57654819491074 - 1236.0
taueE: 2 - tauI 2.5
wE: 800 - wI 600
Gamma factor: 72.7659359661654 - 1185.0
taueE: 2 - tauI 2.5
wE: 800 - wI 700
Gamma factor: 72.54402694805441 - 1274.0
taueE: 2 - tauI 2.5
wE: 800 - wI 800
Gamma factor: 64.55712963953732 - 1231.0
taueE: 2 - tauI 2.5
wE: 800 - wI 900
Gamma factor: 68.40824485089206 - 1277.0
Final Candidate
[0 0 0 0] 0.0
0.5 300 0.5 400
***********  DONE  ***********
