****** Imports completed *******
args index = 4   -   tauE = 2.5
Load route from /afs/inf.ed.ac.uk/user/s15/s1556895/MSc/CX_Path_Integration/notebooks/data/route.npz
/afs/inf.ed.ac.uk/user/s15/s1556895/MSc/CX_Path_Integration/notebooks/data/route.npz exists - not overwriting it
TL2_neuron_params {'spike_count': [0], 'EL': [-52. * mvolt], 'Vm': [-52. * mvolt], 'EE': [0. * volt], 'EI': [-80. * mvolt], 'gL': [1. * usiemens], 'gE': '(randn() * 1.5 + 4) * 10.*nS', 'gI': '(randn() * 12 + 20) * 10.*nS', 'tauE': [0.5 * msecond], 'tauI': [2. * msecond]}
CL1_neuron_params {'spike_count': [0], 'EL': [-52. * mvolt], 'Vm': [-52. * mvolt], 'EE': [0. * volt], 'EI': [-80. * mvolt], 'gL': [1. * usiemens], 'gE': '(randn() * 1.5 + 4) * 10.*nS', 'gI': '(randn() * 12 + 20) * 10.*nS', 'tauE': [1.5 * msecond], 'tauI': [2. * msecond]}
TB1_neuron_params {'spike_count': [0], 'EL': [-52. * mvolt], 'Vm': [-52. * mvolt], 'EE': [0. * volt], 'EI': [-80. * mvolt], 'gL': [1. * usiemens], 'gE': '(randn() * 1.5 + 4) * 10.*nS', 'gI': '(randn() * 12 + 20) * 10.*nS', 'tauE': [0.5 * msecond], 'tauI': [1. * msecond]}
TN2_neuron_params {'spike_count': [0], 'EL': [-52. * mvolt], 'Vm': [-52. * mvolt], 'EE': [0. * volt], 'EI': [-80. * mvolt], 'gL': [1. * usiemens], 'gE': '(randn() * 1.5 + 4) * 10.*nS', 'gI': '(randn() * 12 + 20) * 10.*nS', 'tauE': [1. * msecond], 'tauI': [2. * msecond]}
CPU4_neuron_params {'spike_count': [0], 'EL': [-52. * mvolt], 'Vm': [-52. * mvolt], 'EE': [0. * volt], 'EI': [-80. * mvolt], 'gL': [1. * usiemens], 'gE': '(randn() * 1.5 + 4) * 10.*nS', 'gI': '(randn() * 12 + 20) * 10.*nS', 'tauE': [1.5 * msecond], 'tauI': [1.5 * msecond]}
H_TL2_synapses_params {'wE': [0.9 * usiemens], 'wI': [200. * nsiemens]}
F_TN2_synapses_params {'wE': [0.75 * usiemens], 'wI': [200. * nsiemens]}
TL2_CL1_synapses_params {'wE': [0.45 * usiemens], 'wI': [200. * nsiemens]}
CL1_TB1_synapses_params {'wE': [0.8 * usiemens], 'wI': [200. * nsiemens]}
TN2_CPU4_synapses_params {'wE': [0.5 * usiemens], 'wI': [0.6 * usiemens]}
TB1_TB1_synapses_params {'wE': [0.7 * usiemens], 'wI': [0.7 * usiemens]}
TB1_CPU4_synapses_params {'wE': [0.5 * usiemens], 'wI': [0.6 * usiemens]}
taueE: 2.5 - tauI 0.5
wE: 300 - wI 400
Gamma factor: 6.334268918876392 - 1259.0
taueE: 2.5 - tauI 0.5
wE: 300 - wI 500
Gamma factor: 4.782561031213465 - 1320.0
taueE: 2.5 - tauI 0.5
wE: 300 - wI 600
Gamma factor: 2.926366555413252 - 1235.0
taueE: 2.5 - tauI 0.5
wE: 300 - wI 700
Gamma factor: 4.738961723324788 - 1221.0
taueE: 2.5 - tauI 0.5
wE: 300 - wI 800
Gamma factor: 5.13577962102861 - 1273.0
taueE: 2.5 - tauI 0.5
wE: 300 - wI 900
Gamma factor: 4.331941106851003 - 1241.0
taueE: 2.5 - tauI 1
wE: 300 - wI 400
Gamma factor: 4.504551651151516 - 1248.0
taueE: 2.5 - tauI 1
wE: 300 - wI 500
Gamma factor: 4.345754637340394 - 1221.0
taueE: 2.5 - tauI 1
wE: 300 - wI 600
Gamma factor: 3.9312004377544345 - 1300.0
taueE: 2.5 - tauI 1
wE: 300 - wI 700
Gamma factor: 3.1685454460872275 - 1251.0
taueE: 2.5 - tauI 1
wE: 300 - wI 800
Gamma factor: 4.202494554155561 - 1229.0
taueE: 2.5 - tauI 1
wE: 300 - wI 900
Gamma factor: 5.131199206077394 - 1248.0
taueE: 2.5 - tauI 1.5
wE: 300 - wI 400
Gamma factor: 4.778928427748434 - 1257.0
taueE: 2.5 - tauI 1.5
wE: 300 - wI 500
Gamma factor: 3.8728206902188873 - 1230.0
taueE: 2.5 - tauI 1.5
wE: 300 - wI 600
Gamma factor: 4.331589494112225 - 1245.0
taueE: 2.5 - tauI 1.5
wE: 300 - wI 700
Gamma factor: 4.589317418984365 - 1236.0
taueE: 2.5 - tauI 1.5
wE: 300 - wI 800
Gamma factor: 4.482084679341981 - 1254.0
taueE: 2.5 - tauI 1.5
wE: 300 - wI 900
Gamma factor: 4.327608147269341 - 1286.0
taueE: 2.5 - tauI 2
wE: 300 - wI 400
Gamma factor: 3.4685970423301935 - 1267.0
taueE: 2.5 - tauI 2
wE: 300 - wI 500
Gamma factor: 3.6318561808560528 - 1347.0
taueE: 2.5 - tauI 2
wE: 300 - wI 600
Gamma factor: 3.621146114796386 - 1248.0
taueE: 2.5 - tauI 2
wE: 300 - wI 700
Gamma factor: 2.8436153129720525 - 1293.0
taueE: 2.5 - tauI 2
wE: 300 - wI 800
Gamma factor: 3.4080247035905114 - 1305.0
taueE: 2.5 - tauI 2
wE: 300 - wI 900
Gamma factor: 4.111624320785229 - 1211.0
taueE: 2.5 - tauI 2.5
wE: 300 - wI 400
Gamma factor: 4.070898781869128 - 1255.0
taueE: 2.5 - tauI 2.5
wE: 300 - wI 500
Gamma factor: 3.6589851798110398 - 1194.0
taueE: 2.5 - tauI 2.5
wE: 300 - wI 600
Gamma factor: 4.24045792626289 - 1317.0
taueE: 2.5 - tauI 2.5
wE: 300 - wI 700
Gamma factor: 3.591093323861064 - 1272.0
taueE: 2.5 - tauI 2.5
wE: 300 - wI 800
Gamma factor: 4.981346485619382 - 1296.0
taueE: 2.5 - tauI 2.5
wE: 300 - wI 900
Gamma factor: 2.905900242651925 - 1284.0
taueE: 2.5 - tauI 0.5
wE: 400 - wI 400
Gamma factor: 30.433864126329624 - 1196.0
taueE: 2.5 - tauI 0.5
wE: 400 - wI 500
Gamma factor: 20.78813413288068 - 1320.0
taueE: 2.5 - tauI 0.5
wE: 400 - wI 600
Gamma factor: 21.22800356628597 - 1230.0
taueE: 2.5 - tauI 0.5
wE: 400 - wI 700
Gamma factor: 29.675031163910432 - 1234.0
taueE: 2.5 - tauI 0.5
wE: 400 - wI 800
Gamma factor: 27.897015850726426 - 1274.0
taueE: 2.5 - tauI 0.5
wE: 400 - wI 900
Gamma factor: 25.241133997385923 - 1262.0
taueE: 2.5 - tauI 1
wE: 400 - wI 400
Gamma factor: 25.911199995789694 - 1299.0
taueE: 2.5 - tauI 1
wE: 400 - wI 500
Gamma factor: 23.896248085531383 - 1245.0
taueE: 2.5 - tauI 1
wE: 400 - wI 600
Gamma factor: 24.373335606413143 - 1305.0
taueE: 2.5 - tauI 1
wE: 400 - wI 700
Gamma factor: 25.26987548403163 - 1267.0
taueE: 2.5 - tauI 1
wE: 400 - wI 800
Gamma factor: 20.66856523385311 - 1282.0
taueE: 2.5 - tauI 1
wE: 400 - wI 900
Gamma factor: 22.82577855295424 - 1207.0
taueE: 2.5 - tauI 1.5
wE: 400 - wI 400
Gamma factor: 22.220094513102325 - 1206.0
taueE: 2.5 - tauI 1.5
wE: 400 - wI 500
Gamma factor: 20.246977596054236 - 1288.0
taueE: 2.5 - tauI 1.5
wE: 400 - wI 600
Gamma factor: 17.006200104745734 - 1226.0
taueE: 2.5 - tauI 1.5
wE: 400 - wI 700
Gamma factor: 19.891240171966352 - 1278.0
taueE: 2.5 - tauI 1.5
wE: 400 - wI 800
Gamma factor: 18.83663903014373 - 1220.0
taueE: 2.5 - tauI 1.5
wE: 400 - wI 900
Gamma factor: 21.277442181675333 - 1210.0
taueE: 2.5 - tauI 2
wE: 400 - wI 400
Gamma factor: 23.4855019083254 - 1226.0
taueE: 2.5 - tauI 2
wE: 400 - wI 500
Gamma factor: 18.67579021038603 - 1250.0
taueE: 2.5 - tauI 2
wE: 400 - wI 600
Gamma factor: 19.922003051128012 - 1264.0
taueE: 2.5 - tauI 2
wE: 400 - wI 700
Gamma factor: 19.59746773434716 - 1246.0
taueE: 2.5 - tauI 2
wE: 400 - wI 800
Gamma factor: 16.421832517966696 - 1269.0
taueE: 2.5 - tauI 2
wE: 400 - wI 900
Gamma factor: 20.380270544727786 - 1268.0
taueE: 2.5 - tauI 2.5
wE: 400 - wI 400
Gamma factor: 18.360143559914313 - 1277.0
taueE: 2.5 - tauI 2.5
wE: 400 - wI 500
Gamma factor: 18.96606804943189 - 1238.0
taueE: 2.5 - tauI 2.5
wE: 400 - wI 600
Gamma factor: 15.377702943438022 - 1285.0
taueE: 2.5 - tauI 2.5
wE: 400 - wI 700
Gamma factor: 14.959587991864817 - 1267.0
taueE: 2.5 - tauI 2.5
wE: 400 - wI 800
Gamma factor: 16.391325833355573 - 1237.0
taueE: 2.5 - tauI 2.5
wE: 400 - wI 900
Gamma factor: 17.520634563445846 - 1239.0
taueE: 2.5 - tauI 0.5
wE: 500 - wI 400
Gamma factor: 54.0521892258453 - 1267.0
taueE: 2.5 - tauI 0.5
wE: 500 - wI 500
Gamma factor: 51.642156028213726 - 1196.0
taueE: 2.5 - tauI 0.5
wE: 500 - wI 600
Gamma factor: 53.62364294375091 - 1239.0
taueE: 2.5 - tauI 0.5
wE: 500 - wI 700
Gamma factor: 45.86188181913326 - 1316.0
taueE: 2.5 - tauI 0.5
wE: 500 - wI 800
Gamma factor: 45.7938578770419 - 1260.0
taueE: 2.5 - tauI 0.5
wE: 500 - wI 900
Gamma factor: 47.50636435032226 - 1250.0
taueE: 2.5 - tauI 1
wE: 500 - wI 400
Gamma factor: 44.013564485771994 - 1222.0
taueE: 2.5 - tauI 1
wE: 500 - wI 500
Gamma factor: 47.84649595410173 - 1305.0
taueE: 2.5 - tauI 1
wE: 500 - wI 600
Gamma factor: 46.90977826912541 - 1263.0
taueE: 2.5 - tauI 1
wE: 500 - wI 700
Gamma factor: 43.90541110908692 - 1278.0
taueE: 2.5 - tauI 1
wE: 500 - wI 800
Gamma factor: 40.005052874197595 - 1260.0
taueE: 2.5 - tauI 1
wE: 500 - wI 900
Gamma factor: 43.675870243877625 - 1232.0
taueE: 2.5 - tauI 1.5
wE: 500 - wI 400
Gamma factor: 47.53028174028721 - 1312.0
taueE: 2.5 - tauI 1.5
wE: 500 - wI 500
Gamma factor: 38.22689733384351 - 1226.0
taueE: 2.5 - tauI 1.5
wE: 500 - wI 600
Gamma factor: 39.381351819516254 - 1221.0
taueE: 2.5 - tauI 1.5
wE: 500 - wI 700
Gamma factor: 38.92442928452466 - 1254.0
taueE: 2.5 - tauI 1.5
wE: 500 - wI 800
Gamma factor: 40.4399553394393 - 1260.0
taueE: 2.5 - tauI 1.5
wE: 500 - wI 900
Gamma factor: 37.07801827700427 - 1243.0
taueE: 2.5 - tauI 2
wE: 500 - wI 400
Gamma factor: 38.67957405389532 - 1235.0
taueE: 2.5 - tauI 2
wE: 500 - wI 500
Gamma factor: 39.54857354851788 - 1302.0
taueE: 2.5 - tauI 2
wE: 500 - wI 600
Gamma factor: 35.30305566992624 - 1256.0
taueE: 2.5 - tauI 2
wE: 500 - wI 700
Gamma factor: 35.17379895319371 - 1257.0
taueE: 2.5 - tauI 2
wE: 500 - wI 800
Gamma factor: 34.76860820882659 - 1224.0
taueE: 2.5 - tauI 2
wE: 500 - wI 900
Gamma factor: 32.8138969779634 - 1247.0
taueE: 2.5 - tauI 2.5
wE: 500 - wI 400
Gamma factor: 36.75862043156002 - 1212.0
taueE: 2.5 - tauI 2.5
wE: 500 - wI 500
Gamma factor: 33.21475883238338 - 1237.0
taueE: 2.5 - tauI 2.5
wE: 500 - wI 600
Gamma factor: 30.038635165304235 - 1238.0
taueE: 2.5 - tauI 2.5
wE: 500 - wI 700
Gamma factor: 33.56291683950969 - 1282.0
taueE: 2.5 - tauI 2.5
wE: 500 - wI 800
Gamma factor: 33.17977412296387 - 1278.0
taueE: 2.5 - tauI 2.5
wE: 500 - wI 900
Gamma factor: 29.08910642113693 - 1258.0
taueE: 2.5 - tauI 0.5
wE: 600 - wI 400
Gamma factor: 72.55005369700817 - 1227.0
taueE: 2.5 - tauI 0.5
wE: 600 - wI 500
Gamma factor: 70.52128365699707 - 1255.0
taueE: 2.5 - tauI 0.5
wE: 600 - wI 600
Gamma factor: 72.53960347212926 - 1346.0
taueE: 2.5 - tauI 0.5
wE: 600 - wI 700
Gamma factor: 74.6234061475458 - 1266.0
taueE: 2.5 - tauI 0.5
wE: 600 - wI 800
Gamma factor: 71.52271009584732 - 1306.0
taueE: 2.5 - tauI 0.5
wE: 600 - wI 900
Gamma factor: 71.30050123787919 - 1247.0
taueE: 2.5 - tauI 1
wE: 600 - wI 400
Gamma factor: 71.40995085085532 - 1251.0
taueE: 2.5 - tauI 1
wE: 600 - wI 500
Gamma factor: 60.821181269459274 - 1265.0
taueE: 2.5 - tauI 1
wE: 600 - wI 600
Gamma factor: 68.98336439622082 - 1249.0
taueE: 2.5 - tauI 1
wE: 600 - wI 700
Gamma factor: 56.812429836855614 - 1276.0
taueE: 2.5 - tauI 1
wE: 600 - wI 800
Gamma factor: 64.77100068173318 - 1229.0
taueE: 2.5 - tauI 1
wE: 600 - wI 900
Gamma factor: 63.09289306601737 - 1238.0
taueE: 2.5 - tauI 1.5
wE: 600 - wI 400
Gamma factor: 67.00932284337588 - 1250.0
taueE: 2.5 - tauI 1.5
wE: 600 - wI 500
Gamma factor: 68.0731457380976 - 1230.0
taueE: 2.5 - tauI 1.5
wE: 600 - wI 600
Gamma factor: 62.08265606600838 - 1331.0
taueE: 2.5 - tauI 1.5
wE: 600 - wI 700
Gamma factor: 66.490086218459 - 1187.0
taueE: 2.5 - tauI 1.5
wE: 600 - wI 800
Gamma factor: 60.64527364419345 - 1259.0
taueE: 2.5 - tauI 1.5
wE: 600 - wI 900
Gamma factor: 57.72369489002038 - 1271.0
taueE: 2.5 - tauI 2
wE: 600 - wI 400
Gamma factor: 67.9749687215164 - 1261.0
taueE: 2.5 - tauI 2
wE: 600 - wI 500
Gamma factor: 57.978396581133495 - 1233.0
taueE: 2.5 - tauI 2
wE: 600 - wI 600
Gamma factor: 65.71193765088329 - 1273.0
taueE: 2.5 - tauI 2
wE: 600 - wI 700
Gamma factor: 55.566080321261666 - 1299.0
taueE: 2.5 - tauI 2
wE: 600 - wI 800
Gamma factor: 57.985586840738335 - 1273.0
taueE: 2.5 - tauI 2
wE: 600 - wI 900
Gamma factor: 56.03317617358758 - 1271.0
taueE: 2.5 - tauI 2.5
wE: 600 - wI 400
Gamma factor: 50.554065414743626 - 1296.0
taueE: 2.5 - tauI 2.5
wE: 600 - wI 500
Gamma factor: 59.42072808160593 - 1275.0
taueE: 2.5 - tauI 2.5
wE: 600 - wI 600
Gamma factor: 58.00039150272036 - 1220.0
taueE: 2.5 - tauI 2.5
wE: 600 - wI 700
Gamma factor: 57.3066886126647 - 1254.0
taueE: 2.5 - tauI 2.5
wE: 600 - wI 800
Gamma factor: 50.88183605957738 - 1279.0
taueE: 2.5 - tauI 2.5
wE: 600 - wI 900
Gamma factor: 52.07817896659297 - 1294.0
taueE: 2.5 - tauI 0.5
wE: 700 - wI 400
Gamma factor: 119.54764699430615 - 1288.0
taueE: 2.5 - tauI 0.5
wE: 700 - wI 500
Gamma factor: 113.70001411088417 - 1263.0
taueE: 2.5 - tauI 0.5
wE: 700 - wI 600
Gamma factor: 106.4624837546427 - 1224.0
taueE: 2.5 - tauI 0.5
wE: 700 - wI 700
Gamma factor: 110.4884160290774 - 1323.0
taueE: 2.5 - tauI 0.5
wE: 700 - wI 800
Gamma factor: 106.9717179702676 - 1241.0
taueE: 2.5 - tauI 0.5
wE: 700 - wI 900
Gamma factor: 108.61761911750233 - 1189.0
taueE: 2.5 - tauI 1
wE: 700 - wI 400
Gamma factor: 111.32591171513175 - 1286.0
taueE: 2.5 - tauI 1
wE: 700 - wI 500
Gamma factor: 97.50307918589343 - 1194.0
taueE: 2.5 - tauI 1
wE: 700 - wI 600
Gamma factor: 101.53608130228272 - 1287.0
taueE: 2.5 - tauI 1
wE: 700 - wI 700
Gamma factor: 95.93420845912769 - 1238.0
taueE: 2.5 - tauI 1
wE: 700 - wI 800
Gamma factor: 105.27502839164649 - 1244.0
taueE: 2.5 - tauI 1
wE: 700 - wI 900
Gamma factor: 100.96972714786523 - 1286.0
taueE: 2.5 - tauI 1.5
wE: 700 - wI 400
Gamma factor: 95.71101820051678 - 1235.0
taueE: 2.5 - tauI 1.5
wE: 700 - wI 500
Gamma factor: 94.44287747007102 - 1226.0
taueE: 2.5 - tauI 1.5
wE: 700 - wI 600
Gamma factor: 93.14922114401813 - 1254.0
taueE: 2.5 - tauI 1.5
wE: 700 - wI 700
Gamma factor: 98.21338377121508 - 1226.0
taueE: 2.5 - tauI 1.5
wE: 700 - wI 800
Gamma factor: 84.48889443021389 - 1277.0
taueE: 2.5 - tauI 1.5
wE: 700 - wI 900
Gamma factor: 97.07795866494371 - 1266.0
taueE: 2.5 - tauI 2
wE: 700 - wI 400
Gamma factor: 98.777560449171 - 1276.0
taueE: 2.5 - tauI 2
wE: 700 - wI 500
Gamma factor: 90.74596985528112 - 1249.0
taueE: 2.5 - tauI 2
wE: 700 - wI 600
Gamma factor: 82.53876559865002 - 1263.0
taueE: 2.5 - tauI 2
wE: 700 - wI 700
Gamma factor: 85.38489594835416 - 1245.0
taueE: 2.5 - tauI 2
wE: 700 - wI 800
Gamma factor: 87.76273420508726 - 1269.0
taueE: 2.5 - tauI 2
wE: 700 - wI 900
Gamma factor: 87.24151399296814 - 1254.0
taueE: 2.5 - tauI 2.5
wE: 700 - wI 400
Gamma factor: 86.6288840427987 - 1237.0
taueE: 2.5 - tauI 2.5
wE: 700 - wI 500
Gamma factor: 82.12897606499271 - 1240.0
taueE: 2.5 - tauI 2.5
wE: 700 - wI 600
Gamma factor: 79.76927382350146 - 1205.0
taueE: 2.5 - tauI 2.5
wE: 700 - wI 700
Gamma factor: 81.96566107549668 - 1257.0
taueE: 2.5 - tauI 2.5
wE: 700 - wI 800
Gamma factor: 74.63016768729892 - 1246.0
taueE: 2.5 - tauI 2.5
wE: 700 - wI 900
Gamma factor: 78.18921863882474 - 1269.0
taueE: 2.5 - tauI 0.5
wE: 800 - wI 400
Gamma factor: 149.73675248430686 - 1305.0
taueE: 2.5 - tauI 0.5
wE: 800 - wI 500
Gamma factor: 136.1101139974287 - 1248.0
taueE: 2.5 - tauI 0.5
wE: 800 - wI 600
Gamma factor: 135.15765673728538 - 1269.0
taueE: 2.5 - tauI 0.5
wE: 800 - wI 700
Gamma factor: 113.93500413157284 - 1242.0
taueE: 2.5 - tauI 0.5
wE: 800 - wI 800
Gamma factor: 142.01860341399293 - 1268.0
taueE: 2.5 - tauI 0.5
wE: 800 - wI 900
Gamma factor: 137.89634888342633 - 1238.0
taueE: 2.5 - tauI 1
wE: 800 - wI 400
Gamma factor: 129.94064639029506 - 1277.0
taueE: 2.5 - tauI 1
wE: 800 - wI 500
Gamma factor: 123.34275895646877 - 1263.0
taueE: 2.5 - tauI 1
wE: 800 - wI 600
Gamma factor: 124.17422202821938 - 1250.0
taueE: 2.5 - tauI 1
wE: 800 - wI 700
Gamma factor: 128.81838107847736 - 1258.0
taueE: 2.5 - tauI 1
wE: 800 - wI 800
Gamma factor: 134.924460092557 - 1264.0
taueE: 2.5 - tauI 1
wE: 800 - wI 900
Gamma factor: 122.59683662114986 - 1264.0
taueE: 2.5 - tauI 1.5
wE: 800 - wI 400
Gamma factor: 128.28394460879395 - 1244.0
taueE: 2.5 - tauI 1.5
wE: 800 - wI 500
Gamma factor: 108.32311948640161 - 1332.0
taueE: 2.5 - tauI 1.5
wE: 800 - wI 600
Gamma factor: 126.05194843983799 - 1255.0
taueE: 2.5 - tauI 1.5
wE: 800 - wI 700
Gamma factor: 110.87026546728676 - 1305.0
taueE: 2.5 - tauI 1.5
wE: 800 - wI 800
Gamma factor: 115.34343190873179 - 1228.0
taueE: 2.5 - tauI 1.5
wE: 800 - wI 900
Gamma factor: 113.3974002286631 - 1291.0
taueE: 2.5 - tauI 2
wE: 800 - wI 400
Gamma factor: 113.57750344574865 - 1284.0
taueE: 2.5 - tauI 2
wE: 800 - wI 500
Gamma factor: 121.04503303486254 - 1264.0
taueE: 2.5 - tauI 2
wE: 800 - wI 600
Gamma factor: 103.17971667347203 - 1264.0
taueE: 2.5 - tauI 2
wE: 800 - wI 700
Gamma factor: 109.47195197995231 - 1297.0
taueE: 2.5 - tauI 2
wE: 800 - wI 800
Gamma factor: 102.55062676423134 - 1221.0
taueE: 2.5 - tauI 2
wE: 800 - wI 900
Gamma factor: 99.07136612079861 - 1267.0
taueE: 2.5 - tauI 2.5
wE: 800 - wI 400
Gamma factor: 120.29114553846159 - 1267.0
taueE: 2.5 - tauI 2.5
wE: 800 - wI 500
Gamma factor: 97.99421540328909 - 1229.0
taueE: 2.5 - tauI 2.5
wE: 800 - wI 600
Gamma factor: 109.47897181336168 - 1223.0
taueE: 2.5 - tauI 2.5
wE: 800 - wI 700
Gamma factor: 103.32012081863158 - 1236.0
taueE: 2.5 - tauI 2.5
wE: 800 - wI 800
Gamma factor: 105.24384229872658 - 1205.0
taueE: 2.5 - tauI 2.5
wE: 800 - wI 900
Gamma factor: 95.27630730590525 - 1245.0
Final Candidate
[0 0 0 0] 0.0
0.5 300 0.5 400
***********  DONE  ***********
