****** Imports completed *******
args index = 2   -   tauE = 1.5
Load route from /afs/inf.ed.ac.uk/user/s15/s1556895/MSc/CX_Path_Integration/notebooks/data/route.npz
/afs/inf.ed.ac.uk/user/s15/s1556895/MSc/CX_Path_Integration/notebooks/data/route.npz exists - not overwriting it
TL2_neuron_params {'EL': [-52. * mvolt], 'Vm': [-52. * mvolt], 'EE': [0. * volt], 'EI': [-80. * mvolt], 'gL': [1. * usiemens], 'gE': '(randn() * 1.5 + 4) * 10.*nS', 'gI': '(randn() * 12 + 20) * 10.*nS', 'tauE': [0.5 * msecond], 'tauI': [2. * msecond]}
CL1_neuron_params {'EL': [-52. * mvolt], 'Vm': [-52. * mvolt], 'EE': [0. * volt], 'EI': [-80. * mvolt], 'gL': [1. * usiemens], 'gE': '(randn() * 1.5 + 4) * 10.*nS', 'gI': '(randn() * 12 + 20) * 10.*nS', 'tauE': [1.5 * msecond], 'tauI': [2. * msecond]}
H_TL2_synapses_params {'wE': [0.9 * usiemens], 'wI': [200. * nsiemens]}
TL2_CL1_synapses_params {'wE': [0.45 * usiemens], 'wI': [200. * nsiemens]}
taueE: 1.5 - tauI 0.5
wE: 300 - wI 400
Gamma factor: 1.3606541752550307
taueE: 1.5 - tauI 0.5
wE: 300 - wI 500
Gamma factor: 1.3887463338353174
taueE: 1.5 - tauI 0.5
wE: 300 - wI 600
Gamma factor: 1.4145243316935832
taueE: 1.5 - tauI 0.5
wE: 300 - wI 700
Gamma factor: 1.3953899305288795
taueE: 1.5 - tauI 0.5
wE: 300 - wI 800
Gamma factor: 1.2850767922616848
taueE: 1.5 - tauI 0.5
wE: 300 - wI 900
Gamma factor: 1.3251761798148167
taueE: 1.5 - tauI 1
wE: 300 - wI 400
Gamma factor: 1.3746937972030682
taueE: 1.5 - tauI 1
wE: 300 - wI 500
Gamma factor: 1.3395243223737279
taueE: 1.5 - tauI 1
wE: 300 - wI 600
Gamma factor: 1.4263175821600649
taueE: 1.5 - tauI 1
wE: 300 - wI 700
Gamma factor: 1.4164519160995739
taueE: 1.5 - tauI 1
wE: 300 - wI 800
Gamma factor: 1.4631213647476913
taueE: 1.5 - tauI 1
wE: 300 - wI 900
Gamma factor: 1.4508355846488366
taueE: 1.5 - tauI 1.5
wE: 300 - wI 400
Gamma factor: 1.3192215388405992
taueE: 1.5 - tauI 1.5
wE: 300 - wI 500
Gamma factor: 1.3815890097566457
taueE: 1.5 - tauI 1.5
wE: 300 - wI 600
Gamma factor: 1.4027950959537192
taueE: 1.5 - tauI 1.5
wE: 300 - wI 700
Gamma factor: 1.3357854299458594
taueE: 1.5 - tauI 1.5
wE: 300 - wI 800
Gamma factor: 1.4391166176942147
taueE: 1.5 - tauI 1.5
wE: 300 - wI 900
Gamma factor: 1.3867683896605452
taueE: 1.5 - tauI 2
wE: 300 - wI 400
Gamma factor: 1.3541903676900362
taueE: 1.5 - tauI 2
wE: 300 - wI 500
Gamma factor: 1.4765581258355591
taueE: 1.5 - tauI 2
wE: 300 - wI 600
Gamma factor: 1.4914095587725662
taueE: 1.5 - tauI 2
wE: 300 - wI 700
Gamma factor: 1.5008666994959547
taueE: 1.5 - tauI 2
wE: 300 - wI 800
Gamma factor: 1.4809820357411847
taueE: 1.5 - tauI 2
wE: 300 - wI 900
Gamma factor: 1.4397969982152716
taueE: 1.5 - tauI 2.5
wE: 300 - wI 400
Gamma factor: 1.4636490933391522
taueE: 1.5 - tauI 2.5
wE: 300 - wI 500
Gamma factor: 1.4044966677032251
taueE: 1.5 - tauI 2.5
wE: 300 - wI 600
Gamma factor: 1.4172439130528147
taueE: 1.5 - tauI 2.5
wE: 300 - wI 700
Gamma factor: 1.5256284946650276
taueE: 1.5 - tauI 2.5
wE: 300 - wI 800
Gamma factor: 1.4761683378535755
taueE: 1.5 - tauI 2.5
wE: 300 - wI 900
Gamma factor: 1.4655359038724267
taueE: 1.5 - tauI 0.5
wE: 400 - wI 400
Gamma factor: 2.331446662474521
taueE: 1.5 - tauI 0.5
wE: 400 - wI 500
Gamma factor: 2.204856828282986
taueE: 1.5 - tauI 0.5
wE: 400 - wI 600
Gamma factor: 2.1817479630198306
taueE: 1.5 - tauI 0.5
wE: 400 - wI 700
Gamma factor: 2.1291095046711606
taueE: 1.5 - tauI 0.5
wE: 400 - wI 800
Gamma factor: 2.2248321926555974
taueE: 1.5 - tauI 0.5
wE: 400 - wI 900
Gamma factor: 2.2146239764274145
taueE: 1.5 - tauI 1
wE: 400 - wI 400
Gamma factor: 2.064507859117037
taueE: 1.5 - tauI 1
wE: 400 - wI 500
Gamma factor: 2.0320530657711346
taueE: 1.5 - tauI 1
wE: 400 - wI 600
Gamma factor: 2.0480541041966394
taueE: 1.5 - tauI 1
wE: 400 - wI 700
Gamma factor: 1.9717219875442766
taueE: 1.5 - tauI 1
wE: 400 - wI 800
Gamma factor: 1.932012005614003
taueE: 1.5 - tauI 1
wE: 400 - wI 900
Gamma factor: 1.9986683640461496
taueE: 1.5 - tauI 1.5
wE: 400 - wI 400
Gamma factor: 2.063955374376218
taueE: 1.5 - tauI 1.5
wE: 400 - wI 500
Gamma factor: 2.0358388110478103
taueE: 1.5 - tauI 1.5
wE: 400 - wI 600
Gamma factor: 2.0333235083003527
taueE: 1.5 - tauI 1.5
wE: 400 - wI 700
Gamma factor: 2.0288361697896913
taueE: 1.5 - tauI 1.5
wE: 400 - wI 800
Gamma factor: 1.9439532735765026
taueE: 1.5 - tauI 1.5
wE: 400 - wI 900
Gamma factor: 1.9418517479814246
taueE: 1.5 - tauI 2
wE: 400 - wI 400
Gamma factor: 1.941654552956571
taueE: 1.5 - tauI 2
wE: 400 - wI 500
Gamma factor: 1.882139957521481
taueE: 1.5 - tauI 2
wE: 400 - wI 600
Gamma factor: 2.0509132886361603
taueE: 1.5 - tauI 2
wE: 400 - wI 700
Gamma factor: 1.9699235437922362
taueE: 1.5 - tauI 2
wE: 400 - wI 800
Gamma factor: 1.8855934702341677
taueE: 1.5 - tauI 2
wE: 400 - wI 900
Gamma factor: 1.8294988363188185
taueE: 1.5 - tauI 2.5
wE: 400 - wI 400
Gamma factor: 1.8542989911057324
taueE: 1.5 - tauI 2.5
wE: 400 - wI 500
Gamma factor: 1.9465291853444213
taueE: 1.5 - tauI 2.5
wE: 400 - wI 600
Gamma factor: 1.9457341495384566
taueE: 1.5 - tauI 2.5
wE: 400 - wI 700
Gamma factor: 1.7296056783005982
taueE: 1.5 - tauI 2.5
wE: 400 - wI 800
Gamma factor: 1.903869665942145
taueE: 1.5 - tauI 2.5
wE: 400 - wI 900
Gamma factor: 1.788636323322701
taueE: 1.5 - tauI 0.5
wE: 500 - wI 400
Gamma factor: 3.9280424380772168
taueE: 1.5 - tauI 0.5
wE: 500 - wI 500
Gamma factor: 4.075328879629792
taueE: 1.5 - tauI 0.5
wE: 500 - wI 600
Gamma factor: 3.894545806984052
taueE: 1.5 - tauI 0.5
wE: 500 - wI 700
Gamma factor: 3.7232273944840655
taueE: 1.5 - tauI 0.5
wE: 500 - wI 800
Gamma factor: 3.6666894344080676
taueE: 1.5 - tauI 0.5
wE: 500 - wI 900
Gamma factor: 3.605398991496757
taueE: 1.5 - tauI 1
wE: 500 - wI 400
Gamma factor: 3.5672345134257557
taueE: 1.5 - tauI 1
wE: 500 - wI 500
Gamma factor: 3.7483995349561425
taueE: 1.5 - tauI 1
wE: 500 - wI 600
Gamma factor: 3.597275058331849
taueE: 1.5 - tauI 1
wE: 500 - wI 700
Gamma factor: 3.5291832822371902
taueE: 1.5 - tauI 1
wE: 500 - wI 800
Gamma factor: 3.4524944568209355
taueE: 1.5 - tauI 1
wE: 500 - wI 900
Gamma factor: 3.3746563376780085
taueE: 1.5 - tauI 1.5
wE: 500 - wI 400
Gamma factor: 3.526003973104997
taueE: 1.5 - tauI 1.5
wE: 500 - wI 500
Gamma factor: 3.1826296864808055
taueE: 1.5 - tauI 1.5
wE: 500 - wI 600
Gamma factor: 3.1603865346203497
taueE: 1.5 - tauI 1.5
wE: 500 - wI 700
Gamma factor: 3.2470289158910353
taueE: 1.5 - tauI 1.5
wE: 500 - wI 800
Gamma factor: 3.088736151216745
taueE: 1.5 - tauI 1.5
wE: 500 - wI 900
Gamma factor: 3.081143510203715
taueE: 1.5 - tauI 2
wE: 500 - wI 400
Gamma factor: 3.342564432236017
taueE: 1.5 - tauI 2
wE: 500 - wI 500
Gamma factor: 3.4136020073596605
taueE: 1.5 - tauI 2
wE: 500 - wI 600
Gamma factor: 3.1359758828513264
taueE: 1.5 - tauI 2
wE: 500 - wI 700
Gamma factor: 3.1222850340519104
taueE: 1.5 - tauI 2
wE: 500 - wI 800
Gamma factor: 3.0028221706244835
taueE: 1.5 - tauI 2
wE: 500 - wI 900
Gamma factor: 3.0462750008111272
taueE: 1.5 - tauI 2.5
wE: 500 - wI 400
Gamma factor: 3.3679562396434077
taueE: 1.5 - tauI 2.5
wE: 500 - wI 500
Gamma factor: 3.1052032911747247
taueE: 1.5 - tauI 2.5
wE: 500 - wI 600
Gamma factor: 3.034899508929243
taueE: 1.5 - tauI 2.5
wE: 500 - wI 700
Gamma factor: 2.7687240989028217
taueE: 1.5 - tauI 2.5
wE: 500 - wI 800
Gamma factor: 2.990535910363467
taueE: 1.5 - tauI 2.5
wE: 500 - wI 900
Gamma factor: 3.032358492857254
taueE: 1.5 - tauI 0.5
wE: 600 - wI 400
Gamma factor: 5.271005245401133
taueE: 1.5 - tauI 0.5
wE: 600 - wI 500
Gamma factor: 4.9381626670607
taueE: 1.5 - tauI 0.5
wE: 600 - wI 600
Gamma factor: 4.854413943328147
taueE: 1.5 - tauI 0.5
wE: 600 - wI 700
Gamma factor: 5.0526682397494245
taueE: 1.5 - tauI 0.5
wE: 600 - wI 800
Gamma factor: 5.0953060782177815
taueE: 1.5 - tauI 0.5
wE: 600 - wI 900
Gamma factor: 4.916002120098303
taueE: 1.5 - tauI 1
wE: 600 - wI 400
Gamma factor: 4.913952084675261
taueE: 1.5 - tauI 1
wE: 600 - wI 500
Gamma factor: 4.877347839154691
taueE: 1.5 - tauI 1
wE: 600 - wI 600
Gamma factor: 5.058002781002704
taueE: 1.5 - tauI 1
wE: 600 - wI 700
Gamma factor: 4.741588792210432
taueE: 1.5 - tauI 1
wE: 600 - wI 800
Gamma factor: 4.854444078384174
taueE: 1.5 - tauI 1
wE: 600 - wI 900
Gamma factor: 4.7011520560423286
taueE: 1.5 - tauI 1.5
wE: 600 - wI 400
Gamma factor: 4.8732984925792096
taueE: 1.5 - tauI 1.5
wE: 600 - wI 500
Gamma factor: 4.752805063785887
taueE: 1.5 - tauI 1.5
wE: 600 - wI 600
Gamma factor: 4.786207862747997
taueE: 1.5 - tauI 1.5
wE: 600 - wI 700
Gamma factor: 4.733979886472846
taueE: 1.5 - tauI 1.5
wE: 600 - wI 800
Gamma factor: 4.509556116071122
taueE: 1.5 - tauI 1.5
wE: 600 - wI 900
Gamma factor: 4.511417619851871
taueE: 1.5 - tauI 2
wE: 600 - wI 400
Gamma factor: 4.462958872135413
taueE: 1.5 - tauI 2
wE: 600 - wI 500
Gamma factor: 4.422882828968765
taueE: 1.5 - tauI 2
wE: 600 - wI 600
Gamma factor: 4.394665433420962
taueE: 1.5 - tauI 2
wE: 600 - wI 700
Gamma factor: 4.36707980267318
taueE: 1.5 - tauI 2
wE: 600 - wI 800
Gamma factor: 4.215331022743802
taueE: 1.5 - tauI 2
wE: 600 - wI 900
Gamma factor: 4.115266035808936
taueE: 1.5 - tauI 2.5
wE: 600 - wI 400
Gamma factor: 4.278673401611079
taueE: 1.5 - tauI 2.5
wE: 600 - wI 500
Gamma factor: 4.383869170437679
taueE: 1.5 - tauI 2.5
wE: 600 - wI 600
Gamma factor: 4.322356340609025
taueE: 1.5 - tauI 2.5
wE: 600 - wI 700
Gamma factor: 4.235772763495253
taueE: 1.5 - tauI 2.5
wE: 600 - wI 800
Gamma factor: 3.850290354868643
taueE: 1.5 - tauI 2.5
wE: 600 - wI 900
Gamma factor: 4.148466834952767
taueE: 1.5 - tauI 0.5
wE: 700 - wI 400
Gamma factor: 6.933004066525484
taueE: 1.5 - tauI 0.5
wE: 700 - wI 500
Gamma factor: 6.655183273462788
taueE: 1.5 - tauI 0.5
wE: 700 - wI 600
Gamma factor: 6.746626742360881
taueE: 1.5 - tauI 0.5
wE: 700 - wI 700
Gamma factor: 6.66836378632185
taueE: 1.5 - tauI 0.5
wE: 700 - wI 800
Gamma factor: 6.81630070663801
taueE: 1.5 - tauI 0.5
wE: 700 - wI 900
Gamma factor: 6.69600866234266
taueE: 1.5 - tauI 1
wE: 700 - wI 400
Gamma factor: 6.470015023445459
taueE: 1.5 - tauI 1
wE: 700 - wI 500
Gamma factor: 6.097031848066368
taueE: 1.5 - tauI 1
wE: 700 - wI 600
Gamma factor: 6.671439903658609
taueE: 1.5 - tauI 1
wE: 700 - wI 700
Gamma factor: 5.936175566946135
taueE: 1.5 - tauI 1
wE: 700 - wI 800
Gamma factor: 6.161904624620462
taueE: 1.5 - tauI 1
wE: 700 - wI 900
Gamma factor: 6.037183253402931
taueE: 1.5 - tauI 1.5
wE: 700 - wI 400
Gamma factor: 6.506920919479746
taueE: 1.5 - tauI 1.5
wE: 700 - wI 500
Gamma factor: 5.964999779359067
taueE: 1.5 - tauI 1.5
wE: 700 - wI 600
Gamma factor: 5.859699394627758
taueE: 1.5 - tauI 1.5
wE: 700 - wI 700
Gamma factor: 6.064050274728373
taueE: 1.5 - tauI 1.5
wE: 700 - wI 800
Gamma factor: 5.7350653668062925
taueE: 1.5 - tauI 1.5
wE: 700 - wI 900
Gamma factor: 5.563802865893391
taueE: 1.5 - tauI 2
wE: 700 - wI 400
Gamma factor: 6.313665707950038
taueE: 1.5 - tauI 2
wE: 700 - wI 500
Gamma factor: 5.719354157000817
taueE: 1.5 - tauI 2
wE: 700 - wI 600
Gamma factor: 5.821002771346249
taueE: 1.5 - tauI 2
wE: 700 - wI 700
Gamma factor: 5.482513024271966
taueE: 1.5 - tauI 2
wE: 700 - wI 800
Gamma factor: 5.288667776016048
taueE: 1.5 - tauI 2
wE: 700 - wI 900
Gamma factor: 5.195248869379903
taueE: 1.5 - tauI 2.5
wE: 700 - wI 400
Gamma factor: 5.89331002024797
taueE: 1.5 - tauI 2.5
wE: 700 - wI 500
Gamma factor: 5.61264603137022
taueE: 1.5 - tauI 2.5
wE: 700 - wI 600
Gamma factor: 5.275842533509644
taueE: 1.5 - tauI 2.5
wE: 700 - wI 700
Gamma factor: 5.251789080479725
taueE: 1.5 - tauI 2.5
wE: 700 - wI 800
Gamma factor: 5.170938569617993
taueE: 1.5 - tauI 2.5
wE: 700 - wI 900
Gamma factor: 5.140759757308299
taueE: 1.5 - tauI 0.5
wE: 800 - wI 400
Gamma factor: 8.069477814339864
taueE: 1.5 - tauI 0.5
wE: 800 - wI 500
Gamma factor: 8.128257023069455
taueE: 1.5 - tauI 0.5
wE: 800 - wI 600
Gamma factor: 8.196948025190268
taueE: 1.5 - tauI 0.5
wE: 800 - wI 700
Gamma factor: 7.525416308772096
taueE: 1.5 - tauI 0.5
wE: 800 - wI 800
Gamma factor: 7.962645991197709
taueE: 1.5 - tauI 0.5
wE: 800 - wI 900
Gamma factor: 7.609447650737574
taueE: 1.5 - tauI 1
wE: 800 - wI 400
Gamma factor: 7.752854107481305
taueE: 1.5 - tauI 1
wE: 800 - wI 500
Gamma factor: 7.71092490665165
taueE: 1.5 - tauI 1
wE: 800 - wI 600
Gamma factor: 7.427457676841843
taueE: 1.5 - tauI 1
wE: 800 - wI 700
Gamma factor: 7.734363787476371
taueE: 1.5 - tauI 1
wE: 800 - wI 800
Gamma factor: 7.310512000736514
taueE: 1.5 - tauI 1
wE: 800 - wI 900
Gamma factor: 7.016455663316291
taueE: 1.5 - tauI 1.5
wE: 800 - wI 400
Gamma factor: 7.22206506452612
taueE: 1.5 - tauI 1.5
wE: 800 - wI 500
Gamma factor: 7.240666641793909
taueE: 1.5 - tauI 1.5
wE: 800 - wI 600
Gamma factor: 7.193169615484545
taueE: 1.5 - tauI 1.5
wE: 800 - wI 700
Gamma factor: 7.166768660648401
taueE: 1.5 - tauI 1.5
wE: 800 - wI 800
Gamma factor: 7.155163251231659
taueE: 1.5 - tauI 1.5
wE: 800 - wI 900
Gamma factor: 6.829426337731163
taueE: 1.5 - tauI 2
wE: 800 - wI 400
Gamma factor: 7.101176269374232
taueE: 1.5 - tauI 2
wE: 800 - wI 500
Gamma factor: 6.977794600992881
taueE: 1.5 - tauI 2
wE: 800 - wI 600
Gamma factor: 6.921037020578443
taueE: 1.5 - tauI 2
wE: 800 - wI 700
Gamma factor: 6.50370570975908
taueE: 1.5 - tauI 2
wE: 800 - wI 800
Gamma factor: 6.614566356075663
taueE: 1.5 - tauI 2
wE: 800 - wI 900
Gamma factor: 6.4687676836003405
taueE: 1.5 - tauI 2.5
wE: 800 - wI 400
Gamma factor: 6.957937282640319
taueE: 1.5 - tauI 2.5
wE: 800 - wI 500
Gamma factor: 6.432790843898292
taueE: 1.5 - tauI 2.5
wE: 800 - wI 600
Gamma factor: 6.4152289283027795
taueE: 1.5 - tauI 2.5
wE: 800 - wI 700
Gamma factor: 6.4951113460861825
taueE: 1.5 - tauI 2.5
wE: 800 - wI 800
Gamma factor: 6.176156069930832
taueE: 1.5 - tauI 2.5
wE: 800 - wI 900
Gamma factor: 6.011844511270221
Final Candidate
[0 0 0 0] 0.0
0.5 300 0.5 400
***********  DONE  ***********
