****** Imports completed *******
args index = 1   -   tauE = 0.5
Load route from /afs/inf.ed.ac.uk/user/s15/s1556895/MSc/CX_Path_Integration/notebooks/data/route.npz
/afs/inf.ed.ac.uk/user/s15/s1556895/MSc/CX_Path_Integration/notebooks/data/route.npz exists - not overwriting it
TL2_neuron_params {'EL': [-52. * mvolt], 'Vm': [-52. * mvolt], 'EE': [0. * volt], 'EI': [-80. * mvolt], 'gL': [1. * usiemens], 'gE': '(randn() * 1.5 + 4) * 10.*nS', 'gI': '(randn() * 12 + 20) * 10.*nS', 'tauE': [0.5 * msecond], 'tauI': [2. * msecond]}
CL1_neuron_params {'EL': [-52. * mvolt], 'Vm': [-52. * mvolt], 'EE': [0. * volt], 'EI': [-80. * mvolt], 'gL': [1. * usiemens], 'gE': '(randn() * 1.5 + 4) * 10.*nS', 'gI': '(randn() * 12 + 20) * 10.*nS', 'tauE': [1.5 * msecond], 'tauI': [2. * msecond]}
H_TL2_synapses_params {'wE': [0.9 * usiemens], 'wI': [200. * nsiemens]}
TL2_CL1_synapses_params {'wE': [0.45 * usiemens], 'wI': [200. * nsiemens]}
taueE: 0.5 - tauI 0.1
wE: 500 - wI 500
Gamma factor: 1.3523003814045305
taueE: 0.5 - tauI 0.1
wE: 500 - wI 600
Gamma factor: 1.4500189336344196
taueE: 0.5 - tauI 0.1
wE: 500 - wI 700
Gamma factor: 1.4332184290630559
taueE: 0.5 - tauI 0.1
wE: 500 - wI 800
Gamma factor: 1.3966190133961636
taueE: 0.5 - tauI 0.1
wE: 500 - wI 900
Gamma factor: 1.385408961635619
taueE: 0.5 - tauI 0.1
wE: 500 - wI 1000
Gamma factor: 1.4369539813020316
taueE: 0.5 - tauI 0.5
wE: 500 - wI 500
Gamma factor: 1.5223298833410224
taueE: 0.5 - tauI 0.5
wE: 500 - wI 600
Gamma factor: 1.4350985140838541
taueE: 0.5 - tauI 0.5
wE: 500 - wI 700
Gamma factor: 1.4924891680239032
taueE: 0.5 - tauI 0.5
wE: 500 - wI 800
Gamma factor: 1.4966587731723662
taueE: 0.5 - tauI 0.5
wE: 500 - wI 900
Gamma factor: 1.548587225197723
taueE: 0.5 - tauI 0.5
wE: 500 - wI 1000
Gamma factor: 1.4364060079053553
taueE: 0.5 - tauI 1
wE: 500 - wI 500
Gamma factor: 1.4432809360764258
taueE: 0.5 - tauI 1
wE: 500 - wI 600
Gamma factor: 1.467565939680711
taueE: 0.5 - tauI 1
wE: 500 - wI 700
Gamma factor: 1.5871945512161456
taueE: 0.5 - tauI 1
wE: 500 - wI 800
Gamma factor: 1.4730323089560733
taueE: 0.5 - tauI 1
wE: 500 - wI 900
Gamma factor: 1.5234228604427096
taueE: 0.5 - tauI 1
wE: 500 - wI 1000
Gamma factor: 1.5328449895535705
taueE: 0.5 - tauI 1.5
wE: 500 - wI 500
Gamma factor: 1.6244698111333715
taueE: 0.5 - tauI 1.5
wE: 500 - wI 600
Gamma factor: 1.5257371417968342
taueE: 0.5 - tauI 1.5
wE: 500 - wI 700
Gamma factor: 1.606470233194686
taueE: 0.5 - tauI 1.5
wE: 500 - wI 800
Gamma factor: 1.5311989555482386
taueE: 0.5 - tauI 1.5
wE: 500 - wI 900
Gamma factor: 1.5662227046375972
taueE: 0.5 - tauI 1.5
wE: 500 - wI 1000
Gamma factor: 1.598820693227398
taueE: 0.5 - tauI 2
wE: 500 - wI 500
Gamma factor: 1.5764898714371696
taueE: 0.5 - tauI 2
wE: 500 - wI 600
Gamma factor: 1.5513505348779062
taueE: 0.5 - tauI 2
wE: 500 - wI 700
Gamma factor: 1.6455458838305466
taueE: 0.5 - tauI 2
wE: 500 - wI 800
Gamma factor: 1.5742452928605664
taueE: 0.5 - tauI 2
wE: 500 - wI 900
Gamma factor: 1.682929557127592
taueE: 0.5 - tauI 2
wE: 500 - wI 1000
Gamma factor: 1.6639362642143207
taueE: 0.5 - tauI 0.1
wE: 600 - wI 500
Gamma factor: 1.4326376362235336
taueE: 0.5 - tauI 0.1
wE: 600 - wI 600
Gamma factor: 1.4413880064655014
taueE: 0.5 - tauI 0.1
wE: 600 - wI 700
Gamma factor: 1.6330039090956254
taueE: 0.5 - tauI 0.1
wE: 600 - wI 800
Gamma factor: 1.3857844192818707
taueE: 0.5 - tauI 0.1
wE: 600 - wI 900
Gamma factor: 1.4824528076889094
taueE: 0.5 - tauI 0.1
wE: 600 - wI 1000
Gamma factor: 1.380091758411026
taueE: 0.5 - tauI 0.5
wE: 600 - wI 500
Gamma factor: 1.4970169286571584
taueE: 0.5 - tauI 0.5
wE: 600 - wI 600
Gamma factor: 1.4794503998332482
taueE: 0.5 - tauI 0.5
wE: 600 - wI 700
Gamma factor: 1.4249843630256596
taueE: 0.5 - tauI 0.5
wE: 600 - wI 800
Gamma factor: 1.5000345310893375
taueE: 0.5 - tauI 0.5
wE: 600 - wI 900
Gamma factor: 1.4637391174876084
taueE: 0.5 - tauI 0.5
wE: 600 - wI 1000
Gamma factor: 1.5029150094434498
taueE: 0.5 - tauI 1
wE: 600 - wI 500
Gamma factor: 1.4820344904470943
taueE: 0.5 - tauI 1
wE: 600 - wI 600
Gamma factor: 1.505881382162288
taueE: 0.5 - tauI 1
wE: 600 - wI 700
Gamma factor: 1.2910951027486894
taueE: 0.5 - tauI 1
wE: 600 - wI 800
Gamma factor: 1.538607251114463
taueE: 0.5 - tauI 1
wE: 600 - wI 900
Gamma factor: 1.4632629338843608
taueE: 0.5 - tauI 1
wE: 600 - wI 1000
Gamma factor: 1.389874557489746
taueE: 0.5 - tauI 1.5
wE: 600 - wI 500
Gamma factor: 1.4970547375897765
taueE: 0.5 - tauI 1.5
wE: 600 - wI 600
Gamma factor: 1.5058811985276699
taueE: 0.5 - tauI 1.5
wE: 600 - wI 700
Gamma factor: 1.380334189286741
taueE: 0.5 - tauI 1.5
wE: 600 - wI 800
Gamma factor: 1.4330893652585273
taueE: 0.5 - tauI 1.5
wE: 600 - wI 900
Gamma factor: 1.4593933143524378
taueE: 0.5 - tauI 1.5
wE: 600 - wI 1000
Gamma factor: 1.343317136350071
taueE: 0.5 - tauI 2
wE: 600 - wI 500
Gamma factor: 1.3269288311022711
taueE: 0.5 - tauI 2
wE: 600 - wI 600
Gamma factor: 1.3222826952678988
taueE: 0.5 - tauI 2
wE: 600 - wI 700
Gamma factor: 1.4324540050878112
taueE: 0.5 - tauI 2
wE: 600 - wI 800
Gamma factor: 1.4221194721709731
taueE: 0.5 - tauI 2
wE: 600 - wI 900
Gamma factor: 1.3416981177861442
taueE: 0.5 - tauI 2
wE: 600 - wI 1000
Gamma factor: 1.3541724276757134
taueE: 0.5 - tauI 0.1
wE: 700 - wI 500
Gamma factor: 1.7030446848911671
taueE: 0.5 - tauI 0.1
wE: 700 - wI 600
Gamma factor: 1.7571083250708908
taueE: 0.5 - tauI 0.1
wE: 700 - wI 700
Gamma factor: 1.6924945800503037
taueE: 0.5 - tauI 0.1
wE: 700 - wI 800
Gamma factor: 1.838737451356151
taueE: 0.5 - tauI 0.1
wE: 700 - wI 900
Gamma factor: 1.8588625713371125
taueE: 0.5 - tauI 0.1
wE: 700 - wI 1000
Gamma factor: 1.8289322786382236
taueE: 0.5 - tauI 0.5
wE: 700 - wI 500
Gamma factor: 1.6804982230805123
taueE: 0.5 - tauI 0.5
wE: 700 - wI 600
Gamma factor: 1.6852747530201353
taueE: 0.5 - tauI 0.5
wE: 700 - wI 700
Gamma factor: 1.8203364670770572
taueE: 0.5 - tauI 0.5
wE: 700 - wI 800
Gamma factor: 1.5881822916827812
taueE: 0.5 - tauI 0.5
wE: 700 - wI 900
Gamma factor: 1.8300189811940595
taueE: 0.5 - tauI 0.5
wE: 700 - wI 1000
Gamma factor: 1.828854189167199
taueE: 0.5 - tauI 1
wE: 700 - wI 500
Gamma factor: 1.7943290806845145
taueE: 0.5 - tauI 1
wE: 700 - wI 600
Gamma factor: 1.7719105284657108
taueE: 0.5 - tauI 1
wE: 700 - wI 700
Gamma factor: 1.6936432691351193
taueE: 0.5 - tauI 1
wE: 700 - wI 800
Gamma factor: 1.6437999011604307
taueE: 0.5 - tauI 1
wE: 700 - wI 900
Gamma factor: 1.6567056079845077
taueE: 0.5 - tauI 1
wE: 700 - wI 1000
Gamma factor: 1.7185845705114537
taueE: 0.5 - tauI 1.5
wE: 700 - wI 500
Gamma factor: 1.7541095816359982
taueE: 0.5 - tauI 1.5
wE: 700 - wI 600
Gamma factor: 1.775762056089367
taueE: 0.5 - tauI 1.5
wE: 700 - wI 700
Gamma factor: 1.7457851532439697
taueE: 0.5 - tauI 1.5
wE: 700 - wI 800
Gamma factor: 1.7099155919242883
taueE: 0.5 - tauI 1.5
wE: 700 - wI 900
Gamma factor: 1.7576408734018463
taueE: 0.5 - tauI 1.5
wE: 700 - wI 1000
Gamma factor: 1.5837281764648137
taueE: 0.5 - tauI 2
wE: 700 - wI 500
Gamma factor: 1.7259972607707148
taueE: 0.5 - tauI 2
wE: 700 - wI 600
Gamma factor: 1.6744121450715546
taueE: 0.5 - tauI 2
wE: 700 - wI 700
Gamma factor: 1.6406338686100226
taueE: 0.5 - tauI 2
wE: 700 - wI 800
Gamma factor: 1.6074077956326651
taueE: 0.5 - tauI 2
wE: 700 - wI 900
Gamma factor: 1.7496265584822626
taueE: 0.5 - tauI 2
wE: 700 - wI 1000
Gamma factor: 1.5966618307814784
taueE: 0.5 - tauI 0.1
wE: 800 - wI 500
Gamma factor: 2.6405103670275665
taueE: 0.5 - tauI 0.1
wE: 800 - wI 600
Gamma factor: 2.46220341331908
taueE: 0.5 - tauI 0.1
wE: 800 - wI 700
Gamma factor: 2.5042178986083243
taueE: 0.5 - tauI 0.1
wE: 800 - wI 800
Gamma factor: 2.4669157568474436
taueE: 0.5 - tauI 0.1
wE: 800 - wI 900
Gamma factor: 2.2088903260489046
taueE: 0.5 - tauI 0.1
wE: 800 - wI 1000
Gamma factor: 2.303877095336896
taueE: 0.5 - tauI 0.5
wE: 800 - wI 500
Gamma factor: 2.135072434073045
taueE: 0.5 - tauI 0.5
wE: 800 - wI 600
Gamma factor: 2.1976056089967884
taueE: 0.5 - tauI 0.5
wE: 800 - wI 700
Gamma factor: 2.142440705588405
taueE: 0.5 - tauI 0.5
wE: 800 - wI 800
Gamma factor: 2.195662649052421
taueE: 0.5 - tauI 0.5
wE: 800 - wI 900
Gamma factor: 2.3366277663460107
taueE: 0.5 - tauI 0.5
wE: 800 - wI 1000
Gamma factor: 2.185919244055588
taueE: 0.5 - tauI 1
wE: 800 - wI 500
Gamma factor: 2.209319782819324
taueE: 0.5 - tauI 1
wE: 800 - wI 600
Gamma factor: 2.245194945144767
taueE: 0.5 - tauI 1
wE: 800 - wI 700
Gamma factor: 2.116504467782627
taueE: 0.5 - tauI 1
wE: 800 - wI 800
Gamma factor: 2.1989435303716736
taueE: 0.5 - tauI 1
wE: 800 - wI 900
Gamma factor: 2.185043491638237
taueE: 0.5 - tauI 1
wE: 800 - wI 1000
Gamma factor: 2.0048340445649773
taueE: 0.5 - tauI 1.5
wE: 800 - wI 500
Gamma factor: 2.0471400490085445
taueE: 0.5 - tauI 1.5
wE: 800 - wI 600
Gamma factor: 2.3435243239744104
taueE: 0.5 - tauI 1.5
wE: 800 - wI 700
Gamma factor: 2.1505235731000387
taueE: 0.5 - tauI 1.5
wE: 800 - wI 800
Gamma factor: 2.148479799314237
taueE: 0.5 - tauI 1.5
wE: 800 - wI 900
Gamma factor: 1.8694814309870598
taueE: 0.5 - tauI 1.5
wE: 800 - wI 1000
Gamma factor: 1.8795228862553783
taueE: 0.5 - tauI 2
wE: 800 - wI 500
Gamma factor: 2.0627243842667884
taueE: 0.5 - tauI 2
wE: 800 - wI 600
Gamma factor: 2.1127464448293125
taueE: 0.5 - tauI 2
wE: 800 - wI 700
Gamma factor: 1.930045241676221
taueE: 0.5 - tauI 2
wE: 800 - wI 800
Gamma factor: 2.0200268081589914
taueE: 0.5 - tauI 2
wE: 800 - wI 900
Gamma factor: 2.0713466712710673
taueE: 0.5 - tauI 2
wE: 800 - wI 1000
Gamma factor: 1.9945855309752794
taueE: 0.5 - tauI 0.1
wE: 900 - wI 500
Gamma factor: 4.440992045393672
taueE: 0.5 - tauI 0.1
wE: 900 - wI 600
Gamma factor: 4.488658847803949
taueE: 0.5 - tauI 0.1
wE: 900 - wI 700
Gamma factor: 4.557426898815525
taueE: 0.5 - tauI 0.1
wE: 900 - wI 800
Gamma factor: 4.649646406600059
taueE: 0.5 - tauI 0.1
wE: 900 - wI 900
Gamma factor: 4.443369649934217
taueE: 0.5 - tauI 0.1
wE: 900 - wI 1000
Gamma factor: 4.607792491117476
taueE: 0.5 - tauI 0.5
wE: 900 - wI 500
Gamma factor: 3.895301426390546
taueE: 0.5 - tauI 0.5
wE: 900 - wI 600
Gamma factor: 3.9007601138176833
taueE: 0.5 - tauI 0.5
wE: 900 - wI 700
Gamma factor: 3.939580510060112
taueE: 0.5 - tauI 0.5
wE: 900 - wI 800
Gamma factor: 3.5501455065852543
taueE: 0.5 - tauI 0.5
wE: 900 - wI 900
Gamma factor: 3.70267269517352
taueE: 0.5 - tauI 0.5
wE: 900 - wI 1000
Gamma factor: 3.820196970786289
taueE: 0.5 - tauI 1
wE: 900 - wI 500
Gamma factor: 3.5283183732538714
taueE: 0.5 - tauI 1
wE: 900 - wI 600
Gamma factor: 3.467667182126312
taueE: 0.5 - tauI 1
wE: 900 - wI 700
Gamma factor: 3.4399876708162624
taueE: 0.5 - tauI 1
wE: 900 - wI 800
Gamma factor: 3.3177460210288388
taueE: 0.5 - tauI 1
wE: 900 - wI 900
Gamma factor: 3.6477667959450173
taueE: 0.5 - tauI 1
wE: 900 - wI 1000
Gamma factor: 3.219193602738139
taueE: 0.5 - tauI 1.5
wE: 900 - wI 500
Gamma factor: 3.2736156189369243
taueE: 0.5 - tauI 1.5
wE: 900 - wI 600
Gamma factor: 3.432659746988663
taueE: 0.5 - tauI 1.5
wE: 900 - wI 700
Gamma factor: 3.304851799440472
taueE: 0.5 - tauI 1.5
wE: 900 - wI 800
Gamma factor: 3.3382464618119423
taueE: 0.5 - tauI 1.5
wE: 900 - wI 900
Gamma factor: 3.079550776624507
taueE: 0.5 - tauI 1.5
wE: 900 - wI 1000
Gamma factor: 3.1865731434988875
taueE: 0.5 - tauI 2
wE: 900 - wI 500
Gamma factor: 3.3089369645852713
taueE: 0.5 - tauI 2
wE: 900 - wI 600
Gamma factor: 3.086308332915106
taueE: 0.5 - tauI 2
wE: 900 - wI 700
Gamma factor: 3.0534636365466494
taueE: 0.5 - tauI 2
wE: 900 - wI 800
Gamma factor: 3.0751944514882665
taueE: 0.5 - tauI 2
wE: 900 - wI 900
Gamma factor: 3.0472269824750646
taueE: 0.5 - tauI 2
wE: 900 - wI 1000
Gamma factor: 2.9887977550994664
taueE: 0.5 - tauI 0.1
wE: 1000 - wI 500
Gamma factor: 5.342219613158886
taueE: 0.5 - tauI 0.1
wE: 1000 - wI 600
Gamma factor: 5.27039974131437
taueE: 0.5 - tauI 0.1
wE: 1000 - wI 700
Gamma factor: 5.363473285570877
taueE: 0.5 - tauI 0.1
wE: 1000 - wI 800
Gamma factor: 5.201054030585399
taueE: 0.5 - tauI 0.1
wE: 1000 - wI 900
Gamma factor: 5.108041713740027
taueE: 0.5 - tauI 0.1
wE: 1000 - wI 1000
Gamma factor: 5.132569431917007
taueE: 0.5 - tauI 0.5
wE: 1000 - wI 500
Gamma factor: 4.752459330236036
taueE: 0.5 - tauI 0.5
wE: 1000 - wI 600
Gamma factor: 4.91909771361833
taueE: 0.5 - tauI 0.5
wE: 1000 - wI 700
Gamma factor: 4.8065073723934635
taueE: 0.5 - tauI 0.5
wE: 1000 - wI 800
Gamma factor: 4.809058667001416
taueE: 0.5 - tauI 0.5
wE: 1000 - wI 900
Gamma factor: 4.986263070333922
taueE: 0.5 - tauI 0.5
wE: 1000 - wI 1000
Gamma factor: 4.553686036603088
taueE: 0.5 - tauI 1
wE: 1000 - wI 500
Gamma factor: 4.480170871826612
taueE: 0.5 - tauI 1
wE: 1000 - wI 600
Gamma factor: 4.505363021132155
taueE: 0.5 - tauI 1
wE: 1000 - wI 700
Gamma factor: 4.666926368638779
taueE: 0.5 - tauI 1
wE: 1000 - wI 800
Gamma factor: 4.724368848735515
taueE: 0.5 - tauI 1
wE: 1000 - wI 900
Gamma factor: 4.058629618723962
taueE: 0.5 - tauI 1
wE: 1000 - wI 1000
Gamma factor: 4.2734363535353275
taueE: 0.5 - tauI 1.5
wE: 1000 - wI 500
Gamma factor: 4.342997859930271
taueE: 0.5 - tauI 1.5
wE: 1000 - wI 600
Gamma factor: 4.346582138731646
taueE: 0.5 - tauI 1.5
wE: 1000 - wI 700
Gamma factor: 4.229033494099657
taueE: 0.5 - tauI 1.5
wE: 1000 - wI 800
Gamma factor: 4.048471845200555
taueE: 0.5 - tauI 1.5
wE: 1000 - wI 900
Gamma factor: 3.926114756743098
taueE: 0.5 - tauI 1.5
wE: 1000 - wI 1000
Gamma factor: 3.752105035106985
taueE: 0.5 - tauI 2
wE: 1000 - wI 500
Gamma factor: 3.920032136942261
taueE: 0.5 - tauI 2
wE: 1000 - wI 600
Gamma factor: 4.01499621707545
taueE: 0.5 - tauI 2
wE: 1000 - wI 700
Gamma factor: 3.8730755984698013
taueE: 0.5 - tauI 2
wE: 1000 - wI 800
Gamma factor: 3.719450777570769
taueE: 0.5 - tauI 2
wE: 1000 - wI 900
Gamma factor: 3.672051800234078
taueE: 0.5 - tauI 2
wE: 1000 - wI 1000
Gamma factor: 3.554077300632078
Final Candidate
[0 0 0 0] 0.0
0.1 500 0.1 500
***********  DONE  ***********
