****** Imports completed *******
args index = 2   -   tauE = 1
Load route from /afs/inf.ed.ac.uk/user/s15/s1556895/MSc/CX_Path_Integration/notebooks/data/route.npz
/afs/inf.ed.ac.uk/user/s15/s1556895/MSc/CX_Path_Integration/notebooks/data/route.npz exists - not overwriting it
TL2_neuron_params {'EL': [-52. * mvolt], 'Vm': [-52. * mvolt], 'EE': [0. * volt], 'EI': [-80. * mvolt], 'gL': [1. * usiemens], 'gE': '(randn() * 1.5 + 4) * 10.*nS', 'gI': '(randn() * 12 + 20) * 10.*nS', 'tauE': [0.5 * msecond], 'tauI': [2. * msecond]}
CL1_neuron_params {'EL': [-52. * mvolt], 'Vm': [-52. * mvolt], 'EE': [0. * volt], 'EI': [-80. * mvolt], 'gL': [1. * usiemens], 'gE': '(randn() * 1.5 + 4) * 10.*nS', 'gI': '(randn() * 12 + 20) * 10.*nS', 'tauE': [1.5 * msecond], 'tauI': [2. * msecond]}
H_TL2_synapses_params {'wE': [0.9 * usiemens], 'wI': [200. * nsiemens]}
TL2_CL1_synapses_params {'wE': [0.45 * usiemens], 'wI': [200. * nsiemens]}
taueE: 1 - tauI 0.1
wE: 500 - wI 500
Gamma factor: 3.7534582825161014
taueE: 1 - tauI 0.1
wE: 500 - wI 600
Gamma factor: 3.6611538253733373
taueE: 1 - tauI 0.1
wE: 500 - wI 700
Gamma factor: 3.4855081978084956
taueE: 1 - tauI 0.1
wE: 500 - wI 800
Gamma factor: 3.709484230709875
taueE: 1 - tauI 0.1
wE: 500 - wI 900
Gamma factor: 3.4640826089306413
taueE: 1 - tauI 0.1
wE: 500 - wI 1000
Gamma factor: 3.61190525691616
taueE: 1 - tauI 0.5
wE: 500 - wI 500
Gamma factor: 3.4403960344892406
taueE: 1 - tauI 0.5
wE: 500 - wI 600
Gamma factor: 3.5087700252269625
taueE: 1 - tauI 0.5
wE: 500 - wI 700
Gamma factor: 3.277192152085276
taueE: 1 - tauI 0.5
wE: 500 - wI 800
Gamma factor: 3.296652772683425
taueE: 1 - tauI 0.5
wE: 500 - wI 900
Gamma factor: 3.44405877541129
taueE: 1 - tauI 0.5
wE: 500 - wI 1000
Gamma factor: 3.1505691769425166
taueE: 1 - tauI 1
wE: 500 - wI 500
Gamma factor: 3.2147733873301103
taueE: 1 - tauI 1
wE: 500 - wI 600
Gamma factor: 3.3561202827871344
taueE: 1 - tauI 1
wE: 500 - wI 700
Gamma factor: 3.1455070188428498
taueE: 1 - tauI 1
wE: 500 - wI 800
Gamma factor: 3.017312568427865
taueE: 1 - tauI 1
wE: 500 - wI 900
Gamma factor: 3.1373762611636833
taueE: 1 - tauI 1
wE: 500 - wI 1000
Gamma factor: 3.1942922557931293
taueE: 1 - tauI 1.5
wE: 500 - wI 500
Gamma factor: 3.028783462152794
taueE: 1 - tauI 1.5
wE: 500 - wI 600
Gamma factor: 3.4387442723549793
taueE: 1 - tauI 1.5
wE: 500 - wI 700
Gamma factor: 3.1715342159079998
taueE: 1 - tauI 1.5
wE: 500 - wI 800
Gamma factor: 3.027343087797847
taueE: 1 - tauI 1.5
wE: 500 - wI 900
Gamma factor: 3.1725184778254487
taueE: 1 - tauI 1.5
wE: 500 - wI 1000
Gamma factor: 3.072551469579615
taueE: 1 - tauI 2
wE: 500 - wI 500
Gamma factor: 2.954996333515166
taueE: 1 - tauI 2
wE: 500 - wI 600
Gamma factor: 3.00026512572537
taueE: 1 - tauI 2
wE: 500 - wI 700
Gamma factor: 2.7318318585958776
taueE: 1 - tauI 2
wE: 500 - wI 800
Gamma factor: 2.866570461705863
taueE: 1 - tauI 2
wE: 500 - wI 900
Gamma factor: 2.9861621200664676
taueE: 1 - tauI 2
wE: 500 - wI 1000
Gamma factor: 2.7335473617208725
taueE: 1 - tauI 0.1
wE: 600 - wI 500
Gamma factor: 5.646657498078776
taueE: 1 - tauI 0.1
wE: 600 - wI 600
Gamma factor: 5.898088671751221
taueE: 1 - tauI 0.1
wE: 600 - wI 700
Gamma factor: 5.868179306304929
taueE: 1 - tauI 0.1
wE: 600 - wI 800
Gamma factor: 5.980226979075919
taueE: 1 - tauI 0.1
wE: 600 - wI 900
Gamma factor: 6.009669123118204
taueE: 1 - tauI 0.1
wE: 600 - wI 1000
Gamma factor: 5.769152660643327
taueE: 1 - tauI 0.5
wE: 600 - wI 500
Gamma factor: 5.549890328940177
taueE: 1 - tauI 0.5
wE: 600 - wI 600
Gamma factor: 5.570676372249963
taueE: 1 - tauI 0.5
wE: 600 - wI 700
Gamma factor: 5.041532744691325
taueE: 1 - tauI 0.5
wE: 600 - wI 800
Gamma factor: 5.384585948640581
taueE: 1 - tauI 0.5
wE: 600 - wI 900
Gamma factor: 5.299606484740165
taueE: 1 - tauI 0.5
wE: 600 - wI 1000
Gamma factor: 5.105265809995402
taueE: 1 - tauI 1
wE: 600 - wI 500
Gamma factor: 4.806565251535504
taueE: 1 - tauI 1
wE: 600 - wI 600
Gamma factor: 4.894997495121893
taueE: 1 - tauI 1
wE: 600 - wI 700
Gamma factor: 5.142799624800089
taueE: 1 - tauI 1
wE: 600 - wI 800
Gamma factor: 4.943773471269093
taueE: 1 - tauI 1
wE: 600 - wI 900
Gamma factor: 4.662628295217127
taueE: 1 - tauI 1
wE: 600 - wI 1000
Gamma factor: 4.905007352579158
taueE: 1 - tauI 1.5
wE: 600 - wI 500
Gamma factor: 4.542674332530081
taueE: 1 - tauI 1.5
wE: 600 - wI 600
Gamma factor: 4.6544814810608335
taueE: 1 - tauI 1.5
wE: 600 - wI 700
Gamma factor: 4.4193589059626
taueE: 1 - tauI 1.5
wE: 600 - wI 800
Gamma factor: 4.690667567680109
taueE: 1 - tauI 1.5
wE: 600 - wI 900
Gamma factor: 4.5769761533727955
taueE: 1 - tauI 1.5
wE: 600 - wI 1000
Gamma factor: 4.542102714545331
taueE: 1 - tauI 2
wE: 600 - wI 500
Gamma factor: 4.5583371294482
taueE: 1 - tauI 2
wE: 600 - wI 600
Gamma factor: 4.270023313918733
taueE: 1 - tauI 2
wE: 600 - wI 700
Gamma factor: 4.514827446218627
taueE: 1 - tauI 2
wE: 600 - wI 800
Gamma factor: 4.306958065535858
taueE: 1 - tauI 2
wE: 600 - wI 900
Gamma factor: 4.168031337538176
taueE: 1 - tauI 2
wE: 600 - wI 1000
Gamma factor: 4.292225158975728
taueE: 1 - tauI 0.1
wE: 700 - wI 500
Gamma factor: 7.579593908143735
taueE: 1 - tauI 0.1
wE: 700 - wI 600
Gamma factor: 7.610827220941318
taueE: 1 - tauI 0.1
wE: 700 - wI 700
Gamma factor: 7.775662698334388
taueE: 1 - tauI 0.1
wE: 700 - wI 800
Gamma factor: 7.430947998337356
taueE: 1 - tauI 0.1
wE: 700 - wI 900
Gamma factor: 7.486571060062837
taueE: 1 - tauI 0.1
wE: 700 - wI 1000
Gamma factor: 7.493044021652276
taueE: 1 - tauI 0.5
wE: 700 - wI 500
Gamma factor: 6.9260952903548025
taueE: 1 - tauI 0.5
wE: 700 - wI 600
Gamma factor: 7.006166604195344
taueE: 1 - tauI 0.5
wE: 700 - wI 700
Gamma factor: 6.823808087438081
taueE: 1 - tauI 0.5
wE: 700 - wI 800
Gamma factor: 7.07339804244104
taueE: 1 - tauI 0.5
wE: 700 - wI 900
Gamma factor: 6.618348297592423
taueE: 1 - tauI 0.5
wE: 700 - wI 1000
Gamma factor: 6.6125951733321395
taueE: 1 - tauI 1
wE: 700 - wI 500
Gamma factor: 6.792502650004948
taueE: 1 - tauI 1
wE: 700 - wI 600
Gamma factor: 6.780682796764718
taueE: 1 - tauI 1
wE: 700 - wI 700
Gamma factor: 6.449742054130446
taueE: 1 - tauI 1
wE: 700 - wI 800
Gamma factor: 6.6951451640373065
taueE: 1 - tauI 1
wE: 700 - wI 900
Gamma factor: 6.700051638483233
taueE: 1 - tauI 1
wE: 700 - wI 1000
Gamma factor: 6.464711577330605
taueE: 1 - tauI 1.5
wE: 700 - wI 500
Gamma factor: 6.68312441246835
taueE: 1 - tauI 1.5
wE: 700 - wI 600
Gamma factor: 6.366163260132808
taueE: 1 - tauI 1.5
wE: 700 - wI 700
Gamma factor: 6.26262262195443
taueE: 1 - tauI 1.5
wE: 700 - wI 800
Gamma factor: 6.129829566566071
taueE: 1 - tauI 1.5
wE: 700 - wI 900
Gamma factor: 6.244778299627381
taueE: 1 - tauI 1.5
wE: 700 - wI 1000
Gamma factor: 6.10679885256171
taueE: 1 - tauI 2
wE: 700 - wI 500
Gamma factor: 6.070731274596652
taueE: 1 - tauI 2
wE: 700 - wI 600
Gamma factor: 5.987539859786995
taueE: 1 - tauI 2
wE: 700 - wI 700
Gamma factor: 5.742928948896278
taueE: 1 - tauI 2
wE: 700 - wI 800
Gamma factor: 5.677187215349842
taueE: 1 - tauI 2
wE: 700 - wI 900
Gamma factor: 5.416428230197088
taueE: 1 - tauI 2
wE: 700 - wI 1000
Gamma factor: 5.6961810048149095
taueE: 1 - tauI 0.1
wE: 800 - wI 500
Gamma factor: 8.833157819673513
taueE: 1 - tauI 0.1
wE: 800 - wI 600
Gamma factor: 9.11014139098568
taueE: 1 - tauI 0.1
wE: 800 - wI 700
Gamma factor: 8.962110729339198
taueE: 1 - tauI 0.1
wE: 800 - wI 800
Gamma factor: 8.78022368033357
taueE: 1 - tauI 0.1
wE: 800 - wI 900
Gamma factor: 8.54051521432174
taueE: 1 - tauI 0.1
wE: 800 - wI 1000
Gamma factor: 8.284688190664703
taueE: 1 - tauI 0.5
wE: 800 - wI 500
Gamma factor: 8.513919197792301
taueE: 1 - tauI 0.5
wE: 800 - wI 600
Gamma factor: 8.300806827284173
taueE: 1 - tauI 0.5
wE: 800 - wI 700
Gamma factor: 8.279734913439206
taueE: 1 - tauI 0.5
wE: 800 - wI 800
Gamma factor: 8.388218314789471
taueE: 1 - tauI 0.5
wE: 800 - wI 900
Gamma factor: 7.878927123727024
taueE: 1 - tauI 0.5
wE: 800 - wI 1000
Gamma factor: 8.253252764122392
taueE: 1 - tauI 1
wE: 800 - wI 500
Gamma factor: 8.202299310331913
taueE: 1 - tauI 1
wE: 800 - wI 600
Gamma factor: 7.848435687675672
taueE: 1 - tauI 1
wE: 800 - wI 700
Gamma factor: 7.784546944644659
taueE: 1 - tauI 1
wE: 800 - wI 800
Gamma factor: 7.7452205459897545
taueE: 1 - tauI 1
wE: 800 - wI 900
Gamma factor: 7.710411061658811
taueE: 1 - tauI 1
wE: 800 - wI 1000
Gamma factor: 7.804216274139215
taueE: 1 - tauI 1.5
wE: 800 - wI 500
Gamma factor: 7.551093277693321
taueE: 1 - tauI 1.5
wE: 800 - wI 600
Gamma factor: 7.675603997465127
taueE: 1 - tauI 1.5
wE: 800 - wI 700
Gamma factor: 7.564788527229015
taueE: 1 - tauI 1.5
wE: 800 - wI 800
Gamma factor: 7.4770584791713715
taueE: 1 - tauI 1.5
wE: 800 - wI 900
Gamma factor: 7.207760783449679
taueE: 1 - tauI 1.5
wE: 800 - wI 1000
Gamma factor: 7.135977070421383
taueE: 1 - tauI 2
wE: 800 - wI 500
Gamma factor: 7.6225178168843915
taueE: 1 - tauI 2
wE: 800 - wI 600
Gamma factor: 7.015611652460797
taueE: 1 - tauI 2
wE: 800 - wI 700
Gamma factor: 6.993744303250948
taueE: 1 - tauI 2
wE: 800 - wI 800
Gamma factor: 7.113051689831584
taueE: 1 - tauI 2
wE: 800 - wI 900
Gamma factor: 7.057166874845176
taueE: 1 - tauI 2
wE: 800 - wI 1000
Gamma factor: 7.195517259515537
taueE: 1 - tauI 0.1
wE: 900 - wI 500
Gamma factor: 10.179045427513056
taueE: 1 - tauI 0.1
wE: 900 - wI 600
Gamma factor: 10.620040135961158
taueE: 1 - tauI 0.1
wE: 900 - wI 700
Gamma factor: 10.66998506959737
taueE: 1 - tauI 0.1
wE: 900 - wI 800
Gamma factor: 11.0670858767788
taueE: 1 - tauI 0.1
wE: 900 - wI 900
Gamma factor: 10.584443660679389
taueE: 1 - tauI 0.1
wE: 900 - wI 1000
Gamma factor: 9.98700768247371
taueE: 1 - tauI 0.5
wE: 900 - wI 500
Gamma factor: 10.512365256533197
taueE: 1 - tauI 0.5
wE: 900 - wI 600
Gamma factor: 9.657631939571043
taueE: 1 - tauI 0.5
wE: 900 - wI 700
Gamma factor: 9.661530603250135
taueE: 1 - tauI 0.5
wE: 900 - wI 800
Gamma factor: 9.49113476378104
taueE: 1 - tauI 0.5
wE: 900 - wI 900
Gamma factor: 10.142814648343037
taueE: 1 - tauI 0.5
wE: 900 - wI 1000
Gamma factor: 10.160228131999915
taueE: 1 - tauI 1
wE: 900 - wI 500
Gamma factor: 9.502852252097174
taueE: 1 - tauI 1
wE: 900 - wI 600
Gamma factor: 9.242694069522006
taueE: 1 - tauI 1
wE: 900 - wI 700
Gamma factor: 8.965686734964505
taueE: 1 - tauI 1
wE: 900 - wI 800
Gamma factor: 9.213778288589943
taueE: 1 - tauI 1
wE: 900 - wI 900
Gamma factor: 8.854920111497332
taueE: 1 - tauI 1
wE: 900 - wI 1000
Gamma factor: 8.872716468226304
taueE: 1 - tauI 1.5
wE: 900 - wI 500
Gamma factor: 9.233596623673975
taueE: 1 - tauI 1.5
wE: 900 - wI 600
Gamma factor: 9.20277167436932
taueE: 1 - tauI 1.5
wE: 900 - wI 700
Gamma factor: 9.101060442099229
taueE: 1 - tauI 1.5
wE: 900 - wI 800
Gamma factor: 8.62222710434346
taueE: 1 - tauI 1.5
wE: 900 - wI 900
Gamma factor: 8.799888647478763
taueE: 1 - tauI 1.5
wE: 900 - wI 1000
Gamma factor: 8.538627967580535
taueE: 1 - tauI 2
wE: 900 - wI 500
Gamma factor: 8.887800013231093
taueE: 1 - tauI 2
wE: 900 - wI 600
Gamma factor: 8.940708433337903
taueE: 1 - tauI 2
wE: 900 - wI 700
Gamma factor: 8.266813249683448
taueE: 1 - tauI 2
wE: 900 - wI 800
Gamma factor: 8.39062338873308
taueE: 1 - tauI 2
wE: 900 - wI 900
Gamma factor: 7.855161396403345
taueE: 1 - tauI 2
wE: 900 - wI 1000
Gamma factor: 8.191470668873269
taueE: 1 - tauI 0.1
wE: 1000 - wI 500
Gamma factor: 13.038588229116467
taueE: 1 - tauI 0.1
wE: 1000 - wI 600
Gamma factor: 12.729520357284713
taueE: 1 - tauI 0.1
wE: 1000 - wI 700
Gamma factor: 12.58591893623662
taueE: 1 - tauI 0.1
wE: 1000 - wI 800
Gamma factor: 12.854804653550932
taueE: 1 - tauI 0.1
wE: 1000 - wI 900
Gamma factor: 12.366017972899973
taueE: 1 - tauI 0.1
wE: 1000 - wI 1000
Gamma factor: 12.563058881148772
taueE: 1 - tauI 0.5
wE: 1000 - wI 500
Gamma factor: 11.717790742495975
taueE: 1 - tauI 0.5
wE: 1000 - wI 600
Gamma factor: 11.567802945551126
taueE: 1 - tauI 0.5
wE: 1000 - wI 700
Gamma factor: 11.785921855787052
taueE: 1 - tauI 0.5
wE: 1000 - wI 800
Gamma factor: 11.723001677766678
taueE: 1 - tauI 0.5
wE: 1000 - wI 900
Gamma factor: 11.259236552477217
taueE: 1 - tauI 0.5
wE: 1000 - wI 1000
Gamma factor: 11.89345368132015
taueE: 1 - tauI 1
wE: 1000 - wI 500
Gamma factor: 11.79885523971349
taueE: 1 - tauI 1
wE: 1000 - wI 600
Gamma factor: 11.22263507196738
taueE: 1 - tauI 1
wE: 1000 - wI 700
Gamma factor: 11.150498950557495
taueE: 1 - tauI 1
wE: 1000 - wI 800
Gamma factor: 10.872022120403816
taueE: 1 - tauI 1
wE: 1000 - wI 900
Gamma factor: 10.869170855774986
taueE: 1 - tauI 1
wE: 1000 - wI 1000
Gamma factor: 10.579869953968245
taueE: 1 - tauI 1.5
wE: 1000 - wI 500
Gamma factor: 11.162221509897341
taueE: 1 - tauI 1.5
wE: 1000 - wI 600
Gamma factor: 10.30984911075915
taueE: 1 - tauI 1.5
wE: 1000 - wI 700
Gamma factor: 10.779903706261983
taueE: 1 - tauI 1.5
wE: 1000 - wI 800
Gamma factor: 10.282396089841571
taueE: 1 - tauI 1.5
wE: 1000 - wI 900
Gamma factor: 10.007908572682412
taueE: 1 - tauI 1.5
wE: 1000 - wI 1000
Gamma factor: 9.773770121808493
taueE: 1 - tauI 2
wE: 1000 - wI 500
Gamma factor: 10.453071019984282
taueE: 1 - tauI 2
wE: 1000 - wI 600
Gamma factor: 10.529779735717542
taueE: 1 - tauI 2
wE: 1000 - wI 700
Gamma factor: 9.78561554591282
taueE: 1 - tauI 2
wE: 1000 - wI 800
Gamma factor: 9.880508675337026
taueE: 1 - tauI 2
wE: 1000 - wI 900
Gamma factor: 9.130400861188093
taueE: 1 - tauI 2
wE: 1000 - wI 1000
Gamma factor: 9.269990213555971
Final Candidate
[0 0 0 0] 0.0
0.1 500 0.1 500
***********  DONE  ***********
